2015-05-28 15:16:02  ====================================================================================================
2015-05-28 15:16:03  Regression started
2015-05-28 15:16:03  ====================================================================================================
2015-05-28 15:16:03  CASING\WellCasing.sql                                                            [Started]
2015-05-28 15:16:03  FORMATION\DistinctFormationAli.sql                                               [Started]
2015-05-28 15:16:03  FORMATION\DistinctFormations.sql                                                 [Started]
2015-05-28 15:16:03  FORMATION\DistinctFormationsWithActive.sql                                       [Started]
2015-05-28 15:16:03  FORMATION\FormationLookup.sql                                                    [Started]
2015-05-28 15:16:03  command => ['C:\\Program Files (x86)\\GeoGraphix\\SQL Anywhere 12\\BIN32\\dbisql.com', '-q', '-c', 'UID=dba;PWD=sql;DBF=D:\\Samples\\GXDBRegression\\GXDBRegression\\Chuck J White Full Horizontal Demo SEG-3D 8353 9209 10004_10065RCG\\gxdb.db', 'D:\\Samples\\GXDBRegression\\GXDBRegression\\EagleFord\\Results\\FORMATION\\DistinctFormationAli.sql']
2015-05-28 15:16:03  FORMATION\FormationSources.sql                                                   [Started]
2015-05-28 15:16:03  FORMATION\OrderedFormations.sql                                                  [Started]
2015-05-28 15:16:03  command => ['C:\\Program Files (x86)\\GeoGraphix\\SQL Anywhere 12\\BIN32\\dbisql.com', '-q', '-c', 'UID=dba;PWD=sql;DBF=D:\\Samples\\GXDBRegression\\GXDBRegression\\Chuck J White Full Horizontal Demo SEG-3D 8353 9209 10004_10065RCG\\gxdb.db', 'D:\\Samples\\GXDBRegression\\GXDBRegression\\EagleFord\\Results\\FORMATION\\DistinctFormations.sql']
2015-05-28 15:16:03  GGX_MICROSEISMIC_MSEVENT\MicroseismicEvents.sql                                  [Started]
2015-05-28 15:16:03  command => ['C:\\Program Files (x86)\\GeoGraphix\\SQL Anywhere 12\\BIN32\\dbisql.com', '-q', '-c', 'UID=dba;PWD=sql;DBF=D:\\Samples\\GXDBRegression\\GXDBRegression\\Chuck J White Full Horizontal Demo SEG-3D 8353 9209 10004_10065RCG\\gxdb.db', 'D:\\Samples\\GXDBRegression\\GXDBRegression\\EagleFord\\Results\\FORMATION\\DistinctFormationsWithActive.sql']
2015-05-28 15:16:03  command => ['C:\\Program Files (x86)\\GeoGraphix\\SQL Anywhere 12\\BIN32\\dbisql.com', '-q', '-c', 'UID=dba;PWD=sql;DBF=D:\\Samples\\GXDBRegression\\GXDBRegression\\Chuck J White Full Horizontal Demo SEG-3D 8353 9209 10004_10065RCG\\gxdb.db', 'D:\\Samples\\GXDBRegression\\GXDBRegression\\EagleFord\\Results\\FORMATION\\FormationSources.sql']
2015-05-28 15:16:03  GGX_MICROSEISMIC_PRESSURE\MicroseismicPressures.sql                              [Started]
2015-05-28 15:16:03  command => ['C:\\Program Files (x86)\\GeoGraphix\\SQL Anywhere 12\\BIN32\\dbisql.com', '-q', '-c', 'UID=dba;PWD=sql;DBF=D:\\Samples\\GXDBRegression\\GXDBRegression\\Chuck J White Full Horizontal Demo SEG-3D 8353 9209 10004_10065RCG\\gxdb.db', 'D:\\Samples\\GXDBRegression\\GXDBRegression\\EagleFord\\Results\\FORMATION\\FormationLookup.sql']
2015-05-28 15:16:03  command => ['C:\\Program Files (x86)\\GeoGraphix\\SQL Anywhere 12\\BIN32\\dbisql.com', '-q', '-c', 'UID=dba;PWD=sql;DBF=D:\\Samples\\GXDBRegression\\GXDBRegression\\Chuck J White Full Horizontal Demo SEG-3D 8353 9209 10004_10065RCG\\gxdb.db', 'D:\\Samples\\GXDBRegression\\GXDBRegression\\EagleFord\\Results\\CASING\\WellCasing.sql']
2015-05-28 15:16:03  GX_PDEN_VOL_SUM_BY_MONTH\AllocatedMonthlyProduction.sql                          [Started]
2015-05-28 15:16:03  GX_PDEN_VOL_SUM_BY_MONTH\AllocatedMonthlyProductionTest.sql                      [Started]
2015-05-28 15:16:03  GX_PDEN_VOL_SUM_BY_MONTH\WellCumulativeProduction.sql                            [Started]
2015-05-28 15:16:03  command => ['C:\\Program Files (x86)\\GeoGraphix\\SQL Anywhere 12\\BIN32\\dbisql.com', '-q', '-c', 'UID=dba;PWD=sql;DBF=D:\\Samples\\GXDBRegression\\GXDBRegression\\Chuck J White Full Horizontal Demo SEG-3D 8353 9209 10004_10065RCG\\gxdb.db', 'D:\\Samples\\GXDBRegression\\GXDBRegression\\EagleFord\\Results\\GGX_MICROSEISMIC_PRESSURE\\MicroseismicPressures.sql']
2015-05-28 15:16:03  command => ['C:\\Program Files (x86)\\GeoGraphix\\SQL Anywhere 12\\BIN32\\dbisql.com', '-q', '-c', 'UID=dba;PWD=sql;DBF=D:\\Samples\\GXDBRegression\\GXDBRegression\\Chuck J White Full Horizontal Demo SEG-3D 8353 9209 10004_10065RCG\\gxdb.db', 'D:\\Samples\\GXDBRegression\\GXDBRegression\\EagleFord\\Results\\GGX_MICROSEISMIC_MSEVENT\\MicroseismicEvents.sql']
2015-05-28 15:16:03  GX_PDEN_VOL_SUM_BY_MONTH\WellMonthlyCumProduction.sql                            [Started]
2015-05-28 15:16:03  GX_PDEN_VOL_SUM_BY_MONTH\WellMonthlyProduction.sql                               [Started]
2015-05-28 15:16:03  GX_PDEN_VOL_SUM_BY_MONTH\WellMonthlyProductionByZoneAli.sql                      [Started]
2015-05-28 15:16:03  GX_PDEN_VOL_SUM_BY_MONTH\WellMonthlyYTDProduction.sql                            [Started]
2015-05-28 15:16:03  GX_PDEN_VOL_SUM_BY_MONTH\WellProduction.sql                                      [Started]
2015-05-28 15:16:03  GX_PRODUCTION_TEST\WellProductionTest.sql                                        [Started]
2015-05-28 15:16:04  command => ['C:\\Program Files (x86)\\GeoGraphix\\SQL Anywhere 12\\BIN32\\dbisql.com', '-q', '-c', 'UID=dba;PWD=sql;DBF=D:\\Samples\\GXDBRegression\\GXDBRegression\\Chuck J White Full Horizontal Demo SEG-3D 8353 9209 10004_10065RCG\\gxdb.db', 'D:\\Samples\\GXDBRegression\\GXDBRegression\\EagleFord\\Results\\FORMATION\\OrderedFormations.sql']
2015-05-28 15:16:04  GX_WELL_SYNTHETIC\VelocitySurveysWithSynthetics.sql                              [Started]
2015-05-28 15:16:04  command => ['C:\\Program Files (x86)\\GeoGraphix\\SQL Anywhere 12\\BIN32\\dbisql.com', '-q', '-c', 'UID=dba;PWD=sql;DBF=D:\\Samples\\GXDBRegression\\GXDBRegression\\Chuck J White Full Horizontal Demo SEG-3D 8353 9209 10004_10065RCG\\gxdb.db', 'D:\\Samples\\GXDBRegression\\GXDBRegression\\EagleFord\\Results\\GX_PDEN_VOL_SUM_BY_MONTH\\AllocatedMonthlyProduction.sql']
2015-05-28 15:16:04  command => ['C:\\Program Files (x86)\\GeoGraphix\\SQL Anywhere 12\\BIN32\\dbisql.com', '-q', '-c', 'UID=dba;PWD=sql;DBF=D:\\Samples\\GXDBRegression\\GXDBRegression\\Chuck J White Full Horizontal Demo SEG-3D 8353 9209 10004_10065RCG\\gxdb.db', 'D:\\Samples\\GXDBRegression\\GXDBRegression\\EagleFord\\Results\\GX_PDEN_VOL_SUM_BY_MONTH\\WellMonthlyCumProduction.sql']
2015-05-28 15:16:04  command => ['C:\\Program Files (x86)\\GeoGraphix\\SQL Anywhere 12\\BIN32\\dbisql.com', '-q', '-c', 'UID=dba;PWD=sql;DBF=D:\\Samples\\GXDBRegression\\GXDBRegression\\Chuck J White Full Horizontal Demo SEG-3D 8353 9209 10004_10065RCG\\gxdb.db', 'D:\\Samples\\GXDBRegression\\GXDBRegression\\EagleFord\\Results\\GX_PDEN_VOL_SUM_BY_MONTH\\AllocatedMonthlyProductionTest.sql']
2015-05-28 15:16:04  command => ['C:\\Program Files (x86)\\GeoGraphix\\SQL Anywhere 12\\BIN32\\dbisql.com', '-q', '-c', 'UID=dba;PWD=sql;DBF=D:\\Samples\\GXDBRegression\\GXDBRegression\\Chuck J White Full Horizontal Demo SEG-3D 8353 9209 10004_10065RCG\\gxdb.db', 'D:\\Samples\\GXDBRegression\\GXDBRegression\\EagleFord\\Results\\GX_PDEN_VOL_SUM_BY_MONTH\\WellMonthlyProductionByZoneAli.sql']
2015-05-28 15:16:04  GX_WELL_SYNTHETIC\WellSynthetic.sql                                              [Started]
2015-05-28 15:16:04  command => ['C:\\Program Files (x86)\\GeoGraphix\\SQL Anywhere 12\\BIN32\\dbisql.com', '-q', '-c', 'UID=dba;PWD=sql;DBF=D:\\Samples\\GXDBRegression\\GXDBRegression\\Chuck J White Full Horizontal Demo SEG-3D 8353 9209 10004_10065RCG\\gxdb.db', 'D:\\Samples\\GXDBRegression\\GXDBRegression\\EagleFord\\Results\\GX_PDEN_VOL_SUM_BY_MONTH\\WellMonthlyProduction.sql']
2015-05-28 15:16:04  command => ['C:\\Program Files (x86)\\GeoGraphix\\SQL Anywhere 12\\BIN32\\dbisql.com', '-q', '-c', 'UID=dba;PWD=sql;DBF=D:\\Samples\\GXDBRegression\\GXDBRegression\\Chuck J White Full Horizontal Demo SEG-3D 8353 9209 10004_10065RCG\\gxdb.db', 'D:\\Samples\\GXDBRegression\\GXDBRegression\\EagleFord\\Results\\GX_PDEN_VOL_SUM_BY_MONTH\\WellProduction.sql']
2015-05-28 15:16:04  GX_ZATTRIBUTE\GXZAttribute.sql                                                   [Started]
2015-05-28 15:16:04  command => ['C:\\Program Files (x86)\\GeoGraphix\\SQL Anywhere 12\\BIN32\\dbisql.com', '-q', '-c', 'UID=dba;PWD=sql;DBF=D:\\Samples\\GXDBRegression\\GXDBRegression\\Chuck J White Full Horizontal Demo SEG-3D 8353 9209 10004_10065RCG\\gxdb.db', 'D:\\Samples\\GXDBRegression\\GXDBRegression\\EagleFord\\Results\\GX_PDEN_VOL_SUM_BY_MONTH\\WellCumulativeProduction.sql']
2015-05-28 15:16:04  command => ['C:\\Program Files (x86)\\GeoGraphix\\SQL Anywhere 12\\BIN32\\dbisql.com', '-q', '-c', 'UID=dba;PWD=sql;DBF=D:\\Samples\\GXDBRegression\\GXDBRegression\\Chuck J White Full Horizontal Demo SEG-3D 8353 9209 10004_10065RCG\\gxdb.db', 'D:\\Samples\\GXDBRegression\\GXDBRegression\\EagleFord\\Results\\GX_PRODUCTION_TEST\\WellProductionTest.sql']
2015-05-28 15:16:04  command => ['C:\\Program Files (x86)\\GeoGraphix\\SQL Anywhere 12\\BIN32\\dbisql.com', '-q', '-c', 'UID=dba;PWD=sql;DBF=D:\\Samples\\GXDBRegression\\GXDBRegression\\Chuck J White Full Horizontal Demo SEG-3D 8353 9209 10004_10065RCG\\gxdb.db', 'D:\\Samples\\GXDBRegression\\GXDBRegression\\EagleFord\\Results\\GX_PDEN_VOL_SUM_BY_MONTH\\WellMonthlyYTDProduction.sql']
2015-05-28 15:16:04  command => ['C:\\Program Files (x86)\\GeoGraphix\\SQL Anywhere 12\\BIN32\\dbisql.com', '-q', '-c', 'UID=dba;PWD=sql;DBF=D:\\Samples\\GXDBRegression\\GXDBRegression\\Chuck J White Full Horizontal Demo SEG-3D 8353 9209 10004_10065RCG\\gxdb.db', 'D:\\Samples\\GXDBRegression\\GXDBRegression\\EagleFord\\Results\\GX_WELL_SYNTHETIC\\VelocitySurveysWithSynthetics.sql']
2015-05-28 15:16:04  GX_ZONE\GXZone.sql                                                               [Started]
2015-05-28 15:16:04  GX_ZONE\WellZoneAttributeValues.sql                                              [Started]
2015-05-28 15:16:04  command => ['C:\\Program Files (x86)\\GeoGraphix\\SQL Anywhere 12\\BIN32\\dbisql.com', '-q', '-c', 'UID=dba;PWD=sql;DBF=D:\\Samples\\GXDBRegression\\GXDBRegression\\Chuck J White Full Horizontal Demo SEG-3D 8353 9209 10004_10065RCG\\gxdb.db', 'D:\\Samples\\GXDBRegression\\GXDBRegression\\EagleFord\\Results\\GX_WELL_SYNTHETIC\\WellSynthetic.sql']
2015-05-28 15:16:04  command => ['C:\\Program Files (x86)\\GeoGraphix\\SQL Anywhere 12\\BIN32\\dbisql.com', '-q', '-c', 'UID=dba;PWD=sql;DBF=D:\\Samples\\GXDBRegression\\GXDBRegression\\Chuck J White Full Horizontal Demo SEG-3D 8353 9209 10004_10065RCG\\gxdb.db', 'D:\\Samples\\GXDBRegression\\GXDBRegression\\EagleFord\\Results\\GX_ZATTRIBUTE\\GXZAttribute.sql']
2015-05-28 15:16:04  GX_ZONE_ZATTRIBUTE\GXZoneZAttribute.sql                                          [Started]
2015-05-28 15:16:04  R_SOURCE\DistinctSources.sql                                                     [Started]
2015-05-28 15:16:04  command => ['C:\\Program Files (x86)\\GeoGraphix\\SQL Anywhere 12\\BIN32\\dbisql.com', '-q', '-c', 'UID=dba;PWD=sql;DBF=D:\\Samples\\GXDBRegression\\GXDBRegression\\Chuck J White Full Horizontal Demo SEG-3D 8353 9209 10004_10065RCG\\gxdb.db', 'D:\\Samples\\GXDBRegression\\GXDBRegression\\EagleFord\\Results\\GX_ZONE\\GXZone.sql']
2015-05-28 15:16:04  R_SOURCE\FaultsSources.sql                                                       [Started]
2015-05-28 15:16:04  R_SOURCE\FormationsOrderedBySource.sql                                           [Started]
2015-05-28 15:16:04  command => ['C:\\Program Files (x86)\\GeoGraphix\\SQL Anywhere 12\\BIN32\\dbisql.com', '-q', '-c', 'UID=dba;PWD=sql;DBF=D:\\Samples\\GXDBRegression\\GXDBRegression\\Chuck J White Full Horizontal Demo SEG-3D 8353 9209 10004_10065RCG\\gxdb.db', 'D:\\Samples\\GXDBRegression\\GXDBRegression\\EagleFord\\Results\\R_SOURCE\\DistinctSources.sql']
2015-05-28 15:16:04  command => ['C:\\Program Files (x86)\\GeoGraphix\\SQL Anywhere 12\\BIN32\\dbisql.com', '-q', '-c', 'UID=dba;PWD=sql;DBF=D:\\Samples\\GXDBRegression\\GXDBRegression\\Chuck J White Full Horizontal Demo SEG-3D 8353 9209 10004_10065RCG\\gxdb.db', 'D:\\Samples\\GXDBRegression\\GXDBRegression\\EagleFord\\Results\\GX_ZONE_ZATTRIBUTE\\GXZoneZAttribute.sql']
2015-05-28 15:16:04  R_SOURCE\FormationSources.sql                                                    [Started]
2015-05-28 15:16:04  STRATIGRAPHIC_COLUMN\STRATIGRAPHIC_COLUMN.sql                                    [Started]
2015-05-28 15:16:04  command => ['C:\\Program Files (x86)\\GeoGraphix\\SQL Anywhere 12\\BIN32\\dbisql.com', '-q', '-c', 'UID=dba;PWD=sql;DBF=D:\\Samples\\GXDBRegression\\GXDBRegression\\Chuck J White Full Horizontal Demo SEG-3D 8353 9209 10004_10065RCG\\gxdb.db', 'D:\\Samples\\GXDBRegression\\GXDBRegression\\EagleFord\\Results\\GX_ZONE\\WellZoneAttributeValues.sql']
2015-05-28 15:16:04  TUBING\WellTubing.sql                                                            [Started]
2015-05-28 15:16:04  command => ['C:\\Program Files (x86)\\GeoGraphix\\SQL Anywhere 12\\BIN32\\dbisql.com', '-q', '-c', 'UID=dba;PWD=sql;DBF=D:\\Samples\\GXDBRegression\\GXDBRegression\\Chuck J White Full Horizontal Demo SEG-3D 8353 9209 10004_10065RCG\\gxdb.db', 'D:\\Samples\\GXDBRegression\\GXDBRegression\\EagleFord\\Results\\R_SOURCE\\FaultsSources.sql']
2015-05-28 15:16:04  Well\LocationGeodatic.sql                                                        [Started]
2015-05-28 15:16:04  Well\WellDataPresent.sql                                                         [Started]
2015-05-28 15:16:04  Well\WellHeader.sql                                                              [Started]
2015-05-28 15:16:04  command => ['C:\\Program Files (x86)\\GeoGraphix\\SQL Anywhere 12\\BIN32\\dbisql.com', '-q', '-c', 'UID=dba;PWD=sql;DBF=D:\\Samples\\GXDBRegression\\GXDBRegression\\Chuck J White Full Horizontal Demo SEG-3D 8353 9209 10004_10065RCG\\gxdb.db', 'D:\\Samples\\GXDBRegression\\GXDBRegression\\EagleFord\\Results\\STRATIGRAPHIC_COLUMN\\STRATIGRAPHIC_COLUMN.sql']
2015-05-28 15:16:04  command => ['C:\\Program Files (x86)\\GeoGraphix\\SQL Anywhere 12\\BIN32\\dbisql.com', '-q', '-c', 'UID=dba;PWD=sql;DBF=D:\\Samples\\GXDBRegression\\GXDBRegression\\Chuck J White Full Horizontal Demo SEG-3D 8353 9209 10004_10065RCG\\gxdb.db', 'D:\\Samples\\GXDBRegression\\GXDBRegression\\EagleFord\\Results\\R_SOURCE\\FormationSources.sql']
2015-05-28 15:16:04  Well\WellHeaderAndBlob.sql                                                       [Started]
2015-05-28 15:16:04  Well\WellHeaderAndLocation.sql                                                   [Started]
2015-05-28 15:16:04  Well\WellHederWithRemarks.sql                                                    [Started]
2015-05-28 15:16:04  command => ['C:\\Program Files (x86)\\GeoGraphix\\SQL Anywhere 12\\BIN32\\dbisql.com', '-q', '-c', 'UID=dba;PWD=sql;DBF=D:\\Samples\\GXDBRegression\\GXDBRegression\\Chuck J White Full Horizontal Demo SEG-3D 8353 9209 10004_10065RCG\\gxdb.db', 'D:\\Samples\\GXDBRegression\\GXDBRegression\\EagleFord\\Results\\Well\\LocationGeodatic.sql']
2015-05-28 15:16:04  command => ['C:\\Program Files (x86)\\GeoGraphix\\SQL Anywhere 12\\BIN32\\dbisql.com', '-q', '-c', 'UID=dba;PWD=sql;DBF=D:\\Samples\\GXDBRegression\\GXDBRegression\\Chuck J White Full Horizontal Demo SEG-3D 8353 9209 10004_10065RCG\\gxdb.db', 'D:\\Samples\\GXDBRegression\\GXDBRegression\\EagleFord\\Results\\TUBING\\WellTubing.sql']
2015-05-28 15:16:04  Well\WellStatuses.sql                                                            [Started]
2015-05-28 15:16:04  command => ['C:\\Program Files (x86)\\GeoGraphix\\SQL Anywhere 12\\BIN32\\dbisql.com', '-q', '-c', 'UID=dba;PWD=sql;DBF=D:\\Samples\\GXDBRegression\\GXDBRegression\\Chuck J White Full Horizontal Demo SEG-3D 8353 9209 10004_10065RCG\\gxdb.db', 'D:\\Samples\\GXDBRegression\\GXDBRegression\\EagleFord\\Results\\R_SOURCE\\FormationsOrderedBySource.sql']
2015-05-28 15:16:04  Well\WellSurveyBH.sql                                                            [Started]
2015-05-28 15:16:04  Well\WellSurveyPicks.sql                                                         [Started]
2015-05-28 15:16:04  Well\Workovers.sql                                                               [Started]
2015-05-28 15:16:04  command => ['C:\\Program Files (x86)\\GeoGraphix\\SQL Anywhere 12\\BIN32\\dbisql.com', '-q', '-c', 'UID=dba;PWD=sql;DBF=D:\\Samples\\GXDBRegression\\GXDBRegression\\Chuck J White Full Horizontal Demo SEG-3D 8353 9209 10004_10065RCG\\gxdb.db', 'D:\\Samples\\GXDBRegression\\GXDBRegression\\EagleFord\\Results\\Well\\WellHeader.sql']
2015-05-28 15:16:04  Well\WorkoversCAP.sql                                                            [Started]
2015-05-28 15:16:04  command => ['C:\\Program Files (x86)\\GeoGraphix\\SQL Anywhere 12\\BIN32\\dbisql.com', '-q', '-c', 'UID=dba;PWD=sql;DBF=D:\\Samples\\GXDBRegression\\GXDBRegression\\Chuck J White Full Horizontal Demo SEG-3D 8353 9209 10004_10065RCG\\gxdb.db', 'D:\\Samples\\GXDBRegression\\GXDBRegression\\EagleFord\\Results\\Well\\WellStatuses.sql']
2015-05-28 15:16:05  command => ['C:\\Program Files (x86)\\GeoGraphix\\SQL Anywhere 12\\BIN32\\dbisql.com', '-q', '-c', 'UID=dba;PWD=sql;DBF=D:\\Samples\\GXDBRegression\\GXDBRegression\\Chuck J White Full Horizontal Demo SEG-3D 8353 9209 10004_10065RCG\\gxdb.db', 'D:\\Samples\\GXDBRegression\\GXDBRegression\\EagleFord\\Results\\Well\\WellSurveyBH.sql']
2015-05-28 15:16:05  command => ['C:\\Program Files (x86)\\GeoGraphix\\SQL Anywhere 12\\BIN32\\dbisql.com', '-q', '-c', 'UID=dba;PWD=sql;DBF=D:\\Samples\\GXDBRegression\\GXDBRegression\\Chuck J White Full Horizontal Demo SEG-3D 8353 9209 10004_10065RCG\\gxdb.db', 'D:\\Samples\\GXDBRegression\\GXDBRegression\\EagleFord\\Results\\Well\\WellSurveyPicks.sql']
2015-05-28 15:16:05  WELL_CHECKSHOT_DETAIL\WellCheckshotDetail.sql                                    [Started]
2015-05-28 15:16:05  command => ['C:\\Program Files (x86)\\GeoGraphix\\SQL Anywhere 12\\BIN32\\dbisql.com', '-q', '-c', 'UID=dba;PWD=sql;DBF=D:\\Samples\\GXDBRegression\\GXDBRegression\\Chuck J White Full Horizontal Demo SEG-3D 8353 9209 10004_10065RCG\\gxdb.db', 'D:\\Samples\\GXDBRegression\\GXDBRegression\\EagleFord\\Results\\Well\\WellHederWithRemarks.sql']
2015-05-28 15:16:05  WELL_CHECKSHOT_DETAIL\WellVelocities.sql                                         [Started]
2015-05-28 15:16:05  command => ['C:\\Program Files (x86)\\GeoGraphix\\SQL Anywhere 12\\BIN32\\dbisql.com', '-q', '-c', 'UID=dba;PWD=sql;DBF=D:\\Samples\\GXDBRegression\\GXDBRegression\\Chuck J White Full Horizontal Demo SEG-3D 8353 9209 10004_10065RCG\\gxdb.db', 'D:\\Samples\\GXDBRegression\\GXDBRegression\\EagleFord\\Results\\Well\\WellHeaderAndBlob.sql']
2015-05-28 15:16:05  command => ['C:\\Program Files (x86)\\GeoGraphix\\SQL Anywhere 12\\BIN32\\dbisql.com', '-q', '-c', 'UID=dba;PWD=sql;DBF=D:\\Samples\\GXDBRegression\\GXDBRegression\\Chuck J White Full Horizontal Demo SEG-3D 8353 9209 10004_10065RCG\\gxdb.db', 'D:\\Samples\\GXDBRegression\\GXDBRegression\\EagleFord\\Results\\Well\\WellHeaderAndLocation.sql']
2015-05-28 15:16:05  WELL_CHECKSHOT_SURVEY\VelocitySurveysWithSynthetics.sql                          [Started]
2015-05-28 15:16:05  command => ['C:\\Program Files (x86)\\GeoGraphix\\SQL Anywhere 12\\BIN32\\dbisql.com', '-q', '-c', 'UID=dba;PWD=sql;DBF=D:\\Samples\\GXDBRegression\\GXDBRegression\\Chuck J White Full Horizontal Demo SEG-3D 8353 9209 10004_10065RCG\\gxdb.db', 'D:\\Samples\\GXDBRegression\\GXDBRegression\\EagleFord\\Results\\Well\\Workovers.sql']
2015-05-28 15:16:05  WELL_CHECKSHOT_SURVEY\WellCheckshotSurvey.sql                                    [Started]
2015-05-28 15:16:05  command => ['C:\\Program Files (x86)\\GeoGraphix\\SQL Anywhere 12\\BIN32\\dbisql.com', '-q', '-c', 'UID=dba;PWD=sql;DBF=D:\\Samples\\GXDBRegression\\GXDBRegression\\Chuck J White Full Horizontal Demo SEG-3D 8353 9209 10004_10065RCG\\gxdb.db', 'D:\\Samples\\GXDBRegression\\GXDBRegression\\EagleFord\\Results\\WELL_CHECKSHOT_DETAIL\\WellCheckshotDetail.sql']
2015-05-28 15:16:05  command => ['C:\\Program Files (x86)\\GeoGraphix\\SQL Anywhere 12\\BIN32\\dbisql.com', '-q', '-c', 'UID=dba;PWD=sql;DBF=D:\\Samples\\GXDBRegression\\GXDBRegression\\Chuck J White Full Horizontal Demo SEG-3D 8353 9209 10004_10065RCG\\gxdb.db', 'D:\\Samples\\GXDBRegression\\GXDBRegression\\EagleFord\\Results\\Well\\WorkoversCAP.sql']
2015-05-28 15:16:05  WELL_CORE\WellCoreDesc.sql                                                       [Started]
2015-05-28 15:16:05  command => ['C:\\Program Files (x86)\\GeoGraphix\\SQL Anywhere 12\\BIN32\\dbisql.com', '-q', '-c', 'UID=dba;PWD=sql;DBF=D:\\Samples\\GXDBRegression\\GXDBRegression\\Chuck J White Full Horizontal Demo SEG-3D 8353 9209 10004_10065RCG\\gxdb.db', 'D:\\Samples\\GXDBRegression\\GXDBRegression\\EagleFord\\Results\\WELL_CHECKSHOT_SURVEY\\VelocitySurveysWithSynthetics.sql']
2015-05-28 15:16:05  WELL_CORE_SAMPLE_ANAL\WellCoreAnalysis.sql                                       [Started]
2015-05-28 15:16:05  command => ['C:\\Program Files (x86)\\GeoGraphix\\SQL Anywhere 12\\BIN32\\dbisql.com', '-q', '-c', 'UID=dba;PWD=sql;DBF=D:\\Samples\\GXDBRegression\\GXDBRegression\\Chuck J White Full Horizontal Demo SEG-3D 8353 9209 10004_10065RCG\\gxdb.db', 'D:\\Samples\\GXDBRegression\\GXDBRegression\\EagleFord\\Results\\WELL_CHECKSHOT_DETAIL\\WellVelocities.sql']
2015-05-28 15:16:05  WELL_DIR_PROPOSED_SRVY\WellProposedSurveyDir.sql                                 [Started]
2015-05-28 15:16:05  command => ['C:\\Program Files (x86)\\GeoGraphix\\SQL Anywhere 12\\BIN32\\dbisql.com', '-q', '-c', 'UID=dba;PWD=sql;DBF=D:\\Samples\\GXDBRegression\\GXDBRegression\\Chuck J White Full Horizontal Demo SEG-3D 8353 9209 10004_10065RCG\\gxdb.db', 'D:\\Samples\\GXDBRegression\\GXDBRegression\\EagleFord\\Results\\WELL_CHECKSHOT_SURVEY\\WellCheckshotSurvey.sql']
2015-05-28 15:16:05  command => ['C:\\Program Files (x86)\\GeoGraphix\\SQL Anywhere 12\\BIN32\\dbisql.com', '-q', '-c', 'UID=dba;PWD=sql;DBF=D:\\Samples\\GXDBRegression\\GXDBRegression\\Chuck J White Full Horizontal Demo SEG-3D 8353 9209 10004_10065RCG\\gxdb.db', 'D:\\Samples\\GXDBRegression\\GXDBRegression\\EagleFord\\Results\\WELL_CORE\\WellCoreDesc.sql']
2015-05-28 15:16:05  WELL_DIR_PROPOSED_SRVY_STATION\ProposedSurveyStations.sql                        [Started]
2015-05-28 15:16:05  command => ['C:\\Program Files (x86)\\GeoGraphix\\SQL Anywhere 12\\BIN32\\dbisql.com', '-q', '-c', 'UID=dba;PWD=sql;DBF=D:\\Samples\\GXDBRegression\\GXDBRegression\\Chuck J White Full Horizontal Demo SEG-3D 8353 9209 10004_10065RCG\\gxdb.db', 'D:\\Samples\\GXDBRegression\\GXDBRegression\\EagleFord\\Results\\Well\\WellDataPresent.sql']
2015-05-28 15:16:05  Well_Dir_Srvy\DSS_Well.sql                                                       [Started]
2015-05-28 15:16:05  Well_Dir_Srvy\WellDataPresent.sql                                                [Started]
2015-05-28 15:16:05  command => ['C:\\Program Files (x86)\\GeoGraphix\\SQL Anywhere 12\\BIN32\\dbisql.com', '-q', '-c', 'UID=dba;PWD=sql;DBF=D:\\Samples\\GXDBRegression\\GXDBRegression\\Chuck J White Full Horizontal Demo SEG-3D 8353 9209 10004_10065RCG\\gxdb.db', 'D:\\Samples\\GXDBRegression\\GXDBRegression\\EagleFord\\Results\\WELL_DIR_PROPOSED_SRVY\\WellProposedSurveyDir.sql']
2015-05-28 15:16:05  Well_Dir_Srvy\WellSurveyDir.sql                                                  [Started]
2015-05-28 15:16:05  Well_Dir_Srvy\WellSurveys.sql                                                    [Started]
2015-05-28 15:16:05  command => ['C:\\Program Files (x86)\\GeoGraphix\\SQL Anywhere 12\\BIN32\\dbisql.com', '-q', '-c', 'UID=dba;PWD=sql;DBF=D:\\Samples\\GXDBRegression\\GXDBRegression\\Chuck J White Full Horizontal Demo SEG-3D 8353 9209 10004_10065RCG\\gxdb.db', 'D:\\Samples\\GXDBRegression\\GXDBRegression\\EagleFord\\Results\\Well_Dir_Srvy\\DSS_Well.sql']
2015-05-28 15:16:05  Well_Dir_Srvy\Workovers.sql                                                      [Started]
2015-05-28 15:16:05  Well_Dir_Srvy\Workovers12.sql                                                    [Started]
2015-05-28 15:16:05  Well_Dir_Srvy\WorkoversCAP.sql                                                   [Started]
2015-05-28 15:16:05  Well_Dir_Srvy_Station\DSS_SurveyStations.sql                                     [Started]
2015-05-28 15:16:05  command => ['C:\\Program Files (x86)\\GeoGraphix\\SQL Anywhere 12\\BIN32\\dbisql.com', '-q', '-c', 'UID=dba;PWD=sql;DBF=D:\\Samples\\GXDBRegression\\GXDBRegression\\Chuck J White Full Horizontal Demo SEG-3D 8353 9209 10004_10065RCG\\gxdb.db', 'D:\\Samples\\GXDBRegression\\GXDBRegression\\EagleFord\\Results\\WELL_CORE_SAMPLE_ANAL\\WellCoreAnalysis.sql']
2015-05-28 15:16:05  Well_Dir_Srvy_Station\SurveyStations.sql                                         [Started]
2015-05-28 15:16:05  Well_Dir_Srvy_Station\WellDataPresent.sql                                        [Started]
2015-05-28 15:16:05  WELL_FAULT\Faults.sql                                                            [Started]
2015-05-28 15:16:05  WELL_TEST\DSTChamberTest.sql                                                     [Started]
2015-05-28 15:16:05  WELL_TEST\DSTFluidPropertiesTest.sql                                             [Started]
2015-05-28 15:16:05  WELL_TEST\DSTHeader.sql                                                          [Started]
2015-05-28 15:16:05  WELL_TEST\DSTPipesTest.sql                                                       [Started]
2015-05-28 15:16:05  WELL_TEST\DSTPressureTest.sql                                                    [Started]
2015-05-28 15:16:05  WELL_TEST\DSTsTest.sql                                                           [Started]
2015-05-28 15:16:05  WELL_TEST\DSTSurfacesTest.sql                                                    [Started]
2015-05-28 15:16:05  WELL_TEST\InitialPotentials.sql                                                  [Started]
2015-05-28 15:16:05  WELL_TEST_ANALYSIS\DistinctFluidType.sql                                         [Started]
2015-05-28 15:16:05  WELL_TEST_ANALYSIS\DSTFluidProperties.sql                                        [Started]
2015-05-28 15:16:05  WELL_TEST_ANALYSIS\DSTFluidPropertiesTest.sql                                    [Started]
2015-05-28 15:16:05  WELL_TEST_FLOW\DSTSurfaces.sql                                                   [Started]
2015-05-28 15:16:05  WELL_TEST_FLOW\DSTSurfacesTest.sql                                               [Started]
2015-05-28 15:16:05  WELL_TEST_FORMATION\DistinctTestedFormations.sql                                 [Started]
2015-05-28 15:16:05  WELL_TEST_FORMATION\DSTChamberTest.sql                                           [Started]
2015-05-28 15:16:05  WELL_TEST_FORMATION\DSTFluidPropertiesTest.sql                                   [Started]
2015-05-28 15:16:05  WELL_TEST_FORMATION\DSTHeader.sql                                                [Started]
2015-05-28 15:16:05  WELL_TEST_FORMATION\DSTPipesTest.sql                                             [Started]
2015-05-28 15:16:05  WELL_TEST_FORMATION\DSTPressureTest.sql                                          [Started]
2015-05-28 15:16:05  WELL_TEST_FORMATION\DSTSurfacesTest.sql                                          [Started]
2015-05-28 15:16:05  WELL_TEST_FORMATION\WellTestFormations.sql                                       [Started]
2015-05-28 15:16:05  WELL_TEST_MUD\DSTMud.sql                                                         [Started]
2015-05-28 15:16:05  WELL_TEST_PRESSURE\DSTPressures.sql                                              [Started]
2015-05-28 15:16:05  WELL_TEST_PRESSURE\DSTPressureTest.sql                                           [Started]
2015-05-28 15:16:05  WELL_TEST_RECOVERY\DSTChamber.sql                                                [Started]
2015-05-28 15:16:05  WELL_TEST_RECOVERY\DSTChamberTest.sql                                            [Started]
2015-05-28 15:16:05  WELL_TEST_RECOVERY\DSTPipes.sql                                                  [Started]
2015-05-28 15:16:05  WELL_TEST_RECOVERY\DSTPipesTest.sql                                              [Started]
2015-05-28 15:16:05  WELL_TREATMENT\WellDataPresent.sql                                               [Started]
2015-05-28 15:16:05  WELL_TREATMENT\WellTreatment.sql                                                 [Started]
2015-05-28 15:16:05  WELL_ZONE_INTERVAL\WellZoneInterval.sql                                          [Started]
2015-05-28 15:16:05  WELL_ZONE_INTRVL_VALUE\WellZoneIntrvlValue.sql                                   [Started]
2015-05-28 15:16:05  WELL_ZONE_INTRVL_VALUE\WellZoneIntrvValueWithDepthsOuterJoin2.sql                [Started]
2015-05-28 15:16:06  command => ['C:\\Program Files (x86)\\GeoGraphix\\SQL Anywhere 12\\BIN32\\dbisql.com', '-q', '-c', 'UID=dba;PWD=sql;DBF=D:\\Samples\\GXDBRegression\\GXDBRegression\\Chuck J White Full Horizontal Demo SEG-3D 8353 9209 10004_10065RCG\\gxdb.db', 'D:\\Samples\\GXDBRegression\\GXDBRegression\\EagleFord\\Results\\WELL_TEST_FORMATION\\DistinctTestedFormations.sql']
2015-05-28 15:16:06  command => ['C:\\Program Files (x86)\\GeoGraphix\\SQL Anywhere 12\\BIN32\\dbisql.com', '-q', '-c', 'UID=dba;PWD=sql;DBF=D:\\Samples\\GXDBRegression\\GXDBRegression\\Chuck J White Full Horizontal Demo SEG-3D 8353 9209 10004_10065RCG\\gxdb.db', 'D:\\Samples\\GXDBRegression\\GXDBRegression\\EagleFord\\Results\\Well_Dir_Srvy_Station\\SurveyStations.sql']
2015-05-28 15:16:06  command => ['C:\\Program Files (x86)\\GeoGraphix\\SQL Anywhere 12\\BIN32\\dbisql.com', '-q', '-c', 'UID=dba;PWD=sql;DBF=D:\\Samples\\GXDBRegression\\GXDBRegression\\Chuck J White Full Horizontal Demo SEG-3D 8353 9209 10004_10065RCG\\gxdb.db', 'D:\\Samples\\GXDBRegression\\GXDBRegression\\EagleFord\\Results\\Well_Dir_Srvy\\Workovers12.sql']
2015-05-28 15:16:06  command => ['C:\\Program Files (x86)\\GeoGraphix\\SQL Anywhere 12\\BIN32\\dbisql.com', '-q', '-c', 'UID=dba;PWD=sql;DBF=D:\\Samples\\GXDBRegression\\GXDBRegression\\Chuck J White Full Horizontal Demo SEG-3D 8353 9209 10004_10065RCG\\gxdb.db', 'D:\\Samples\\GXDBRegression\\GXDBRegression\\EagleFord\\Results\\WELL_TEST_FORMATION\\WellTestFormations.sql']
2015-05-28 15:16:06  command => ['C:\\Program Files (x86)\\GeoGraphix\\SQL Anywhere 12\\BIN32\\dbisql.com', '-q', '-c', 'UID=dba;PWD=sql;DBF=D:\\Samples\\GXDBRegression\\GXDBRegression\\Chuck J White Full Horizontal Demo SEG-3D 8353 9209 10004_10065RCG\\gxdb.db', 'D:\\Samples\\GXDBRegression\\GXDBRegression\\EagleFord\\Results\\WELL_ZONE_INTRVL_VALUE\\WellZoneIntrvlValue.sql']
2015-05-28 15:16:06  command => ['C:\\Program Files (x86)\\GeoGraphix\\SQL Anywhere 12\\BIN32\\dbisql.com', '-q', '-c', 'UID=dba;PWD=sql;DBF=D:\\Samples\\GXDBRegression\\GXDBRegression\\Chuck J White Full Horizontal Demo SEG-3D 8353 9209 10004_10065RCG\\gxdb.db', 'D:\\Samples\\GXDBRegression\\GXDBRegression\\EagleFord\\Results\\Well_Dir_Srvy_Station\\DSS_SurveyStations.sql']
2015-05-28 15:16:06  command => ['C:\\Program Files (x86)\\GeoGraphix\\SQL Anywhere 12\\BIN32\\dbisql.com', '-q', '-c', 'UID=dba;PWD=sql;DBF=D:\\Samples\\GXDBRegression\\GXDBRegression\\Chuck J White Full Horizontal Demo SEG-3D 8353 9209 10004_10065RCG\\gxdb.db', 'D:\\Samples\\GXDBRegression\\GXDBRegression\\EagleFord\\Results\\Well_Dir_Srvy\\WellSurveyDir.sql']
2015-05-28 15:16:06  command => ['C:\\Program Files (x86)\\GeoGraphix\\SQL Anywhere 12\\BIN32\\dbisql.com', '-q', '-c', 'UID=dba;PWD=sql;DBF=D:\\Samples\\GXDBRegression\\GXDBRegression\\Chuck J White Full Horizontal Demo SEG-3D 8353 9209 10004_10065RCG\\gxdb.db', 'D:\\Samples\\GXDBRegression\\GXDBRegression\\EagleFord\\Results\\WELL_TEST_MUD\\DSTMud.sql']
2015-05-28 15:16:06  command => ['C:\\Program Files (x86)\\GeoGraphix\\SQL Anywhere 12\\BIN32\\dbisql.com', '-q', '-c', 'UID=dba;PWD=sql;DBF=D:\\Samples\\GXDBRegression\\GXDBRegression\\Chuck J White Full Horizontal Demo SEG-3D 8353 9209 10004_10065RCG\\gxdb.db', 'D:\\Samples\\GXDBRegression\\GXDBRegression\\EagleFord\\Results\\WELL_FAULT\\Faults.sql']
2015-05-28 15:16:06  command => ['C:\\Program Files (x86)\\GeoGraphix\\SQL Anywhere 12\\BIN32\\dbisql.com', '-q', '-c', 'UID=dba;PWD=sql;DBF=D:\\Samples\\GXDBRegression\\GXDBRegression\\Chuck J White Full Horizontal Demo SEG-3D 8353 9209 10004_10065RCG\\gxdb.db', 'D:\\Samples\\GXDBRegression\\GXDBRegression\\EagleFord\\Results\\WELL_TEST_ANALYSIS\\DistinctFluidType.sql']
2015-05-28 15:16:06  command => ['C:\\Program Files (x86)\\GeoGraphix\\SQL Anywhere 12\\BIN32\\dbisql.com', '-q', '-c', 'UID=dba;PWD=sql;DBF=D:\\Samples\\GXDBRegression\\GXDBRegression\\Chuck J White Full Horizontal Demo SEG-3D 8353 9209 10004_10065RCG\\gxdb.db', 'D:\\Samples\\GXDBRegression\\GXDBRegression\\EagleFord\\Results\\Well_Dir_Srvy\\WellSurveys.sql']
2015-05-28 15:16:06  command => ['C:\\Program Files (x86)\\GeoGraphix\\SQL Anywhere 12\\BIN32\\dbisql.com', '-q', '-c', 'UID=dba;PWD=sql;DBF=D:\\Samples\\GXDBRegression\\GXDBRegression\\Chuck J White Full Horizontal Demo SEG-3D 8353 9209 10004_10065RCG\\gxdb.db', 'D:\\Samples\\GXDBRegression\\GXDBRegression\\EagleFord\\Results\\WELL_TEST_FORMATION\\DSTPressureTest.sql']
2015-05-28 15:16:07  command => ['C:\\Program Files (x86)\\GeoGraphix\\SQL Anywhere 12\\BIN32\\dbisql.com', '-q', '-c', 'UID=dba;PWD=sql;DBF=D:\\Samples\\GXDBRegression\\GXDBRegression\\Chuck J White Full Horizontal Demo SEG-3D 8353 9209 10004_10065RCG\\gxdb.db', 'D:\\Samples\\GXDBRegression\\GXDBRegression\\EagleFord\\Results\\WELL_TEST\\DSTHeader.sql']
2015-05-28 15:16:07  command => ['C:\\Program Files (x86)\\GeoGraphix\\SQL Anywhere 12\\BIN32\\dbisql.com', '-q', '-c', 'UID=dba;PWD=sql;DBF=D:\\Samples\\GXDBRegression\\GXDBRegression\\Chuck J White Full Horizontal Demo SEG-3D 8353 9209 10004_10065RCG\\gxdb.db', 'D:\\Samples\\GXDBRegression\\GXDBRegression\\EagleFord\\Results\\WELL_TEST_PRESSURE\\DSTPressureTest.sql']
2015-05-28 15:16:07  command => ['C:\\Program Files (x86)\\GeoGraphix\\SQL Anywhere 12\\BIN32\\dbisql.com', '-q', '-c', 'UID=dba;PWD=sql;DBF=D:\\Samples\\GXDBRegression\\GXDBRegression\\Chuck J White Full Horizontal Demo SEG-3D 8353 9209 10004_10065RCG\\gxdb.db', 'D:\\Samples\\GXDBRegression\\GXDBRegression\\EagleFord\\Results\\WELL_TEST\\DSTsTest.sql']
2015-05-28 15:16:07  command => ['C:\\Program Files (x86)\\GeoGraphix\\SQL Anywhere 12\\BIN32\\dbisql.com', '-q', '-c', 'UID=dba;PWD=sql;DBF=D:\\Samples\\GXDBRegression\\GXDBRegression\\Chuck J White Full Horizontal Demo SEG-3D 8353 9209 10004_10065RCG\\gxdb.db', 'D:\\Samples\\GXDBRegression\\GXDBRegression\\EagleFord\\Results\\WELL_TEST_ANALYSIS\\DSTFluidProperties.sql']
2015-05-28 15:16:07  command => ['C:\\Program Files (x86)\\GeoGraphix\\SQL Anywhere 12\\BIN32\\dbisql.com', '-q', '-c', 'UID=dba;PWD=sql;DBF=D:\\Samples\\GXDBRegression\\GXDBRegression\\Chuck J White Full Horizontal Demo SEG-3D 8353 9209 10004_10065RCG\\gxdb.db', 'D:\\Samples\\GXDBRegression\\GXDBRegression\\EagleFord\\Results\\WELL_TEST_FORMATION\\DSTChamberTest.sql']
2015-05-28 15:16:07  command => ['C:\\Program Files (x86)\\GeoGraphix\\SQL Anywhere 12\\BIN32\\dbisql.com', '-q', '-c', 'UID=dba;PWD=sql;DBF=D:\\Samples\\GXDBRegression\\GXDBRegression\\Chuck J White Full Horizontal Demo SEG-3D 8353 9209 10004_10065RCG\\gxdb.db', 'D:\\Samples\\GXDBRegression\\GXDBRegression\\EagleFord\\Results\\WELL_TEST_RECOVERY\\DSTPipes.sql']
2015-05-28 15:16:07  command => ['C:\\Program Files (x86)\\GeoGraphix\\SQL Anywhere 12\\BIN32\\dbisql.com', '-q', '-c', 'UID=dba;PWD=sql;DBF=D:\\Samples\\GXDBRegression\\GXDBRegression\\Chuck J White Full Horizontal Demo SEG-3D 8353 9209 10004_10065RCG\\gxdb.db', 'D:\\Samples\\GXDBRegression\\GXDBRegression\\EagleFord\\Results\\WELL_TEST_FORMATION\\DSTFluidPropertiesTest.sql']
2015-05-28 15:16:07  command => ['C:\\Program Files (x86)\\GeoGraphix\\SQL Anywhere 12\\BIN32\\dbisql.com', '-q', '-c', 'UID=dba;PWD=sql;DBF=D:\\Samples\\GXDBRegression\\GXDBRegression\\Chuck J White Full Horizontal Demo SEG-3D 8353 9209 10004_10065RCG\\gxdb.db', 'D:\\Samples\\GXDBRegression\\GXDBRegression\\EagleFord\\Results\\Well_Dir_Srvy\\Workovers.sql']
2015-05-28 15:16:07  command => ['C:\\Program Files (x86)\\GeoGraphix\\SQL Anywhere 12\\BIN32\\dbisql.com', '-q', '-c', 'UID=dba;PWD=sql;DBF=D:\\Samples\\GXDBRegression\\GXDBRegression\\Chuck J White Full Horizontal Demo SEG-3D 8353 9209 10004_10065RCG\\gxdb.db', 'D:\\Samples\\GXDBRegression\\GXDBRegression\\EagleFord\\Results\\WELL_TEST_RECOVERY\\DSTChamber.sql']
2015-05-28 15:16:07  command => ['C:\\Program Files (x86)\\GeoGraphix\\SQL Anywhere 12\\BIN32\\dbisql.com', '-q', '-c', 'UID=dba;PWD=sql;DBF=D:\\Samples\\GXDBRegression\\GXDBRegression\\Chuck J White Full Horizontal Demo SEG-3D 8353 9209 10004_10065RCG\\gxdb.db', 'D:\\Samples\\GXDBRegression\\GXDBRegression\\EagleFord\\Results\\WELL_TEST\\DSTPipesTest.sql']
2015-05-28 15:16:07  command => ['C:\\Program Files (x86)\\GeoGraphix\\SQL Anywhere 12\\BIN32\\dbisql.com', '-q', '-c', 'UID=dba;PWD=sql;DBF=D:\\Samples\\GXDBRegression\\GXDBRegression\\Chuck J White Full Horizontal Demo SEG-3D 8353 9209 10004_10065RCG\\gxdb.db', 'D:\\Samples\\GXDBRegression\\GXDBRegression\\EagleFord\\Results\\WELL_TEST\\DSTChamberTest.sql']
2015-05-28 15:16:07  command => ['C:\\Program Files (x86)\\GeoGraphix\\SQL Anywhere 12\\BIN32\\dbisql.com', '-q', '-c', 'UID=dba;PWD=sql;DBF=D:\\Samples\\GXDBRegression\\GXDBRegression\\Chuck J White Full Horizontal Demo SEG-3D 8353 9209 10004_10065RCG\\gxdb.db', 'D:\\Samples\\GXDBRegression\\GXDBRegression\\EagleFord\\Results\\WELL_TEST\\DSTPressureTest.sql']
2015-05-28 15:16:07  command => ['C:\\Program Files (x86)\\GeoGraphix\\SQL Anywhere 12\\BIN32\\dbisql.com', '-q', '-c', 'UID=dba;PWD=sql;DBF=D:\\Samples\\GXDBRegression\\GXDBRegression\\Chuck J White Full Horizontal Demo SEG-3D 8353 9209 10004_10065RCG\\gxdb.db', 'D:\\Samples\\GXDBRegression\\GXDBRegression\\EagleFord\\Results\\WELL_DIR_PROPOSED_SRVY_STATION\\ProposedSurveyStations.sql']
2015-05-28 15:16:07  command => ['C:\\Program Files (x86)\\GeoGraphix\\SQL Anywhere 12\\BIN32\\dbisql.com', '-q', '-c', 'UID=dba;PWD=sql;DBF=D:\\Samples\\GXDBRegression\\GXDBRegression\\Chuck J White Full Horizontal Demo SEG-3D 8353 9209 10004_10065RCG\\gxdb.db', 'D:\\Samples\\GXDBRegression\\GXDBRegression\\EagleFord\\Results\\WELL_TEST_FLOW\\DSTSurfacesTest.sql']
2015-05-28 15:16:07  command => ['C:\\Program Files (x86)\\GeoGraphix\\SQL Anywhere 12\\BIN32\\dbisql.com', '-q', '-c', 'UID=dba;PWD=sql;DBF=D:\\Samples\\GXDBRegression\\GXDBRegression\\Chuck J White Full Horizontal Demo SEG-3D 8353 9209 10004_10065RCG\\gxdb.db', 'D:\\Samples\\GXDBRegression\\GXDBRegression\\EagleFord\\Results\\WELL_TEST_FORMATION\\DSTPipesTest.sql']
2015-05-28 15:16:07  command => ['C:\\Program Files (x86)\\GeoGraphix\\SQL Anywhere 12\\BIN32\\dbisql.com', '-q', '-c', 'UID=dba;PWD=sql;DBF=D:\\Samples\\GXDBRegression\\GXDBRegression\\Chuck J White Full Horizontal Demo SEG-3D 8353 9209 10004_10065RCG\\gxdb.db', 'D:\\Samples\\GXDBRegression\\GXDBRegression\\EagleFord\\Results\\WELL_TEST\\DSTFluidPropertiesTest.sql']
2015-05-28 15:16:07  command => ['C:\\Program Files (x86)\\GeoGraphix\\SQL Anywhere 12\\BIN32\\dbisql.com', '-q', '-c', 'UID=dba;PWD=sql;DBF=D:\\Samples\\GXDBRegression\\GXDBRegression\\Chuck J White Full Horizontal Demo SEG-3D 8353 9209 10004_10065RCG\\gxdb.db', 'D:\\Samples\\GXDBRegression\\GXDBRegression\\EagleFord\\Results\\WELL_ZONE_INTERVAL\\WellZoneInterval.sql']
2015-05-28 15:16:07  command => ['C:\\Program Files (x86)\\GeoGraphix\\SQL Anywhere 12\\BIN32\\dbisql.com', '-q', '-c', 'UID=dba;PWD=sql;DBF=D:\\Samples\\GXDBRegression\\GXDBRegression\\Chuck J White Full Horizontal Demo SEG-3D 8353 9209 10004_10065RCG\\gxdb.db', 'D:\\Samples\\GXDBRegression\\GXDBRegression\\EagleFord\\Results\\WELL_TREATMENT\\WellTreatment.sql']
2015-05-28 15:16:07  command => ['C:\\Program Files (x86)\\GeoGraphix\\SQL Anywhere 12\\BIN32\\dbisql.com', '-q', '-c', 'UID=dba;PWD=sql;DBF=D:\\Samples\\GXDBRegression\\GXDBRegression\\Chuck J White Full Horizontal Demo SEG-3D 8353 9209 10004_10065RCG\\gxdb.db', 'D:\\Samples\\GXDBRegression\\GXDBRegression\\EagleFord\\Results\\WELL_TEST_ANALYSIS\\DSTFluidPropertiesTest.sql']
2015-05-28 15:16:07  command => ['C:\\Program Files (x86)\\GeoGraphix\\SQL Anywhere 12\\BIN32\\dbisql.com', '-q', '-c', 'UID=dba;PWD=sql;DBF=D:\\Samples\\GXDBRegression\\GXDBRegression\\Chuck J White Full Horizontal Demo SEG-3D 8353 9209 10004_10065RCG\\gxdb.db', 'D:\\Samples\\GXDBRegression\\GXDBRegression\\EagleFord\\Results\\WELL_TEST\\InitialPotentials.sql']
2015-05-28 15:16:07  command => ['C:\\Program Files (x86)\\GeoGraphix\\SQL Anywhere 12\\BIN32\\dbisql.com', '-q', '-c', 'UID=dba;PWD=sql;DBF=D:\\Samples\\GXDBRegression\\GXDBRegression\\Chuck J White Full Horizontal Demo SEG-3D 8353 9209 10004_10065RCG\\gxdb.db', 'D:\\Samples\\GXDBRegression\\GXDBRegression\\EagleFord\\Results\\WELL_TEST_FLOW\\DSTSurfaces.sql']
2015-05-28 15:16:07  command => ['C:\\Program Files (x86)\\GeoGraphix\\SQL Anywhere 12\\BIN32\\dbisql.com', '-q', '-c', 'UID=dba;PWD=sql;DBF=D:\\Samples\\GXDBRegression\\GXDBRegression\\Chuck J White Full Horizontal Demo SEG-3D 8353 9209 10004_10065RCG\\gxdb.db', 'D:\\Samples\\GXDBRegression\\GXDBRegression\\EagleFord\\Results\\WELL_TEST_PRESSURE\\DSTPressures.sql']
2015-05-28 15:16:07  command => ['C:\\Program Files (x86)\\GeoGraphix\\SQL Anywhere 12\\BIN32\\dbisql.com', '-q', '-c', 'UID=dba;PWD=sql;DBF=D:\\Samples\\GXDBRegression\\GXDBRegression\\Chuck J White Full Horizontal Demo SEG-3D 8353 9209 10004_10065RCG\\gxdb.db', 'D:\\Samples\\GXDBRegression\\GXDBRegression\\EagleFord\\Results\\WELL_TEST_FORMATION\\DSTHeader.sql']
2015-05-28 15:16:07  command => ['C:\\Program Files (x86)\\GeoGraphix\\SQL Anywhere 12\\BIN32\\dbisql.com', '-q', '-c', 'UID=dba;PWD=sql;DBF=D:\\Samples\\GXDBRegression\\GXDBRegression\\Chuck J White Full Horizontal Demo SEG-3D 8353 9209 10004_10065RCG\\gxdb.db', 'D:\\Samples\\GXDBRegression\\GXDBRegression\\EagleFord\\Results\\WELL_TEST_RECOVERY\\DSTChamberTest.sql']
2015-05-28 15:16:07  command => ['C:\\Program Files (x86)\\GeoGraphix\\SQL Anywhere 12\\BIN32\\dbisql.com', '-q', '-c', 'UID=dba;PWD=sql;DBF=D:\\Samples\\GXDBRegression\\GXDBRegression\\Chuck J White Full Horizontal Demo SEG-3D 8353 9209 10004_10065RCG\\gxdb.db', 'D:\\Samples\\GXDBRegression\\GXDBRegression\\EagleFord\\Results\\WELL_ZONE_INTRVL_VALUE\\WellZoneIntrvValueWithDepthsOuterJoin2.sql']
2015-05-28 15:16:07  command => ['C:\\Program Files (x86)\\GeoGraphix\\SQL Anywhere 12\\BIN32\\dbisql.com', '-q', '-c', 'UID=dba;PWD=sql;DBF=D:\\Samples\\GXDBRegression\\GXDBRegression\\Chuck J White Full Horizontal Demo SEG-3D 8353 9209 10004_10065RCG\\gxdb.db', 'D:\\Samples\\GXDBRegression\\GXDBRegression\\EagleFord\\Results\\WELL_TEST_FORMATION\\DSTSurfacesTest.sql']
2015-05-28 15:16:07  command => ['C:\\Program Files (x86)\\GeoGraphix\\SQL Anywhere 12\\BIN32\\dbisql.com', '-q', '-c', 'UID=dba;PWD=sql;DBF=D:\\Samples\\GXDBRegression\\GXDBRegression\\Chuck J White Full Horizontal Demo SEG-3D 8353 9209 10004_10065RCG\\gxdb.db', 'D:\\Samples\\GXDBRegression\\GXDBRegression\\EagleFord\\Results\\WELL_TEST_RECOVERY\\DSTPipesTest.sql']
2015-05-28 15:16:07  command => ['C:\\Program Files (x86)\\GeoGraphix\\SQL Anywhere 12\\BIN32\\dbisql.com', '-q', '-c', 'UID=dba;PWD=sql;DBF=D:\\Samples\\GXDBRegression\\GXDBRegression\\Chuck J White Full Horizontal Demo SEG-3D 8353 9209 10004_10065RCG\\gxdb.db', 'D:\\Samples\\GXDBRegression\\GXDBRegression\\EagleFord\\Results\\WELL_TEST\\DSTSurfacesTest.sql']
2015-05-28 15:16:07  command => ['C:\\Program Files (x86)\\GeoGraphix\\SQL Anywhere 12\\BIN32\\dbisql.com', '-q', '-c', 'UID=dba;PWD=sql;DBF=D:\\Samples\\GXDBRegression\\GXDBRegression\\Chuck J White Full Horizontal Demo SEG-3D 8353 9209 10004_10065RCG\\gxdb.db', 'D:\\Samples\\GXDBRegression\\GXDBRegression\\EagleFord\\Results\\Well_Dir_Srvy\\WorkoversCAP.sql']
2015-05-28 15:16:08  command => ['C:\\Program Files (x86)\\GeoGraphix\\SQL Anywhere 12\\BIN32\\dbisql.com', '-q', '-c', 'UID=dba;PWD=sql;DBF=D:\\Samples\\GXDBRegression\\GXDBRegression\\Chuck J White Full Horizontal Demo SEG-3D 8353 9209 10004_10065RCG\\gxdb.db', 'D:\\Samples\\GXDBRegression\\GXDBRegression\\EagleFord\\Results\\Well_Dir_Srvy\\WellDataPresent.sql']
2015-05-28 15:16:08  command => ['C:\\Program Files (x86)\\GeoGraphix\\SQL Anywhere 12\\BIN32\\dbisql.com', '-q', '-c', 'UID=dba;PWD=sql;DBF=D:\\Samples\\GXDBRegression\\GXDBRegression\\Chuck J White Full Horizontal Demo SEG-3D 8353 9209 10004_10065RCG\\gxdb.db', 'D:\\Samples\\GXDBRegression\\GXDBRegression\\EagleFord\\Results\\Well_Dir_Srvy_Station\\WellDataPresent.sql']
2015-05-28 15:16:08  command => ['C:\\Program Files (x86)\\GeoGraphix\\SQL Anywhere 12\\BIN32\\dbisql.com', '-q', '-c', 'UID=dba;PWD=sql;DBF=D:\\Samples\\GXDBRegression\\GXDBRegression\\Chuck J White Full Horizontal Demo SEG-3D 8353 9209 10004_10065RCG\\gxdb.db', 'D:\\Samples\\GXDBRegression\\GXDBRegression\\EagleFord\\Results\\WELL_TREATMENT\\WellDataPresent.sql']
2015-05-28 15:16:08  FORMATION\DistinctFormationsWithActive.sql                                       [Finished]
2015-05-28 15:16:11  FORMATION\DistinctFormationAli.sql                                               [Finished]
2015-05-28 15:16:11  GX_PDEN_VOL_SUM_BY_MONTH\AllocatedMonthlyProduction.sql                          [Finished]
2015-05-28 15:16:12  GX_PDEN_VOL_SUM_BY_MONTH\WellMonthlyCumProduction.sql                            [Finished]
2015-05-28 15:16:12  GX_PDEN_VOL_SUM_BY_MONTH\AllocatedMonthlyProductionTest.sql                      [Finished]
2015-05-28 15:16:12  FORMATION\OrderedFormations.sql                                                  [Finished]
2015-05-28 15:16:14  GX_PDEN_VOL_SUM_BY_MONTH\WellProduction.sql                                      [Finished]
2015-05-28 15:16:14  GX_PDEN_VOL_SUM_BY_MONTH\WellMonthlyProduction.sql                               [Finished]
2015-05-28 15:16:15  GX_PDEN_VOL_SUM_BY_MONTH\WellMonthlyProductionByZoneAli.sql                      [Finished]
2015-05-28 15:16:16  GX_PDEN_VOL_SUM_BY_MONTH\WellCumulativeProduction.sql                            [Finished]
2015-05-28 15:16:16  GX_PDEN_VOL_SUM_BY_MONTH\WellMonthlyYTDProduction.sql                            [Finished]
2015-05-28 15:16:17  GX_PRODUCTION_TEST\WellProductionTest.sql                                        [Finished]
2015-05-28 15:16:18  GX_WELL_SYNTHETIC\VelocitySurveysWithSynthetics.sql                              [Finished]
2015-05-28 15:16:18  GX_WELL_SYNTHETIC\WellSynthetic.sql                                              [Finished]
2015-05-28 15:16:19  GX_ZATTRIBUTE\GXZAttribute.sql                                                   [Finished]
2015-05-28 15:16:20  R_SOURCE\DistinctSources.sql                                                     [Finished]
2015-05-28 15:16:20  GX_ZONE\GXZone.sql                                                               [Finished]
2015-05-28 15:16:20  GX_ZONE_ZATTRIBUTE\GXZoneZAttribute.sql                                          [Finished]
2015-05-28 15:16:21  CASING\WellCasing.sql                                                            [Finished]
2015-05-28 15:16:22  R_SOURCE\FaultsSources.sql                                                       [Finished]
2015-05-28 15:16:22  STRATIGRAPHIC_COLUMN\STRATIGRAPHIC_COLUMN.sql                                    [Finished]
2015-05-28 15:16:22  R_SOURCE\FormationSources.sql                                                    [Finished]
2015-05-28 15:16:23  Well\LocationGeodatic.sql                                                        [Finished]
2015-05-28 15:16:23  TUBING\WellTubing.sql                                                            [Finished]
2015-05-28 15:16:23  R_SOURCE\FormationsOrderedBySource.sql                                           [Finished]
2015-05-28 15:16:24  Well\WellStatuses.sql                                                            [Finished]
2015-05-28 15:16:24  GX_ZONE\WellZoneAttributeValues.sql                                              [Finished]
2015-05-28 15:16:24  Well\WellSurveyBH.sql                                                            [Finished]
2015-05-28 15:16:24  Well\WellHeader.sql                                                              [Finished]
2015-05-28 15:16:24  Well\WellSurveyPicks.sql                                                         [Finished]
2015-05-28 15:16:25  Well\WellHederWithRemarks.sql                                                    [Finished]
2015-05-28 15:16:25  Well\Workovers.sql                                                               [Finished]
2015-05-28 15:16:25  Well\WellHeaderAndBlob.sql                                                       [Finished]
2015-05-28 15:16:25  GGX_MICROSEISMIC_MSEVENT\MicroseismicEvents.sql                                  [Finished]
2015-05-28 15:16:26  FORMATION\FormationSources.sql                                                   [Finished]
2015-05-28 15:16:26  GGX_MICROSEISMIC_PRESSURE\MicroseismicPressures.sql                              [Finished]
2015-05-28 15:16:26  WELL_CHECKSHOT_DETAIL\WellCheckshotDetail.sql                                    [Finished]
2015-05-28 15:16:26  Well\WellHeaderAndLocation.sql                                                   [Finished]
2015-05-28 15:16:26  Well\WorkoversCAP.sql                                                            [Finished]
2015-05-28 15:16:26  WELL_CHECKSHOT_SURVEY\VelocitySurveysWithSynthetics.sql                          [Finished]
2015-05-28 15:16:28  WELL_CHECKSHOT_DETAIL\WellVelocities.sql                                         [Finished]
2015-05-28 15:16:28  WELL_CHECKSHOT_SURVEY\WellCheckshotSurvey.sql                                    [Finished]
2015-05-28 15:16:28  WELL_DIR_PROPOSED_SRVY\WellProposedSurveyDir.sql                                 [Finished]
2015-05-28 15:16:28  WELL_CORE\WellCoreDesc.sql                                                       [Finished]
2015-05-28 15:16:28  Well_Dir_Srvy\DSS_Well.sql                                                       [Finished]
2015-05-28 15:16:28  FORMATION\FormationLookup.sql                                                    [Finished]
2015-05-28 15:16:28  WELL_CORE_SAMPLE_ANAL\WellCoreAnalysis.sql                                       [Finished]
2015-05-28 15:16:28  FORMATION\DistinctFormations.sql                                                 [Finished]
2015-05-28 15:16:29  Well\WellDataPresent.sql                                                         [Finished]
2015-05-28 15:16:30  WELL_TEST_MUD\DSTMud.sql                                                         [Finished]
2015-05-28 15:16:30  WELL_TEST_FORMATION\DistinctTestedFormations.sql                                 [Finished]
2015-05-28 15:16:30  WELL_TEST_FORMATION\WellTestFormations.sql                                       [Finished]
2015-05-28 15:16:30  WELL_FAULT\Faults.sql                                                            [Finished]
2015-05-28 15:16:30  Well_Dir_Srvy\Workovers12.sql                                                    [Finished]
2015-05-28 15:16:30  Well_Dir_Srvy\WellSurveyDir.sql                                                  [Finished]
2015-05-28 15:16:31  WELL_ZONE_INTRVL_VALUE\WellZoneIntrvlValue.sql                                   [Finished]
2015-05-28 15:16:31  WELL_TEST_ANALYSIS\DistinctFluidType.sql                                         [Finished]
2015-05-28 15:16:31  WELL_TEST_FORMATION\DSTPressureTest.sql                                          [Finished]
2015-05-28 15:16:31  WELL_TEST_PRESSURE\DSTPressureTest.sql                                           [Finished]
2015-05-28 15:16:31  WELL_TEST\DSTHeader.sql                                                          [Finished]
2015-05-28 15:16:32  WELL_TEST\DSTsTest.sql                                                           [Finished]
2015-05-28 15:16:32  Well_Dir_Srvy_Station\DSS_SurveyStations.sql                                     [Finished]
2015-05-28 15:16:32  Well_Dir_Srvy_Station\SurveyStations.sql                                         [Finished]
2015-05-28 15:16:32  WELL_TEST_ANALYSIS\DSTFluidProperties.sql                                        [Finished]
2015-05-28 15:16:32  WELL_TEST_FORMATION\DSTChamberTest.sql                                           [Finished]
2015-05-28 15:16:32  WELL_TEST_RECOVERY\DSTPipes.sql                                                  [Finished]
2015-05-28 15:16:32  Well_Dir_Srvy\Workovers.sql                                                      [Finished]
2015-05-28 15:16:32  WELL_TEST_FORMATION\DSTFluidPropertiesTest.sql                                   [Finished]
2015-05-28 15:16:32  WELL_TEST_RECOVERY\DSTChamber.sql                                                [Finished]
2015-05-28 15:16:33  WELL_TEST\DSTPipesTest.sql                                                       [Finished]
2015-05-28 15:16:33  WELL_TEST\DSTPressureTest.sql                                                    [Finished]
2015-05-28 15:16:33  WELL_TEST\DSTChamberTest.sql                                                     [Finished]
2015-05-28 15:16:33  WELL_TEST_FORMATION\DSTPipesTest.sql                                             [Finished]
2015-05-28 15:16:33  WELL_TEST_FLOW\DSTSurfacesTest.sql                                               [Finished]
2015-05-28 15:16:33  WELL_TEST\DSTFluidPropertiesTest.sql                                             [Finished]
2015-05-28 15:16:33  WELL_DIR_PROPOSED_SRVY_STATION\ProposedSurveyStations.sql                        [Finished]
2015-05-28 15:16:34  WELL_ZONE_INTERVAL\WellZoneInterval.sql                                          [Finished]
2015-05-28 15:16:34  WELL_TREATMENT\WellTreatment.sql                                                 [Finished]
2015-05-28 15:16:34  WELL_TEST_ANALYSIS\DSTFluidPropertiesTest.sql                                    [Finished]
2015-05-28 15:16:34  WELL_TEST\InitialPotentials.sql                                                  [Finished]
2015-05-28 15:16:34  WELL_TEST_PRESSURE\DSTPressures.sql                                              [Finished]
2015-05-28 15:16:34  WELL_TEST_FLOW\DSTSurfaces.sql                                                   [Finished]
2015-05-28 15:16:34  WELL_TEST_RECOVERY\DSTChamberTest.sql                                            [Finished]
2015-05-28 15:16:35  Well_Dir_Srvy\WellSurveys.sql                                                    [Finished]
2015-05-28 15:16:35  WELL_TEST_FORMATION\DSTHeader.sql                                                [Finished]
2015-05-28 15:16:35  WELL_TEST_FORMATION\DSTSurfacesTest.sql                                          [Finished]
2015-05-28 15:16:35  WELL_TEST_RECOVERY\DSTPipesTest.sql                                              [Finished]
2015-05-28 15:16:35  WELL_TEST\DSTSurfacesTest.sql                                                    [Finished]
2015-05-28 15:16:35  Well_Dir_Srvy\WorkoversCAP.sql                                                   [Finished]
2015-05-28 15:16:35  Well_Dir_Srvy\WellDataPresent.sql                                                [Finished]
2015-05-28 15:16:35  Well_Dir_Srvy_Station\WellDataPresent.sql                                        [Finished]
2015-05-28 15:16:35  WELL_TREATMENT\WellDataPresent.sql                                               [Finished]
2015-05-28 15:16:36  WELL_ZONE_INTRVL_VALUE\WellZoneIntrvValueWithDepthsOuterJoin2.sql                [Finished]
2015-05-28 15:16:36  ====================================================================================================
2015-05-28 15:16:36  Results
2015-05-28 15:16:36  ====================================================================================================
2015-05-28 15:16:36  Comparing => FORMATION\DistinctFormationsWithActive.sql_1.xml
2015-05-28 15:16:36  Comparing => GX_PDEN_VOL_SUM_BY_MONTH\AllocatedMonthlyProduction.sql_1.xml
2015-05-28 15:16:36  Comparing => GX_PDEN_VOL_SUM_BY_MONTH\WellMonthlyCumProduction.sql_1.xml
2015-05-28 15:16:36  Comparing => GX_PDEN_VOL_SUM_BY_MONTH\AllocatedMonthlyProductionTest.sql_1.xml
2015-05-28 15:16:36  Comparing => FORMATION\OrderedFormations.sql_1.xml
2015-05-28 15:16:36  Comparing => GX_PDEN_VOL_SUM_BY_MONTH\WellProduction.sql_1.xml
2015-05-28 15:16:36  Comparing => GX_PDEN_VOL_SUM_BY_MONTH\WellMonthlyProduction.sql_1.xml
2015-05-28 15:16:36  Comparing => GX_PDEN_VOL_SUM_BY_MONTH\WellMonthlyProductionByZoneAli.sql_1.xml
2015-05-28 15:16:36  GX_PDEN_VOL_SUM_BY_MONTH\WellMonthlyCumProduction.sql_1.xml                      [Pass]
2015-05-28 15:16:36  Comparing => GX_PDEN_VOL_SUM_BY_MONTH\WellCumulativeProduction.sql_1.xml
2015-05-28 15:16:36  Comparing => GX_PDEN_VOL_SUM_BY_MONTH\WellMonthlyYTDProduction.sql_1.xml
2015-05-28 15:16:36  Comparing => GX_PRODUCTION_TEST\WellProductionTest.sql_1.xml
2015-05-28 15:16:36  Comparing => GX_WELL_SYNTHETIC\VelocitySurveysWithSynthetics.sql_1.xml
2015-05-28 15:16:36  Comparing => GX_WELL_SYNTHETIC\WellSynthetic.sql_1.xml
2015-05-28 15:16:36  Comparing => GX_ZATTRIBUTE\GXZAttribute.sql_1.xml
2015-05-28 15:16:36  Comparing => R_SOURCE\DistinctSources.sql_1.xml
2015-05-28 15:16:36  Comparing => GX_ZONE\GXZone.sql_1.xml
2015-05-28 15:16:36  Comparing => GX_ZONE_ZATTRIBUTE\GXZoneZAttribute.sql_1.xml
2015-05-28 15:16:36  Comparing => CASING\WellCasing.sql_1.xml
2015-05-28 15:16:36  Comparing => R_SOURCE\FaultsSources.sql_1.xml
2015-05-28 15:16:36  Comparing => STRATIGRAPHIC_COLUMN\STRATIGRAPHIC_COLUMN.sql_1.xml
2015-05-28 15:16:36  GX_PDEN_VOL_SUM_BY_MONTH\WellMonthlyYTDProduction.sql_1.xml                      [Pass]
2015-05-28 15:16:36  Comparing => R_SOURCE\FormationSources.sql_1.xml
2015-05-28 15:16:36  Comparing => Well\LocationGeodatic.sql_1.xml
2015-05-28 15:16:36  Comparing => TUBING\WellTubing.sql_1.xml
2015-05-28 15:16:36  Comparing => R_SOURCE\FormationsOrderedBySource.sql_1.xml
2015-05-28 15:16:36  Comparing => Well\WellStatuses.sql_1.xml
2015-05-28 15:16:36  Comparing => GX_ZONE\WellZoneAttributeValues.sql_1.xml
2015-05-28 15:16:36  Comparing => Well\WellSurveyBH.sql_1.xml
2015-05-28 15:16:36  Comparing => Well\WellHeader.sql_1.xml
2015-05-28 15:16:36  Comparing => Well\WellSurveyPicks.sql_1.xml
2015-05-28 15:16:36  Comparing => Well\WellHederWithRemarks.sql_1.xml
2015-05-28 15:16:36  Comparing => Well\Workovers.sql_1.xml
2015-05-28 15:16:36  Comparing => Well\WellHeaderAndBlob.sql_1.xml
2015-05-28 15:16:36  Comparing => GGX_MICROSEISMIC_MSEVENT\MicroseismicEvents.sql_1.xml
2015-05-28 15:16:36  Comparing => FORMATION\FormationSources.sql_1.xml
2015-05-28 15:16:36  Comparing => GGX_MICROSEISMIC_PRESSURE\MicroseismicPressures.sql_1.xml
2015-05-28 15:16:36  Comparing => WELL_CHECKSHOT_DETAIL\WellCheckshotDetail.sql_1.xml
2015-05-28 15:16:36  Comparing => Well\WellHeaderAndLocation.sql_1.xml
2015-05-28 15:16:36  Comparing => Well\WorkoversCAP.sql_1.xml
2015-05-28 15:16:36  Comparing => WELL_CHECKSHOT_SURVEY\VelocitySurveysWithSynthetics.sql_1.xml
2015-05-28 15:16:36  Comparing => WELL_CHECKSHOT_DETAIL\WellVelocities.sql_1.xml
2015-05-28 15:16:36  Comparing => WELL_CHECKSHOT_SURVEY\WellCheckshotSurvey.sql_1.xml
2015-05-28 15:16:36  Comparing => WELL_DIR_PROPOSED_SRVY\WellProposedSurveyDir.sql_1.xml
2015-05-28 15:16:36  Comparing => WELL_CORE\WellCoreDesc.sql_1.xml
2015-05-28 15:16:36  Comparing => Well_Dir_Srvy\DSS_Well.sql_1.xml
2015-05-28 15:16:36  Comparing => FORMATION\FormationLookup.sql_1.xml
2015-05-28 15:16:36  Comparing => WELL_CORE_SAMPLE_ANAL\WellCoreAnalysis.sql_1.xml
2015-05-28 15:16:36  Comparing => FORMATION\DistinctFormations.sql_1.xml
2015-05-28 15:16:36  Comparing => Well\WellDataPresent.sql_1.xml
2015-05-28 15:16:36  Comparing => WELL_TEST_MUD\DSTMud.sql_1.xml
2015-05-28 15:16:36  Comparing => WELL_TEST_FORMATION\DistinctTestedFormations.sql_1.xml
2015-05-28 15:16:36  Comparing => WELL_TEST_FORMATION\WellTestFormations.sql_1.xml
2015-05-28 15:16:36  Comparing => WELL_FAULT\Faults.sql_1.xml
2015-05-28 15:16:36  Comparing => Well_Dir_Srvy\Workovers12.sql_1.xml
2015-05-28 15:16:36  Comparing => Well_Dir_Srvy\WellSurveyDir.sql_1.xml
2015-05-28 15:16:36  Comparing => WELL_ZONE_INTRVL_VALUE\WellZoneIntrvlValue.sql_1.xml
2015-05-28 15:16:36  Comparing => WELL_TEST_ANALYSIS\DistinctFluidType.sql_1.xml
2015-05-28 15:16:36  Comparing => WELL_TEST_FORMATION\DSTPressureTest.sql_1.xml
2015-05-28 15:16:36  Comparing => WELL_TEST_PRESSURE\DSTPressureTest.sql_1.xml
2015-05-28 15:16:36  Comparing => WELL_TEST\DSTHeader.sql_1.xml
2015-05-28 15:16:36  Comparing => WELL_TEST\DSTsTest.sql_1.xml
2015-05-28 15:16:36  Comparing => Well_Dir_Srvy_Station\DSS_SurveyStations.sql_1.xml
2015-05-28 15:16:36  Comparing => Well_Dir_Srvy_Station\SurveyStations.sql_1.xml
2015-05-28 15:16:36  Comparing => WELL_TEST_ANALYSIS\DSTFluidProperties.sql_1.xml
2015-05-28 15:16:36  Comparing => WELL_TEST_FORMATION\DSTChamberTest.sql_1.xml
2015-05-28 15:16:36  Comparing => WELL_TEST_RECOVERY\DSTPipes.sql_1.xml
2015-05-28 15:16:36  Comparing => Well_Dir_Srvy\Workovers.sql_1.xml
2015-05-28 15:16:36  Comparing => WELL_TEST_FORMATION\DSTFluidPropertiesTest.sql_1.xml
2015-05-28 15:16:36  Comparing => WELL_TEST_RECOVERY\DSTChamber.sql_1.xml
2015-05-28 15:16:36  Comparing => WELL_TEST\DSTPipesTest.sql_1.xml
2015-05-28 15:16:36  Comparing => WELL_TEST\DSTPressureTest.sql_1.xml
2015-05-28 15:16:36  Comparing => WELL_TEST\DSTChamberTest.sql_1.xml
2015-05-28 15:16:36  Comparing => WELL_TEST_FORMATION\DSTPipesTest.sql_1.xml
2015-05-28 15:16:36  Comparing => WELL_TEST_FLOW\DSTSurfacesTest.sql_1.xml
2015-05-28 15:16:36  Comparing => WELL_TEST\DSTFluidPropertiesTest.sql_1.xml
2015-05-28 15:16:36  Comparing => WELL_DIR_PROPOSED_SRVY_STATION\ProposedSurveyStations.sql_1.xml
2015-05-28 15:16:36  Comparing => WELL_ZONE_INTERVAL\WellZoneInterval.sql_1.xml
2015-05-28 15:16:36  Comparing => WELL_TREATMENT\WellTreatment.sql_1.xml
2015-05-28 15:16:36  Comparing => WELL_TEST_ANALYSIS\DSTFluidPropertiesTest.sql_1.xml
2015-05-28 15:16:36  Comparing => WELL_TEST\InitialPotentials.sql_1.xml
2015-05-28 15:16:36  Comparing => WELL_TEST_PRESSURE\DSTPressures.sql_1.xml
2015-05-28 15:16:36  Comparing => WELL_TEST_FLOW\DSTSurfaces.sql_1.xml
2015-05-28 15:16:36  Comparing => WELL_TEST_RECOVERY\DSTChamberTest.sql_1.xml
2015-05-28 15:16:36  Comparing => Well_Dir_Srvy\WellSurveys.sql_1.xml
2015-05-28 15:16:36  Comparing => WELL_TEST_FORMATION\DSTHeader.sql_1.xml
2015-05-28 15:16:36  Comparing => WELL_TEST_FORMATION\DSTSurfacesTest.sql_1.xml
2015-05-28 15:16:36  Comparing => WELL_TEST_RECOVERY\DSTPipesTest.sql_1.xml
2015-05-28 15:16:36  Comparing => WELL_TEST\DSTSurfacesTest.sql_1.xml
2015-05-28 15:16:36  Comparing => Well_Dir_Srvy\WorkoversCAP.sql_1.xml
2015-05-28 15:16:36  Comparing => Well_Dir_Srvy\WellDataPresent.sql_1.xml
2015-05-28 15:16:36  Comparing => Well_Dir_Srvy_Station\WellDataPresent.sql_1.xml
2015-05-28 15:16:36  Comparing => WELL_TREATMENT\WellDataPresent.sql_1.xml
2015-05-28 15:16:36  Comparing => WELL_ZONE_INTRVL_VALUE\WellZoneIntrvValueWithDepthsOuterJoin2.sql_1.xml
2015-05-28 15:16:36  Exception occured in XML compare text: AJC != AAM
2015-05-28 15:16:36  STRATIGRAPHIC_COLUMN\STRATIGRAPHIC_COLUMN.sql_1.xml                              [Fail]
2015-05-28 15:16:36  Exception occured in XML compare mismatch events : end != start
2015-05-28 15:16:36  GX_WELL_SYNTHETIC\VelocitySurveysWithSynthetics.sql_1.xml                        [Fail]
2015-05-28 15:16:36  Exception occured in XML compare mismatch events : end != start
2015-05-28 15:16:36  GX_WELL_SYNTHETIC\WellSynthetic.sql_1.xml                                        [Fail]
2015-05-28 15:16:37  Exception occured in XML compare text: None != A
2015-05-28 15:16:37  FORMATION\DistinctFormationsWithActive.sql_1.xml                                 [Fail]
2015-05-28 15:16:37  Exception occured in XML compare text: 8719.78 != AAM
2015-05-28 15:16:37  R_SOURCE\DistinctSources.sql_1.xml                                               [Fail]
2015-05-28 15:16:37  Exception occured in XML compare text: Anacacho != Atoka E
2015-05-28 15:16:37  GX_ZONE\GXZone.sql_1.xml                                                         [Fail]
2015-05-28 15:16:37  Exception occured in XML compare text: 1st Prod Date != <BaseMD>
2015-05-28 15:16:37  GX_ZATTRIBUTE\GXZAttribute.sql_1.xml                                             [Fail]
2015-05-28 15:16:37  Exception occured in XML compare text: Austin Chalk != Atoka E
2015-05-28 15:16:37  GX_ZONE_ZATTRIBUTE\GXZoneZAttribute.sql_1.xml                                    [Fail]
2015-05-28 15:16:37  Exception occured in XML compare text: 0 != U_Flt001
2015-05-28 15:16:37  R_SOURCE\FaultsSources.sql_1.xml                                                 [Fail]
2015-05-28 15:16:38  Exception occured in XML compare mismatch events : start != end
2015-05-28 15:16:38  GX_PDEN_VOL_SUM_BY_MONTH\WellProduction.sql_1.xml                                [Fail]
2015-05-28 15:16:38  Exception occured in XML compare mismatch events : start != end
2015-05-28 15:16:38  GX_PDEN_VOL_SUM_BY_MONTH\WellCumulativeProduction.sql_1.xml                      [Fail]
2015-05-28 15:16:39  Exception occured in XML compare mismatch events : start != end
2015-05-28 15:16:39  GX_PDEN_VOL_SUM_BY_MONTH\WellMonthlyProductionByZoneAli.sql_1.xml                [Fail]
2015-05-28 15:16:39  Exception occured in XML compare mismatch events : start != end
2015-05-28 15:16:39  GX_PDEN_VOL_SUM_BY_MONTH\AllocatedMonthlyProductionTest.sql_1.xml                [Fail]
2015-05-28 15:16:40  Exception occured in XML compare mismatch events : start != end
2015-05-28 15:16:40  GX_PDEN_VOL_SUM_BY_MONTH\WellMonthlyProduction.sql_1.xml                         [Fail]
2015-05-28 15:16:40  Exception occured in XML compare unexpected '{' in field name
2015-05-28 15:16:40  Well\WellStatuses.sql_1.xml                                                      [Fail]
2015-05-28 15:16:40  Exception occured in XML compare mismatch events : start != end
2015-05-28 15:16:40  GX_PDEN_VOL_SUM_BY_MONTH\AllocatedMonthlyProduction.sql_1.xml                    [Fail]
2015-05-28 15:16:40  Exception occured in XML compare text: None != A
2015-05-28 15:16:40  R_SOURCE\FormationSources.sql_1.xml                                              [Fail]
2015-05-28 15:16:45  Exception occured in XML compare text: 22842_PPT != 1
2015-05-28 15:16:45  Well\LocationGeodatic.sql_1.xml                                                  [Fail]
2015-05-28 15:16:48  Exception occured in XML compare mismatch events : start != end
2015-05-28 15:16:48  TUBING\WellTubing.sql_1.xml                                                      [Fail]
2015-05-28 15:16:52  Exception occured in XML compare text: 22842_PPT != 100
2015-05-28 15:16:52  FORMATION\OrderedFormations.sql_1.xml                                            [Fail]
2015-05-28 15:16:52  Exception occured in XML compare mismatch events : start != end
2015-05-28 15:16:52  CASING\WellCasing.sql_1.xml                                                      [Fail]
2015-05-28 15:16:52  Exception occured in XML compare mismatch events : start != end
2015-05-28 15:16:52  GX_PRODUCTION_TEST\WellProductionTest.sql_1.xml                                  [Fail]
2015-05-28 15:16:52  GGX_MICROSEISMIC_MSEVENT\MicroseismicEvents.sql_1.xml                            [Pass]
2015-05-28 15:16:54  Exception occured in XML compare text: 42013000010000 != 42221311570000
2015-05-28 15:16:54  Well\Workovers.sql_1.xml                                                         [Fail]
2015-05-28 15:16:54  GGX_MICROSEISMIC_PRESSURE\MicroseismicPressures.sql_1.xml                        [Pass]
2015-05-28 15:16:54  Exception occured in XML compare mismatch events : end != start
2015-05-28 15:16:54  WELL_CHECKSHOT_DETAIL\WellCheckshotDetail.sql_1.xml                              [Fail]
2015-05-28 15:16:55  Exception occured in XML compare text: 22842_PPT != 100
2015-05-28 15:16:55  R_SOURCE\FormationsOrderedBySource.sql_1.xml                                     [Fail]
2015-05-28 15:16:55  Exception occured in XML compare mismatch events : start != end
2015-05-28 15:16:55  Well\WorkoversCAP.sql_1.xml                                                      [Fail]
2015-05-28 15:16:55  Exception occured in XML compare mismatch events : end != start
2015-05-28 15:16:55  WELL_CHECKSHOT_SURVEY\VelocitySurveysWithSynthetics.sql_1.xml                    [Fail]
2015-05-28 15:16:55  WELL_CHECKSHOT_DETAIL\WellVelocities.sql_1.xml                                   [Pass]
2015-05-28 15:16:55  Exception occured in XML compare mismatch events : end != start
2015-05-28 15:16:55  WELL_CHECKSHOT_SURVEY\WellCheckshotSurvey.sql_1.xml                              [Fail]
2015-05-28 15:16:55  Exception occured in XML compare mismatch events : end != start
2015-05-28 15:16:55  WELL_DIR_PROPOSED_SRVY\WellProposedSurveyDir.sql_1.xml                           [Fail]
2015-05-28 15:16:55  Exception occured in XML compare text: 22842_PPT != 1
2015-05-28 15:16:55  Well\WellHeader.sql_1.xml                                                        [Fail]
2015-05-28 15:16:55  Exception occured in XML compare text: None != A
2015-05-28 15:16:55  FORMATION\FormationSources.sql_1.xml                                             [Fail]
2015-05-28 15:16:55  Exception occured in XML compare text: 22842_PPT != 1
2015-05-28 15:16:55  Well\WellSurveyBH.sql_1.xml                                                      [Fail]
2015-05-28 15:16:56  Exception occured in XML compare text: 22842_PPT != 1
2015-05-28 15:16:56  GX_ZONE\WellZoneAttributeValues.sql_1.xml                                        [Fail]
2015-05-28 15:16:56  Exception occured in XML compare text: 42127333980000 != 42221314740000
2015-05-28 15:16:56  WELL_CORE_SAMPLE_ANAL\WellCoreAnalysis.sql_1.xml                                 [Fail]
2015-05-28 15:16:56  Exception occured in XML compare text: None != A
2015-05-28 15:16:56  FORMATION\DistinctFormations.sql_1.xml                                           [Fail]
2015-05-28 15:16:56  WELL_TEST_MUD\DSTMud.sql_1.xml                                                   [Pass]
2015-05-28 15:16:56  Exception occured in XML compare mismatch events : start != end
2015-05-28 15:16:56  WELL_TEST_FORMATION\DistinctTestedFormations.sql_1.xml                           [Fail]
2015-05-28 15:16:56  Exception occured in XML compare mismatch events : start != end
2015-05-28 15:16:56  WELL_TEST_FORMATION\WellTestFormations.sql_1.xml                                 [Fail]
2015-05-28 15:16:56  Exception occured in XML compare text: 42013302100000 != 42251312850000
2015-05-28 15:16:56  WELL_FAULT\Faults.sql_1.xml                                                      [Fail]
2015-05-28 15:16:56  Exception occured in XML compare mismatch events : start != end
2015-05-28 15:16:56  Well_Dir_Srvy\Workovers12.sql_1.xml                                              [Fail]
2015-05-28 15:16:56  Exception occured in XML compare text: Cassidy != AAM
2015-05-28 15:16:56  FORMATION\FormationLookup.sql_1.xml                                              [Fail]
2015-05-28 15:16:58  Exception occured in XML compare text: 22842_PPT != 1
2015-05-28 15:16:58  Well\WellDataPresent.sql_1.xml                                                   [Fail]
2015-05-28 15:16:58  Exception occured in XML compare mismatch events : start != end
2015-05-28 15:16:58  WELL_TEST_ANALYSIS\DistinctFluidType.sql_1.xml                                   [Fail]
2015-05-28 15:16:59  Exception occured in XML compare text: 22842_PPT != 100
2015-05-28 15:16:59  Well\WellSurveyPicks.sql_1.xml                                                   [Fail]
2015-05-28 15:16:59  Exception occured in XML compare mismatch events : start != end
2015-05-28 15:16:59  WELL_TEST_PRESSURE\DSTPressureTest.sql_1.xml                                     [Fail]
2015-05-28 15:17:02  Exception occured in XML compare text: 22842_PPT != 1
2015-05-28 15:17:02  Well\WellHederWithRemarks.sql_1.xml                                              [Fail]
2015-05-28 15:17:06  Exception occured in XML compare mismatch events : start != end
2015-05-28 15:17:06  WELL_TEST\DSTHeader.sql_1.xml                                                    [Fail]
2015-05-28 15:17:06  Exception occured in XML compare text: 22842_PPT != 1
2015-05-28 15:17:06  Well\WellHeaderAndBlob.sql_1.xml                                                 [Fail]
2015-05-28 15:17:08  Exception occured in XML compare text: 22842_PPT != 1
2015-05-28 15:17:08  Well\WellHeaderAndLocation.sql_1.xml                                             [Fail]
2015-05-28 15:17:09  Exception occured in XML compare text: 42013000040001 != 42221314740000
2015-05-28 15:17:09  WELL_CORE\WellCoreDesc.sql_1.xml                                                 [Fail]
2015-05-28 15:17:09  WELL_TEST_FORMATION\DSTChamberTest.sql_1.xml                                     [Pass]
2015-05-28 15:17:09  Exception occured in XML compare mismatch events : start != end
2015-05-28 15:17:09  WELL_TEST_RECOVERY\DSTPipes.sql_1.xml                                            [Fail]
2015-05-28 15:17:09  Exception occured in XML compare mismatch events : start != end
2015-05-28 15:17:09  WELL_TEST\DSTsTest.sql_1.xml                                                     [Fail]
2015-05-28 15:17:09  Exception occured in XML compare text: 22842_PPT != 1
2015-05-28 15:17:09  Well_Dir_Srvy\DSS_Well.sql_1.xml                                                 [Fail]
2015-05-28 15:17:09  WELL_TEST_RECOVERY\DSTChamber.sql_1.xml                                          [Pass]
2015-05-28 15:17:10  Exception occured in XML compare text: 22842_PPT != 42221311570000
2015-05-28 15:17:10  WELL_ZONE_INTRVL_VALUE\WellZoneIntrvlValue.sql_1.xml                             [Fail]
2015-05-28 15:17:10  Exception occured in XML compare text: 42013000010000 != 42221311570000
2015-05-28 15:17:10  Well_Dir_Srvy\Workovers.sql_1.xml                                                [Fail]
2015-05-28 15:17:10  WELL_TEST\DSTChamberTest.sql_1.xml                                               [Pass]
2015-05-28 15:17:10  Exception occured in XML compare text: 22842_PPT != 1
2015-05-28 15:17:10  Well_Dir_Srvy\WellSurveyDir.sql_1.xml                                            [Fail]
2015-05-28 15:17:11  Exception occured in XML compare mismatch events : start != end
2015-05-28 15:17:11  WELL_TEST_FLOW\DSTSurfacesTest.sql_1.xml                                         [Fail]
2015-05-28 15:17:13  Exception occured in XML compare mismatch events : start != end
2015-05-28 15:17:13  WELL_TEST_ANALYSIS\DSTFluidProperties.sql_1.xml                                  [Fail]
2015-05-28 15:17:13  Exception occured in XML compare mismatch events : end != start
2015-05-28 15:17:13  WELL_DIR_PROPOSED_SRVY_STATION\ProposedSurveyStations.sql_1.xml                  [Fail]
2015-05-28 15:17:13  Exception occured in XML compare mismatch events : start != end
2015-05-28 15:17:13  WELL_TEST_FORMATION\DSTPressureTest.sql_1.xml                                    [Fail]
2015-05-28 15:17:13  WELL_TREATMENT\WellTreatment.sql_1.xml                                           [Pass]
2015-05-28 15:17:14  Exception occured in XML compare mismatch events : start != end
2015-05-28 15:17:14  WELL_TEST\DSTPipesTest.sql_1.xml                                                 [Fail]
2015-05-28 15:17:15  Exception occured in XML compare mismatch events : start != end
2015-05-28 15:17:15  WELL_TEST_FORMATION\DSTFluidPropertiesTest.sql_1.xml                             [Fail]
2015-05-28 15:17:16  Exception occured in XML compare mismatch events : start != end
2015-05-28 15:17:16  WELL_TEST_FORMATION\DSTPipesTest.sql_1.xml                                       [Fail]
2015-05-28 15:17:16  Exception occured in XML compare mismatch events : start != end
2015-05-28 15:17:16  WELL_TEST_FLOW\DSTSurfaces.sql_1.xml                                             [Fail]
2015-05-28 15:17:16  WELL_TEST_RECOVERY\DSTChamberTest.sql_1.xml                                      [Pass]
2015-05-28 15:17:17  Exception occured in XML compare mismatch events : start != end
2015-05-28 15:17:17  WELL_TEST\DSTFluidPropertiesTest.sql_1.xml                                       [Fail]
2015-05-28 15:17:19  Exception occured in XML compare mismatch events : start != end
2015-05-28 15:17:19  WELL_TEST_ANALYSIS\DSTFluidPropertiesTest.sql_1.xml                              [Fail]
2015-05-28 15:17:20  Exception occured in XML compare mismatch events : start != end
2015-05-28 15:17:20  WELL_TEST_FORMATION\DSTSurfacesTest.sql_1.xml                                    [Fail]
2015-05-28 15:17:21  Exception occured in XML compare text: 28105 != 1
2015-05-28 15:17:21  Well_Dir_Srvy_Station\DSS_SurveyStations.sql_1.xml                               [Fail]
2015-05-28 15:17:25  Exception occured in XML compare mismatch events : start != end
2015-05-28 15:17:25  WELL_TEST\DSTSurfacesTest.sql_1.xml                                              [Fail]
2015-05-28 15:17:25  Exception occured in XML compare mismatch events : start != end
2015-05-28 15:17:25  Well_Dir_Srvy\WorkoversCAP.sql_1.xml                                             [Fail]
2015-05-28 15:17:26  Exception occured in XML compare text: 28105 != 1
2015-05-28 15:17:26  Well_Dir_Srvy_Station\SurveyStations.sql_1.xml                                   [Fail]
2015-05-28 15:17:33  Exception occured in XML compare mismatch events : start != end
2015-05-28 15:17:33  WELL_TEST_FORMATION\DSTHeader.sql_1.xml                                          [Fail]
2015-05-28 15:17:34  Exception occured in XML compare mismatch events : start != end
2015-05-28 15:17:34  WELL_TEST\DSTPressureTest.sql_1.xml                                              [Fail]
2015-05-28 15:17:34  Exception occured in XML compare mismatch events : start != end
2015-05-28 15:17:34  WELL_TEST_RECOVERY\DSTPipesTest.sql_1.xml                                        [Fail]
2015-05-28 15:17:34  Exception occured in XML compare text: 22842_PPT != 1
2015-05-28 15:17:34  Well_Dir_Srvy\WellDataPresent.sql_1.xml                                          [Fail]
2015-05-28 15:17:34  Exception occured in XML compare text: 22842_PPT != 1
2015-05-28 15:17:34  Well_Dir_Srvy_Station\WellDataPresent.sql_1.xml                                  [Fail]
2015-05-28 15:17:39  Exception occured in XML compare text: 22842_PPT != 1
2015-05-28 15:17:39  WELL_TREATMENT\WellDataPresent.sql_1.xml                                         [Fail]
2015-05-28 15:17:39  Exception occured in XML compare mismatch events : start != end
2015-05-28 15:17:39  WELL_TEST_PRESSURE\DSTPressures.sql_1.xml                                        [Fail]
2015-05-28 15:17:40  Exception occured in XML compare text: 22842_PPT != 100
2015-05-28 15:17:40  WELL_ZONE_INTERVAL\WellZoneInterval.sql_1.xml                                    [Fail]
2015-05-28 15:17:41  Exception occured in XML compare text: 42013000040000 != 42221311570000
2015-05-28 15:17:41  WELL_TEST\InitialPotentials.sql_1.xml                                            [Fail]
2015-05-28 15:17:43  Exception occured in XML compare text: 22842_PPT != 1
2015-05-28 15:17:43  Well_Dir_Srvy\WellSurveys.sql_1.xml                                              [Fail]
2015-05-28 15:17:50  Exception occured in XML compare text: 22842_PPT != 1
2015-05-28 15:17:50  WELL_ZONE_INTRVL_VALUE\WellZoneIntrvValueWithDepthsOuterJoin2.sql_1.xml          [Fail]
2015-05-28 15:17:50  ====================================================================================================
2015-05-28 15:17:50  11 passed out of 92
2015-05-28 15:17:50  Total elapsed time(secs) 107.50
2015-05-28 15:17:50  ====================================================================================================
