2015-05-29 12:40:07  ====================================================================================================
2015-05-29 12:40:07  Regression started
2015-05-29 12:40:07  ====================================================================================================
2015-05-29 12:40:07  CASING\WellCasing.sql                                                            [Started]
2015-05-29 12:40:07  FORMATION\DistinctFormationAli.sql                                               [Started]
2015-05-29 12:40:07  FORMATION\DistinctFormations.sql                                                 [Started]
2015-05-29 12:40:07  FORMATION\DistinctFormationsWithActive.sql                                       [Started]
2015-05-29 12:40:07  FORMATION\FormationLookup.sql                                                    [Started]
2015-05-29 12:40:07  FORMATION\FormationSources.sql                                                   [Started]
2015-05-29 12:40:07  FORMATION\OrderedFormations.sql                                                  [Started]
2015-05-29 12:40:07  command => ['C:\\Program Files (x86)\\GeoGraphix\\SQL Anywhere 12\\BIN32\\dbisql.com', '-q', '-c', 'UID=dba;PWD=sql;DBF=D:\\GXDBProjects\\Eagle Ford\\GXDB.db', 'D:\\Samples\\GXDBRegression\\GXDBRegression\\EagleFord\\Results\\FORMATION\\DistinctFormations.sql']
2015-05-29 12:40:07  command => ['C:\\Program Files (x86)\\GeoGraphix\\SQL Anywhere 12\\BIN32\\dbisql.com', '-q', '-c', 'UID=dba;PWD=sql;DBF=D:\\GXDBProjects\\Eagle Ford\\GXDB.db', 'D:\\Samples\\GXDBRegression\\GXDBRegression\\EagleFord\\Results\\FORMATION\\DistinctFormationAli.sql']
2015-05-29 12:40:07  GGX_MICROSEISMIC_MSEVENT\MicroseismicEvents.sql                                  [Started]
2015-05-29 12:40:07  command => ['C:\\Program Files (x86)\\GeoGraphix\\SQL Anywhere 12\\BIN32\\dbisql.com', '-q', '-c', 'UID=dba;PWD=sql;DBF=D:\\GXDBProjects\\Eagle Ford\\GXDB.db', 'D:\\Samples\\GXDBRegression\\GXDBRegression\\EagleFord\\Results\\FORMATION\\DistinctFormationsWithActive.sql']
2015-05-29 12:40:07  command => ['C:\\Program Files (x86)\\GeoGraphix\\SQL Anywhere 12\\BIN32\\dbisql.com', '-q', '-c', 'UID=dba;PWD=sql;DBF=D:\\GXDBProjects\\Eagle Ford\\GXDB.db', 'D:\\Samples\\GXDBRegression\\GXDBRegression\\EagleFord\\Results\\FORMATION\\FormationLookup.sql']
2015-05-29 12:40:07  GGX_MICROSEISMIC_PRESSURE\MicroseismicPressures.sql                              [Started]
2015-05-29 12:40:07  command => ['C:\\Program Files (x86)\\GeoGraphix\\SQL Anywhere 12\\BIN32\\dbisql.com', '-q', '-c', 'UID=dba;PWD=sql;DBF=D:\\GXDBProjects\\Eagle Ford\\GXDB.db', 'D:\\Samples\\GXDBRegression\\GXDBRegression\\EagleFord\\Results\\FORMATION\\FormationSources.sql']
2015-05-29 12:40:07  command => ['C:\\Program Files (x86)\\GeoGraphix\\SQL Anywhere 12\\BIN32\\dbisql.com', '-q', '-c', 'UID=dba;PWD=sql;DBF=D:\\GXDBProjects\\Eagle Ford\\GXDB.db', 'D:\\Samples\\GXDBRegression\\GXDBRegression\\EagleFord\\Results\\GGX_MICROSEISMIC_MSEVENT\\MicroseismicEvents.sql']
2015-05-29 12:40:07  command => ['C:\\Program Files (x86)\\GeoGraphix\\SQL Anywhere 12\\BIN32\\dbisql.com', '-q', '-c', 'UID=dba;PWD=sql;DBF=D:\\GXDBProjects\\Eagle Ford\\GXDB.db', 'D:\\Samples\\GXDBRegression\\GXDBRegression\\EagleFord\\Results\\CASING\\WellCasing.sql']
2015-05-29 12:40:07  GX_PDEN_VOL_SUM_BY_MONTH\AllocatedMonthlyProduction.sql                          [Started]
2015-05-29 12:40:07  GX_PDEN_VOL_SUM_BY_MONTH\AllocatedMonthlyProductionTest.sql                      [Started]
2015-05-29 12:40:07  GX_PDEN_VOL_SUM_BY_MONTH\WellCumulativeProduction.sql                            [Started]
2015-05-29 12:40:07  command => ['C:\\Program Files (x86)\\GeoGraphix\\SQL Anywhere 12\\BIN32\\dbisql.com', '-q', '-c', 'UID=dba;PWD=sql;DBF=D:\\GXDBProjects\\Eagle Ford\\GXDB.db', 'D:\\Samples\\GXDBRegression\\GXDBRegression\\EagleFord\\Results\\FORMATION\\OrderedFormations.sql']
2015-05-29 12:40:07  command => ['C:\\Program Files (x86)\\GeoGraphix\\SQL Anywhere 12\\BIN32\\dbisql.com', '-q', '-c', 'UID=dba;PWD=sql;DBF=D:\\GXDBProjects\\Eagle Ford\\GXDB.db', 'D:\\Samples\\GXDBRegression\\GXDBRegression\\EagleFord\\Results\\GGX_MICROSEISMIC_PRESSURE\\MicroseismicPressures.sql']
2015-05-29 12:40:07  GX_PDEN_VOL_SUM_BY_MONTH\WellMonthlyCumProduction.sql                            [Started]
2015-05-29 12:40:08  GX_PDEN_VOL_SUM_BY_MONTH\WellMonthlyProduction.sql                               [Started]
2015-05-29 12:40:08  GX_PDEN_VOL_SUM_BY_MONTH\WellMonthlyProductionByZoneAli.sql                      [Started]
2015-05-29 12:40:08  GX_PDEN_VOL_SUM_BY_MONTH\WellMonthlyYTDProduction.sql                            [Started]
2015-05-29 12:40:08  GX_PDEN_VOL_SUM_BY_MONTH\WellProduction.sql                                      [Started]
2015-05-29 12:40:08  command => ['C:\\Program Files (x86)\\GeoGraphix\\SQL Anywhere 12\\BIN32\\dbisql.com', '-q', '-c', 'UID=dba;PWD=sql;DBF=D:\\GXDBProjects\\Eagle Ford\\GXDB.db', 'D:\\Samples\\GXDBRegression\\GXDBRegression\\EagleFord\\Results\\GX_PDEN_VOL_SUM_BY_MONTH\\AllocatedMonthlyProductionTest.sql']
2015-05-29 12:40:08  command => ['C:\\Program Files (x86)\\GeoGraphix\\SQL Anywhere 12\\BIN32\\dbisql.com', '-q', '-c', 'UID=dba;PWD=sql;DBF=D:\\GXDBProjects\\Eagle Ford\\GXDB.db', 'D:\\Samples\\GXDBRegression\\GXDBRegression\\EagleFord\\Results\\GX_PDEN_VOL_SUM_BY_MONTH\\WellCumulativeProduction.sql']
2015-05-29 12:40:08  command => ['C:\\Program Files (x86)\\GeoGraphix\\SQL Anywhere 12\\BIN32\\dbisql.com', '-q', '-c', 'UID=dba;PWD=sql;DBF=D:\\GXDBProjects\\Eagle Ford\\GXDB.db', 'D:\\Samples\\GXDBRegression\\GXDBRegression\\EagleFord\\Results\\GX_PDEN_VOL_SUM_BY_MONTH\\AllocatedMonthlyProduction.sql']
2015-05-29 12:40:08  GX_PRODUCTION_TEST\WellProductionTest.sql                                        [Started]
2015-05-29 12:40:08  command => ['C:\\Program Files (x86)\\GeoGraphix\\SQL Anywhere 12\\BIN32\\dbisql.com', '-q', '-c', 'UID=dba;PWD=sql;DBF=D:\\GXDBProjects\\Eagle Ford\\GXDB.db', 'D:\\Samples\\GXDBRegression\\GXDBRegression\\EagleFord\\Results\\GX_PDEN_VOL_SUM_BY_MONTH\\WellMonthlyCumProduction.sql']
2015-05-29 12:40:08  command => ['C:\\Program Files (x86)\\GeoGraphix\\SQL Anywhere 12\\BIN32\\dbisql.com', '-q', '-c', 'UID=dba;PWD=sql;DBF=D:\\GXDBProjects\\Eagle Ford\\GXDB.db', 'D:\\Samples\\GXDBRegression\\GXDBRegression\\EagleFord\\Results\\GX_PDEN_VOL_SUM_BY_MONTH\\WellMonthlyProductionByZoneAli.sql']
2015-05-29 12:40:08  command => ['C:\\Program Files (x86)\\GeoGraphix\\SQL Anywhere 12\\BIN32\\dbisql.com', '-q', '-c', 'UID=dba;PWD=sql;DBF=D:\\GXDBProjects\\Eagle Ford\\GXDB.db', 'D:\\Samples\\GXDBRegression\\GXDBRegression\\EagleFord\\Results\\GX_PDEN_VOL_SUM_BY_MONTH\\WellProduction.sql']
2015-05-29 12:40:08  GX_WELL_SYNTHETIC\VelocitySurveysWithSynthetics.sql                              [Started]
2015-05-29 12:40:08  command => ['C:\\Program Files (x86)\\GeoGraphix\\SQL Anywhere 12\\BIN32\\dbisql.com', '-q', '-c', 'UID=dba;PWD=sql;DBF=D:\\GXDBProjects\\Eagle Ford\\GXDB.db', 'D:\\Samples\\GXDBRegression\\GXDBRegression\\EagleFord\\Results\\GX_PDEN_VOL_SUM_BY_MONTH\\WellMonthlyProduction.sql']
2015-05-29 12:40:08  command => ['C:\\Program Files (x86)\\GeoGraphix\\SQL Anywhere 12\\BIN32\\dbisql.com', '-q', '-c', 'UID=dba;PWD=sql;DBF=D:\\GXDBProjects\\Eagle Ford\\GXDB.db', 'D:\\Samples\\GXDBRegression\\GXDBRegression\\EagleFord\\Results\\GX_PDEN_VOL_SUM_BY_MONTH\\WellMonthlyYTDProduction.sql']
2015-05-29 12:40:08  GX_WELL_SYNTHETIC\WellSynthetic.sql                                              [Started]
2015-05-29 12:40:08  GX_ZATTRIBUTE\GXZAttribute.sql                                                   [Started]
2015-05-29 12:40:08  command => ['C:\\Program Files (x86)\\GeoGraphix\\SQL Anywhere 12\\BIN32\\dbisql.com', '-q', '-c', 'UID=dba;PWD=sql;DBF=D:\\GXDBProjects\\Eagle Ford\\GXDB.db', 'D:\\Samples\\GXDBRegression\\GXDBRegression\\EagleFord\\Results\\GX_PRODUCTION_TEST\\WellProductionTest.sql']
2015-05-29 12:40:08  GX_ZONE\GXZone.sql                                                               [Started]
2015-05-29 12:40:08  GX_ZONE\WellZoneAttributeValues.sql                                              [Started]
2015-05-29 12:40:08  GX_ZONE_ZATTRIBUTE\GXZoneZAttribute.sql                                          [Started]
2015-05-29 12:40:08  command => ['C:\\Program Files (x86)\\GeoGraphix\\SQL Anywhere 12\\BIN32\\dbisql.com', '-q', '-c', 'UID=dba;PWD=sql;DBF=D:\\GXDBProjects\\Eagle Ford\\GXDB.db', 'D:\\Samples\\GXDBRegression\\GXDBRegression\\EagleFord\\Results\\GX_WELL_SYNTHETIC\\VelocitySurveysWithSynthetics.sql']
2015-05-29 12:40:08  R_SOURCE\DistinctSources.sql                                                     [Started]
2015-05-29 12:40:08  R_SOURCE\FaultsSources.sql                                                       [Started]
2015-05-29 12:40:08  R_SOURCE\FormationsOrderedBySource.sql                                           [Started]
2015-05-29 12:40:08  command => ['C:\\Program Files (x86)\\GeoGraphix\\SQL Anywhere 12\\BIN32\\dbisql.com', '-q', '-c', 'UID=dba;PWD=sql;DBF=D:\\GXDBProjects\\Eagle Ford\\GXDB.db', 'D:\\Samples\\GXDBRegression\\GXDBRegression\\EagleFord\\Results\\GX_ZATTRIBUTE\\GXZAttribute.sql']
2015-05-29 12:40:08  command => ['C:\\Program Files (x86)\\GeoGraphix\\SQL Anywhere 12\\BIN32\\dbisql.com', '-q', '-c', 'UID=dba;PWD=sql;DBF=D:\\GXDBProjects\\Eagle Ford\\GXDB.db', 'D:\\Samples\\GXDBRegression\\GXDBRegression\\EagleFord\\Results\\GX_ZONE\\GXZone.sql']
2015-05-29 12:40:08  command => ['C:\\Program Files (x86)\\GeoGraphix\\SQL Anywhere 12\\BIN32\\dbisql.com', '-q', '-c', 'UID=dba;PWD=sql;DBF=D:\\GXDBProjects\\Eagle Ford\\GXDB.db', 'D:\\Samples\\GXDBRegression\\GXDBRegression\\EagleFord\\Results\\GX_ZONE\\WellZoneAttributeValues.sql']
2015-05-29 12:40:08  command => ['C:\\Program Files (x86)\\GeoGraphix\\SQL Anywhere 12\\BIN32\\dbisql.com', '-q', '-c', 'UID=dba;PWD=sql;DBF=D:\\GXDBProjects\\Eagle Ford\\GXDB.db', 'D:\\Samples\\GXDBRegression\\GXDBRegression\\EagleFord\\Results\\GX_ZONE_ZATTRIBUTE\\GXZoneZAttribute.sql']
2015-05-29 12:40:08  command => ['C:\\Program Files (x86)\\GeoGraphix\\SQL Anywhere 12\\BIN32\\dbisql.com', '-q', '-c', 'UID=dba;PWD=sql;DBF=D:\\GXDBProjects\\Eagle Ford\\GXDB.db', 'D:\\Samples\\GXDBRegression\\GXDBRegression\\EagleFord\\Results\\GX_WELL_SYNTHETIC\\WellSynthetic.sql']
2015-05-29 12:40:08  command => ['C:\\Program Files (x86)\\GeoGraphix\\SQL Anywhere 12\\BIN32\\dbisql.com', '-q', '-c', 'UID=dba;PWD=sql;DBF=D:\\GXDBProjects\\Eagle Ford\\GXDB.db', 'D:\\Samples\\GXDBRegression\\GXDBRegression\\EagleFord\\Results\\R_SOURCE\\FaultsSources.sql']
2015-05-29 12:40:08  R_SOURCE\FormationSources.sql                                                    [Started]
2015-05-29 12:40:08  STRATIGRAPHIC_COLUMN\STRATIGRAPHIC_COLUMN.sql                                    [Started]
2015-05-29 12:40:08  TUBING\WellTubing.sql                                                            [Started]
2015-05-29 12:40:08  Well\LocationGeodatic.sql                                                        [Started]
2015-05-29 12:40:08  command => ['C:\\Program Files (x86)\\GeoGraphix\\SQL Anywhere 12\\BIN32\\dbisql.com', '-q', '-c', 'UID=dba;PWD=sql;DBF=D:\\GXDBProjects\\Eagle Ford\\GXDB.db', 'D:\\Samples\\GXDBRegression\\GXDBRegression\\EagleFord\\Results\\R_SOURCE\\DistinctSources.sql']
2015-05-29 12:40:08  Well\WellDataPresent.sql                                                         [Started]
2015-05-29 12:40:08  Well\WellHeader.sql                                                              [Started]
2015-05-29 12:40:09  command => ['C:\\Program Files (x86)\\GeoGraphix\\SQL Anywhere 12\\BIN32\\dbisql.com', '-q', '-c', 'UID=dba;PWD=sql;DBF=D:\\GXDBProjects\\Eagle Ford\\GXDB.db', 'D:\\Samples\\GXDBRegression\\GXDBRegression\\EagleFord\\Results\\R_SOURCE\\FormationSources.sql']
2015-05-29 12:40:09  Well\WellHeaderAndBlob.sql                                                       [Started]
2015-05-29 12:40:09  command => ['C:\\Program Files (x86)\\GeoGraphix\\SQL Anywhere 12\\BIN32\\dbisql.com', '-q', '-c', 'UID=dba;PWD=sql;DBF=D:\\GXDBProjects\\Eagle Ford\\GXDB.db', 'D:\\Samples\\GXDBRegression\\GXDBRegression\\EagleFord\\Results\\TUBING\\WellTubing.sql']
2015-05-29 12:40:09  Well\WellHederWithRemarks.sql                                                    [Started]
2015-05-29 12:40:09  Well\WellHeaderAndLocation.sql                                                   [Started]
2015-05-29 12:40:09  command => ['C:\\Program Files (x86)\\GeoGraphix\\SQL Anywhere 12\\BIN32\\dbisql.com', '-q', '-c', 'UID=dba;PWD=sql;DBF=D:\\GXDBProjects\\Eagle Ford\\GXDB.db', 'D:\\Samples\\GXDBRegression\\GXDBRegression\\EagleFord\\Results\\Well\\LocationGeodatic.sql']
2015-05-29 12:40:09  command => ['C:\\Program Files (x86)\\GeoGraphix\\SQL Anywhere 12\\BIN32\\dbisql.com', '-q', '-c', 'UID=dba;PWD=sql;DBF=D:\\GXDBProjects\\Eagle Ford\\GXDB.db', 'D:\\Samples\\GXDBRegression\\GXDBRegression\\EagleFord\\Results\\STRATIGRAPHIC_COLUMN\\STRATIGRAPHIC_COLUMN.sql']
2015-05-29 12:40:09  Well\WellStatuses.sql                                                            [Started]
2015-05-29 12:40:09  command => ['C:\\Program Files (x86)\\GeoGraphix\\SQL Anywhere 12\\BIN32\\dbisql.com', '-q', '-c', 'UID=dba;PWD=sql;DBF=D:\\GXDBProjects\\Eagle Ford\\GXDB.db', 'D:\\Samples\\GXDBRegression\\GXDBRegression\\EagleFord\\Results\\R_SOURCE\\FormationsOrderedBySource.sql']
2015-05-29 12:40:09  Well\WellSurveyBH.sql                                                            [Started]
2015-05-29 12:40:09  Well\WellSurveyPicks.sql                                                         [Started]
2015-05-29 12:40:09  Well\Workovers.sql                                                               [Started]
2015-05-29 12:40:09  Well\WorkoversCAP.sql                                                            [Started]
2015-05-29 12:40:09  WELL_CHECKSHOT_DETAIL\WellCheckshotDetail.sql                                    [Started]
2015-05-29 12:40:09  WELL_CHECKSHOT_DETAIL\WellVelocities.sql                                         [Started]
2015-05-29 12:40:09  command => ['C:\\Program Files (x86)\\GeoGraphix\\SQL Anywhere 12\\BIN32\\dbisql.com', '-q', '-c', 'UID=dba;PWD=sql;DBF=D:\\GXDBProjects\\Eagle Ford\\GXDB.db', 'D:\\Samples\\GXDBRegression\\GXDBRegression\\EagleFord\\Results\\Well\\WellStatuses.sql']
2015-05-29 12:40:09  command => ['C:\\Program Files (x86)\\GeoGraphix\\SQL Anywhere 12\\BIN32\\dbisql.com', '-q', '-c', 'UID=dba;PWD=sql;DBF=D:\\GXDBProjects\\Eagle Ford\\GXDB.db', 'D:\\Samples\\GXDBRegression\\GXDBRegression\\EagleFord\\Results\\Well\\WellSurveyPicks.sql']
2015-05-29 12:40:09  command => ['C:\\Program Files (x86)\\GeoGraphix\\SQL Anywhere 12\\BIN32\\dbisql.com', '-q', '-c', 'UID=dba;PWD=sql;DBF=D:\\GXDBProjects\\Eagle Ford\\GXDB.db', 'D:\\Samples\\GXDBRegression\\GXDBRegression\\EagleFord\\Results\\Well\\WellSurveyBH.sql']
2015-05-29 12:40:09  command => ['C:\\Program Files (x86)\\GeoGraphix\\SQL Anywhere 12\\BIN32\\dbisql.com', '-q', '-c', 'UID=dba;PWD=sql;DBF=D:\\GXDBProjects\\Eagle Ford\\GXDB.db', 'D:\\Samples\\GXDBRegression\\GXDBRegression\\EagleFord\\Results\\Well\\WellHeaderAndBlob.sql']
2015-05-29 12:40:09  command => ['C:\\Program Files (x86)\\GeoGraphix\\SQL Anywhere 12\\BIN32\\dbisql.com', '-q', '-c', 'UID=dba;PWD=sql;DBF=D:\\GXDBProjects\\Eagle Ford\\GXDB.db', 'D:\\Samples\\GXDBRegression\\GXDBRegression\\EagleFord\\Results\\Well\\WellHederWithRemarks.sql']
2015-05-29 12:40:09  command => ['C:\\Program Files (x86)\\GeoGraphix\\SQL Anywhere 12\\BIN32\\dbisql.com', '-q', '-c', 'UID=dba;PWD=sql;DBF=D:\\GXDBProjects\\Eagle Ford\\GXDB.db', 'D:\\Samples\\GXDBRegression\\GXDBRegression\\EagleFord\\Results\\WELL_CHECKSHOT_DETAIL\\WellCheckshotDetail.sql']
2015-05-29 12:40:09  command => ['C:\\Program Files (x86)\\GeoGraphix\\SQL Anywhere 12\\BIN32\\dbisql.com', '-q', '-c', 'UID=dba;PWD=sql;DBF=D:\\GXDBProjects\\Eagle Ford\\GXDB.db', 'D:\\Samples\\GXDBRegression\\GXDBRegression\\EagleFord\\Results\\Well\\WellHeader.sql']
2015-05-29 12:40:09  command => ['C:\\Program Files (x86)\\GeoGraphix\\SQL Anywhere 12\\BIN32\\dbisql.com', '-q', '-c', 'UID=dba;PWD=sql;DBF=D:\\GXDBProjects\\Eagle Ford\\GXDB.db', 'D:\\Samples\\GXDBRegression\\GXDBRegression\\EagleFord\\Results\\Well\\WellHeaderAndLocation.sql']
2015-05-29 12:40:09  WELL_CHECKSHOT_SURVEY\VelocitySurveysWithSynthetics.sql                          [Started]
2015-05-29 12:40:09  WELL_CHECKSHOT_SURVEY\WellCheckshotSurvey.sql                                    [Started]
2015-05-29 12:40:09  command => ['C:\\Program Files (x86)\\GeoGraphix\\SQL Anywhere 12\\BIN32\\dbisql.com', '-q', '-c', 'UID=dba;PWD=sql;DBF=D:\\GXDBProjects\\Eagle Ford\\GXDB.db', 'D:\\Samples\\GXDBRegression\\GXDBRegression\\EagleFord\\Results\\Well\\WorkoversCAP.sql']
2015-05-29 12:40:09  command => ['C:\\Program Files (x86)\\GeoGraphix\\SQL Anywhere 12\\BIN32\\dbisql.com', '-q', '-c', 'UID=dba;PWD=sql;DBF=D:\\GXDBProjects\\Eagle Ford\\GXDB.db', 'D:\\Samples\\GXDBRegression\\GXDBRegression\\EagleFord\\Results\\Well\\Workovers.sql']
2015-05-29 12:40:09  command => ['C:\\Program Files (x86)\\GeoGraphix\\SQL Anywhere 12\\BIN32\\dbisql.com', '-q', '-c', 'UID=dba;PWD=sql;DBF=D:\\GXDBProjects\\Eagle Ford\\GXDB.db', 'D:\\Samples\\GXDBRegression\\GXDBRegression\\EagleFord\\Results\\WELL_CHECKSHOT_DETAIL\\WellVelocities.sql']
2015-05-29 12:40:09  WELL_CORE\WellCoreDesc.sql                                                       [Started]
2015-05-29 12:40:09  command => ['C:\\Program Files (x86)\\GeoGraphix\\SQL Anywhere 12\\BIN32\\dbisql.com', '-q', '-c', 'UID=dba;PWD=sql;DBF=D:\\GXDBProjects\\Eagle Ford\\GXDB.db', 'D:\\Samples\\GXDBRegression\\GXDBRegression\\EagleFord\\Results\\WELL_CHECKSHOT_SURVEY\\VelocitySurveysWithSynthetics.sql']
2015-05-29 12:40:10  command => ['C:\\Program Files (x86)\\GeoGraphix\\SQL Anywhere 12\\BIN32\\dbisql.com', '-q', '-c', 'UID=dba;PWD=sql;DBF=D:\\GXDBProjects\\Eagle Ford\\GXDB.db', 'D:\\Samples\\GXDBRegression\\GXDBRegression\\EagleFord\\Results\\WELL_CHECKSHOT_SURVEY\\WellCheckshotSurvey.sql']
2015-05-29 12:40:10  WELL_CORE_SAMPLE_ANAL\WellCoreAnalysis.sql                                       [Started]
2015-05-29 12:40:10  command => ['C:\\Program Files (x86)\\GeoGraphix\\SQL Anywhere 12\\BIN32\\dbisql.com', '-q', '-c', 'UID=dba;PWD=sql;DBF=D:\\GXDBProjects\\Eagle Ford\\GXDB.db', 'D:\\Samples\\GXDBRegression\\GXDBRegression\\EagleFord\\Results\\WELL_CORE\\WellCoreDesc.sql']
2015-05-29 12:40:10  WELL_DIR_PROPOSED_SRVY\WellProposedSurveyDir.sql                                 [Started]
2015-05-29 12:40:10  WELL_DIR_PROPOSED_SRVY_STATION\ProposedSurveyStations.sql                        [Started]
2015-05-29 12:40:10  command => ['C:\\Program Files (x86)\\GeoGraphix\\SQL Anywhere 12\\BIN32\\dbisql.com', '-q', '-c', 'UID=dba;PWD=sql;DBF=D:\\GXDBProjects\\Eagle Ford\\GXDB.db', 'D:\\Samples\\GXDBRegression\\GXDBRegression\\EagleFord\\Results\\WELL_DIR_PROPOSED_SRVY_STATION\\ProposedSurveyStations.sql']
2015-05-29 12:40:10  command => ['C:\\Program Files (x86)\\GeoGraphix\\SQL Anywhere 12\\BIN32\\dbisql.com', '-q', '-c', 'UID=dba;PWD=sql;DBF=D:\\GXDBProjects\\Eagle Ford\\GXDB.db', 'D:\\Samples\\GXDBRegression\\GXDBRegression\\EagleFord\\Results\\WELL_DIR_PROPOSED_SRVY\\WellProposedSurveyDir.sql']
2015-05-29 12:40:10  Well_Dir_Srvy\DSS_Well.sql                                                       [Started]
2015-05-29 12:40:10  Well_Dir_Srvy\WellDataPresent.sql                                                [Started]
2015-05-29 12:40:10  command => ['C:\\Program Files (x86)\\GeoGraphix\\SQL Anywhere 12\\BIN32\\dbisql.com', '-q', '-c', 'UID=dba;PWD=sql;DBF=D:\\GXDBProjects\\Eagle Ford\\GXDB.db', 'D:\\Samples\\GXDBRegression\\GXDBRegression\\EagleFord\\Results\\Well\\WellDataPresent.sql']
2015-05-29 12:40:10  Well_Dir_Srvy\WellSurveyDir.sql                                                  [Started]
2015-05-29 12:40:10  Well_Dir_Srvy\WellSurveys.sql                                                    [Started]
2015-05-29 12:40:10  Well_Dir_Srvy\Workovers.sql                                                      [Started]
2015-05-29 12:40:10  Well_Dir_Srvy\Workovers12.sql                                                    [Started]
2015-05-29 12:40:10  Well_Dir_Srvy\WorkoversCAP.sql                                                   [Started]
2015-05-29 12:40:10  command => ['C:\\Program Files (x86)\\GeoGraphix\\SQL Anywhere 12\\BIN32\\dbisql.com', '-q', '-c', 'UID=dba;PWD=sql;DBF=D:\\GXDBProjects\\Eagle Ford\\GXDB.db', 'D:\\Samples\\GXDBRegression\\GXDBRegression\\EagleFord\\Results\\Well_Dir_Srvy\\DSS_Well.sql']
2015-05-29 12:40:10  command => ['C:\\Program Files (x86)\\GeoGraphix\\SQL Anywhere 12\\BIN32\\dbisql.com', '-q', '-c', 'UID=dba;PWD=sql;DBF=D:\\GXDBProjects\\Eagle Ford\\GXDB.db', 'D:\\Samples\\GXDBRegression\\GXDBRegression\\EagleFord\\Results\\Well_Dir_Srvy\\WellSurveyDir.sql']
2015-05-29 12:40:10  command => ['C:\\Program Files (x86)\\GeoGraphix\\SQL Anywhere 12\\BIN32\\dbisql.com', '-q', '-c', 'UID=dba;PWD=sql;DBF=D:\\GXDBProjects\\Eagle Ford\\GXDB.db', 'D:\\Samples\\GXDBRegression\\GXDBRegression\\EagleFord\\Results\\Well_Dir_Srvy\\WellSurveys.sql']
2015-05-29 12:40:10  Well_Dir_Srvy_Station\DSS_SurveyStations.sql                                     [Started]
2015-05-29 12:40:10  command => ['C:\\Program Files (x86)\\GeoGraphix\\SQL Anywhere 12\\BIN32\\dbisql.com', '-q', '-c', 'UID=dba;PWD=sql;DBF=D:\\GXDBProjects\\Eagle Ford\\GXDB.db', 'D:\\Samples\\GXDBRegression\\GXDBRegression\\EagleFord\\Results\\WELL_CORE_SAMPLE_ANAL\\WellCoreAnalysis.sql']
2015-05-29 12:40:10  Well_Dir_Srvy_Station\SurveyStations.sql                                         [Started]
2015-05-29 12:40:10  command => ['C:\\Program Files (x86)\\GeoGraphix\\SQL Anywhere 12\\BIN32\\dbisql.com', '-q', '-c', 'UID=dba;PWD=sql;DBF=D:\\GXDBProjects\\Eagle Ford\\GXDB.db', 'D:\\Samples\\GXDBRegression\\GXDBRegression\\EagleFord\\Results\\Well_Dir_Srvy\\WorkoversCAP.sql']
2015-05-29 12:40:10  Well_Dir_Srvy_Station\WellDataPresent.sql                                        [Started]
2015-05-29 12:40:10  command => ['C:\\Program Files (x86)\\GeoGraphix\\SQL Anywhere 12\\BIN32\\dbisql.com', '-q', '-c', 'UID=dba;PWD=sql;DBF=D:\\GXDBProjects\\Eagle Ford\\GXDB.db', 'D:\\Samples\\GXDBRegression\\GXDBRegression\\EagleFord\\Results\\Well_Dir_Srvy\\Workovers12.sql']
2015-05-29 12:40:10  command => ['C:\\Program Files (x86)\\GeoGraphix\\SQL Anywhere 12\\BIN32\\dbisql.com', '-q', '-c', 'UID=dba;PWD=sql;DBF=D:\\GXDBProjects\\Eagle Ford\\GXDB.db', 'D:\\Samples\\GXDBRegression\\GXDBRegression\\EagleFord\\Results\\Well_Dir_Srvy_Station\\DSS_SurveyStations.sql']
2015-05-29 12:40:10  command => ['C:\\Program Files (x86)\\GeoGraphix\\SQL Anywhere 12\\BIN32\\dbisql.com', '-q', '-c', 'UID=dba;PWD=sql;DBF=D:\\GXDBProjects\\Eagle Ford\\GXDB.db', 'D:\\Samples\\GXDBRegression\\GXDBRegression\\EagleFord\\Results\\Well_Dir_Srvy\\Workovers.sql']
2015-05-29 12:40:10  WELL_FAULT\Faults.sql                                                            [Started]
2015-05-29 12:40:11  command => ['C:\\Program Files (x86)\\GeoGraphix\\SQL Anywhere 12\\BIN32\\dbisql.com', '-q', '-c', 'UID=dba;PWD=sql;DBF=D:\\GXDBProjects\\Eagle Ford\\GXDB.db', 'D:\\Samples\\GXDBRegression\\GXDBRegression\\EagleFord\\Results\\Well_Dir_Srvy_Station\\SurveyStations.sql']
2015-05-29 12:40:11  WELL_TEST\DSTChamberTest.sql                                                     [Started]
2015-05-29 12:40:11  WELL_TEST\DSTFluidPropertiesTest.sql                                             [Started]
2015-05-29 12:40:11  WELL_TEST\DSTHeader.sql                                                          [Started]
2015-05-29 12:40:11  WELL_TEST\DSTPipesTest.sql                                                       [Started]
2015-05-29 12:40:11  command => ['C:\\Program Files (x86)\\GeoGraphix\\SQL Anywhere 12\\BIN32\\dbisql.com', '-q', '-c', 'UID=dba;PWD=sql;DBF=D:\\GXDBProjects\\Eagle Ford\\GXDB.db', 'D:\\Samples\\GXDBRegression\\GXDBRegression\\EagleFord\\Results\\WELL_FAULT\\Faults.sql']
2015-05-29 12:40:11  WELL_TEST\DSTPressureTest.sql                                                    [Started]
2015-05-29 12:40:11  WELL_TEST\DSTsTest.sql                                                           [Started]
2015-05-29 12:40:11  WELL_TEST\DSTSurfacesTest.sql                                                    [Started]
2015-05-29 12:40:11  command => ['C:\\Program Files (x86)\\GeoGraphix\\SQL Anywhere 12\\BIN32\\dbisql.com', '-q', '-c', 'UID=dba;PWD=sql;DBF=D:\\GXDBProjects\\Eagle Ford\\GXDB.db', 'D:\\Samples\\GXDBRegression\\GXDBRegression\\EagleFord\\Results\\WELL_TEST\\DSTChamberTest.sql']
2015-05-29 12:40:11  WELL_TEST\InitialPotentials.sql                                                  [Started]
2015-05-29 12:40:11  command => ['C:\\Program Files (x86)\\GeoGraphix\\SQL Anywhere 12\\BIN32\\dbisql.com', '-q', '-c', 'UID=dba;PWD=sql;DBF=D:\\GXDBProjects\\Eagle Ford\\GXDB.db', 'D:\\Samples\\GXDBRegression\\GXDBRegression\\EagleFord\\Results\\Well_Dir_Srvy\\WellDataPresent.sql']
2015-05-29 12:40:11  command => ['C:\\Program Files (x86)\\GeoGraphix\\SQL Anywhere 12\\BIN32\\dbisql.com', '-q', '-c', 'UID=dba;PWD=sql;DBF=D:\\GXDBProjects\\Eagle Ford\\GXDB.db', 'D:\\Samples\\GXDBRegression\\GXDBRegression\\EagleFord\\Results\\WELL_TEST\\DSTPipesTest.sql']
2015-05-29 12:40:11  command => ['C:\\Program Files (x86)\\GeoGraphix\\SQL Anywhere 12\\BIN32\\dbisql.com', '-q', '-c', 'UID=dba;PWD=sql;DBF=D:\\GXDBProjects\\Eagle Ford\\GXDB.db', 'D:\\Samples\\GXDBRegression\\GXDBRegression\\EagleFord\\Results\\WELL_TEST\\DSTsTest.sql']
2015-05-29 12:40:11  command => ['C:\\Program Files (x86)\\GeoGraphix\\SQL Anywhere 12\\BIN32\\dbisql.com', '-q', '-c', 'UID=dba;PWD=sql;DBF=D:\\GXDBProjects\\Eagle Ford\\GXDB.db', 'D:\\Samples\\GXDBRegression\\GXDBRegression\\EagleFord\\Results\\WELL_TEST\\DSTFluidPropertiesTest.sql']
2015-05-29 12:40:11  command => ['C:\\Program Files (x86)\\GeoGraphix\\SQL Anywhere 12\\BIN32\\dbisql.com', '-q', '-c', 'UID=dba;PWD=sql;DBF=D:\\GXDBProjects\\Eagle Ford\\GXDB.db', 'D:\\Samples\\GXDBRegression\\GXDBRegression\\EagleFord\\Results\\WELL_TEST\\DSTHeader.sql']
2015-05-29 12:40:11  WELL_TEST_ANALYSIS\DistinctFluidType.sql                                         [Started]
2015-05-29 12:40:11  WELL_TEST_ANALYSIS\DSTFluidProperties.sql                                        [Started]
2015-05-29 12:40:11  WELL_TEST_ANALYSIS\DSTFluidPropertiesTest.sql                                    [Started]
2015-05-29 12:40:11  command => ['C:\\Program Files (x86)\\GeoGraphix\\SQL Anywhere 12\\BIN32\\dbisql.com', '-q', '-c', 'UID=dba;PWD=sql;DBF=D:\\GXDBProjects\\Eagle Ford\\GXDB.db', 'D:\\Samples\\GXDBRegression\\GXDBRegression\\EagleFord\\Results\\WELL_TEST\\DSTPressureTest.sql']
2015-05-29 12:40:11  command => ['C:\\Program Files (x86)\\GeoGraphix\\SQL Anywhere 12\\BIN32\\dbisql.com', '-q', '-c', 'UID=dba;PWD=sql;DBF=D:\\GXDBProjects\\Eagle Ford\\GXDB.db', 'D:\\Samples\\GXDBRegression\\GXDBRegression\\EagleFord\\Results\\WELL_TEST\\DSTSurfacesTest.sql']
2015-05-29 12:40:11  WELL_TEST_FLOW\DSTSurfaces.sql                                                   [Started]
2015-05-29 12:40:11  command => ['C:\\Program Files (x86)\\GeoGraphix\\SQL Anywhere 12\\BIN32\\dbisql.com', '-q', '-c', 'UID=dba;PWD=sql;DBF=D:\\GXDBProjects\\Eagle Ford\\GXDB.db', 'D:\\Samples\\GXDBRegression\\GXDBRegression\\EagleFord\\Results\\WELL_TEST_ANALYSIS\\DistinctFluidType.sql']
2015-05-29 12:40:11  command => ['C:\\Program Files (x86)\\GeoGraphix\\SQL Anywhere 12\\BIN32\\dbisql.com', '-q', '-c', 'UID=dba;PWD=sql;DBF=D:\\GXDBProjects\\Eagle Ford\\GXDB.db', 'D:\\Samples\\GXDBRegression\\GXDBRegression\\EagleFord\\Results\\WELL_TEST\\InitialPotentials.sql']
2015-05-29 12:40:11  command => ['C:\\Program Files (x86)\\GeoGraphix\\SQL Anywhere 12\\BIN32\\dbisql.com', '-q', '-c', 'UID=dba;PWD=sql;DBF=D:\\GXDBProjects\\Eagle Ford\\GXDB.db', 'D:\\Samples\\GXDBRegression\\GXDBRegression\\EagleFord\\Results\\Well_Dir_Srvy_Station\\WellDataPresent.sql']
2015-05-29 12:40:11  command => ['C:\\Program Files (x86)\\GeoGraphix\\SQL Anywhere 12\\BIN32\\dbisql.com', '-q', '-c', 'UID=dba;PWD=sql;DBF=D:\\GXDBProjects\\Eagle Ford\\GXDB.db', 'D:\\Samples\\GXDBRegression\\GXDBRegression\\EagleFord\\Results\\WELL_TEST_ANALYSIS\\DSTFluidProperties.sql']
2015-05-29 12:40:11  WELL_TEST_FLOW\DSTSurfacesTest.sql                                               [Started]
2015-05-29 12:40:11  command => ['C:\\Program Files (x86)\\GeoGraphix\\SQL Anywhere 12\\BIN32\\dbisql.com', '-q', '-c', 'UID=dba;PWD=sql;DBF=D:\\GXDBProjects\\Eagle Ford\\GXDB.db', 'D:\\Samples\\GXDBRegression\\GXDBRegression\\EagleFord\\Results\\WELL_TEST_FLOW\\DSTSurfaces.sql']
2015-05-29 12:40:11  WELL_TEST_FORMATION\DistinctTestedFormations.sql                                 [Started]
2015-05-29 12:40:11  WELL_TEST_FORMATION\DSTChamberTest.sql                                           [Started]
2015-05-29 12:40:11  WELL_TEST_FORMATION\DSTFluidPropertiesTest.sql                                   [Started]
2015-05-29 12:40:11  command => ['C:\\Program Files (x86)\\GeoGraphix\\SQL Anywhere 12\\BIN32\\dbisql.com', '-q', '-c', 'UID=dba;PWD=sql;DBF=D:\\GXDBProjects\\Eagle Ford\\GXDB.db', 'D:\\Samples\\GXDBRegression\\GXDBRegression\\EagleFord\\Results\\WELL_TEST_ANALYSIS\\DSTFluidPropertiesTest.sql']
2015-05-29 12:40:11  WELL_TEST_FORMATION\DSTHeader.sql                                                [Started]
2015-05-29 12:40:11  WELL_TEST_FORMATION\DSTPipesTest.sql                                             [Started]
2015-05-29 12:40:11  WELL_TEST_FORMATION\DSTPressureTest.sql                                          [Started]
2015-05-29 12:40:11  WELL_TEST_FORMATION\DSTSurfacesTest.sql                                          [Started]
2015-05-29 12:40:11  WELL_TEST_FORMATION\WellTestFormations.sql                                       [Started]
2015-05-29 12:40:11  WELL_TEST_MUD\DSTMud.sql                                                         [Started]
2015-05-29 12:40:11  command => ['C:\\Program Files (x86)\\GeoGraphix\\SQL Anywhere 12\\BIN32\\dbisql.com', '-q', '-c', 'UID=dba;PWD=sql;DBF=D:\\GXDBProjects\\Eagle Ford\\GXDB.db', 'D:\\Samples\\GXDBRegression\\GXDBRegression\\EagleFord\\Results\\WELL_TEST_FORMATION\\DistinctTestedFormations.sql']
2015-05-29 12:40:11  WELL_TEST_PRESSURE\DSTPressures.sql                                              [Started]
2015-05-29 12:40:11  WELL_TEST_PRESSURE\DSTPressureTest.sql                                           [Started]
2015-05-29 12:40:11  WELL_TEST_RECOVERY\DSTChamber.sql                                                [Started]
2015-05-29 12:40:11  WELL_TEST_RECOVERY\DSTChamberTest.sql                                            [Started]
2015-05-29 12:40:11  WELL_TEST_RECOVERY\DSTPipes.sql                                                  [Started]
2015-05-29 12:40:12  command => ['C:\\Program Files (x86)\\GeoGraphix\\SQL Anywhere 12\\BIN32\\dbisql.com', '-q', '-c', 'UID=dba;PWD=sql;DBF=D:\\GXDBProjects\\Eagle Ford\\GXDB.db', 'D:\\Samples\\GXDBRegression\\GXDBRegression\\EagleFord\\Results\\WELL_TEST_FLOW\\DSTSurfacesTest.sql']
2015-05-29 12:40:12  WELL_TEST_RECOVERY\DSTPipesTest.sql                                              [Started]
2015-05-29 12:40:12  command => ['C:\\Program Files (x86)\\GeoGraphix\\SQL Anywhere 12\\BIN32\\dbisql.com', '-q', '-c', 'UID=dba;PWD=sql;DBF=D:\\GXDBProjects\\Eagle Ford\\GXDB.db', 'D:\\Samples\\GXDBRegression\\GXDBRegression\\EagleFord\\Results\\WELL_TEST_FORMATION\\DSTFluidPropertiesTest.sql']
2015-05-29 12:40:12  WELL_TREATMENT\WellDataPresent.sql                                               [Started]
2015-05-29 12:40:12  command => ['C:\\Program Files (x86)\\GeoGraphix\\SQL Anywhere 12\\BIN32\\dbisql.com', '-q', '-c', 'UID=dba;PWD=sql;DBF=D:\\GXDBProjects\\Eagle Ford\\GXDB.db', 'D:\\Samples\\GXDBRegression\\GXDBRegression\\EagleFord\\Results\\WELL_TEST_FORMATION\\WellTestFormations.sql']
2015-05-29 12:40:12  WELL_TREATMENT\WellTreatment.sql                                                 [Started]
2015-05-29 12:40:12  command => ['C:\\Program Files (x86)\\GeoGraphix\\SQL Anywhere 12\\BIN32\\dbisql.com', '-q', '-c', 'UID=dba;PWD=sql;DBF=D:\\GXDBProjects\\Eagle Ford\\GXDB.db', 'D:\\Samples\\GXDBRegression\\GXDBRegression\\EagleFord\\Results\\WELL_TEST_FORMATION\\DSTChamberTest.sql']
2015-05-29 12:40:12  command => ['C:\\Program Files (x86)\\GeoGraphix\\SQL Anywhere 12\\BIN32\\dbisql.com', '-q', '-c', 'UID=dba;PWD=sql;DBF=D:\\GXDBProjects\\Eagle Ford\\GXDB.db', 'D:\\Samples\\GXDBRegression\\GXDBRegression\\EagleFord\\Results\\WELL_TEST_FORMATION\\DSTHeader.sql']
2015-05-29 12:40:12  command => ['C:\\Program Files (x86)\\GeoGraphix\\SQL Anywhere 12\\BIN32\\dbisql.com', '-q', '-c', 'UID=dba;PWD=sql;DBF=D:\\GXDBProjects\\Eagle Ford\\GXDB.db', 'D:\\Samples\\GXDBRegression\\GXDBRegression\\EagleFord\\Results\\WELL_TEST_FORMATION\\DSTPipesTest.sql']
2015-05-29 12:40:12  command => ['C:\\Program Files (x86)\\GeoGraphix\\SQL Anywhere 12\\BIN32\\dbisql.com', '-q', '-c', 'UID=dba;PWD=sql;DBF=D:\\GXDBProjects\\Eagle Ford\\GXDB.db', 'D:\\Samples\\GXDBRegression\\GXDBRegression\\EagleFord\\Results\\WELL_TEST_RECOVERY\\DSTChamber.sql']
2015-05-29 12:40:12  command => ['C:\\Program Files (x86)\\GeoGraphix\\SQL Anywhere 12\\BIN32\\dbisql.com', '-q', '-c', 'UID=dba;PWD=sql;DBF=D:\\GXDBProjects\\Eagle Ford\\GXDB.db', 'D:\\Samples\\GXDBRegression\\GXDBRegression\\EagleFord\\Results\\WELL_TEST_MUD\\DSTMud.sql']
2015-05-29 12:40:12  WELL_ZONE_INTERVAL\WellZoneInterval.sql                                          [Started]
2015-05-29 12:40:12  command => ['C:\\Program Files (x86)\\GeoGraphix\\SQL Anywhere 12\\BIN32\\dbisql.com', '-q', '-c', 'UID=dba;PWD=sql;DBF=D:\\GXDBProjects\\Eagle Ford\\GXDB.db', 'D:\\Samples\\GXDBRegression\\GXDBRegression\\EagleFord\\Results\\WELL_TEST_RECOVERY\\DSTPipes.sql']
2015-05-29 12:40:12  command => ['C:\\Program Files (x86)\\GeoGraphix\\SQL Anywhere 12\\BIN32\\dbisql.com', '-q', '-c', 'UID=dba;PWD=sql;DBF=D:\\GXDBProjects\\Eagle Ford\\GXDB.db', 'D:\\Samples\\GXDBRegression\\GXDBRegression\\EagleFord\\Results\\WELL_TEST_RECOVERY\\DSTChamberTest.sql']
2015-05-29 12:40:12  command => ['C:\\Program Files (x86)\\GeoGraphix\\SQL Anywhere 12\\BIN32\\dbisql.com', '-q', '-c', 'UID=dba;PWD=sql;DBF=D:\\GXDBProjects\\Eagle Ford\\GXDB.db', 'D:\\Samples\\GXDBRegression\\GXDBRegression\\EagleFord\\Results\\WELL_TEST_PRESSURE\\DSTPressureTest.sql']
2015-05-29 12:40:12  command => ['C:\\Program Files (x86)\\GeoGraphix\\SQL Anywhere 12\\BIN32\\dbisql.com', '-q', '-c', 'UID=dba;PWD=sql;DBF=D:\\GXDBProjects\\Eagle Ford\\GXDB.db', 'D:\\Samples\\GXDBRegression\\GXDBRegression\\EagleFord\\Results\\WELL_TEST_FORMATION\\DSTPressureTest.sql']
2015-05-29 12:40:12  WELL_ZONE_INTRVL_VALUE\WellZoneIntrvlValue.sql                                   [Started]
2015-05-29 12:40:12  command => ['C:\\Program Files (x86)\\GeoGraphix\\SQL Anywhere 12\\BIN32\\dbisql.com', '-q', '-c', 'UID=dba;PWD=sql;DBF=D:\\GXDBProjects\\Eagle Ford\\GXDB.db', 'D:\\Samples\\GXDBRegression\\GXDBRegression\\EagleFord\\Results\\WELL_TEST_PRESSURE\\DSTPressures.sql']
2015-05-29 12:40:12  command => ['C:\\Program Files (x86)\\GeoGraphix\\SQL Anywhere 12\\BIN32\\dbisql.com', '-q', '-c', 'UID=dba;PWD=sql;DBF=D:\\GXDBProjects\\Eagle Ford\\GXDB.db', 'D:\\Samples\\GXDBRegression\\GXDBRegression\\EagleFord\\Results\\WELL_TREATMENT\\WellTreatment.sql']
2015-05-29 12:40:12  command => ['C:\\Program Files (x86)\\GeoGraphix\\SQL Anywhere 12\\BIN32\\dbisql.com', '-q', '-c', 'UID=dba;PWD=sql;DBF=D:\\GXDBProjects\\Eagle Ford\\GXDB.db', 'D:\\Samples\\GXDBRegression\\GXDBRegression\\EagleFord\\Results\\WELL_TEST_RECOVERY\\DSTPipesTest.sql']
2015-05-29 12:40:12  command => ['C:\\Program Files (x86)\\GeoGraphix\\SQL Anywhere 12\\BIN32\\dbisql.com', '-q', '-c', 'UID=dba;PWD=sql;DBF=D:\\GXDBProjects\\Eagle Ford\\GXDB.db', 'D:\\Samples\\GXDBRegression\\GXDBRegression\\EagleFord\\Results\\WELL_TEST_FORMATION\\DSTSurfacesTest.sql']
2015-05-29 12:40:12  WELL_ZONE_INTRVL_VALUE\WellZoneIntrvValueWithDepthsOuterJoin2.sql                [Started]
2015-05-29 12:40:12  command => ['C:\\Program Files (x86)\\GeoGraphix\\SQL Anywhere 12\\BIN32\\dbisql.com', '-q', '-c', 'UID=dba;PWD=sql;DBF=D:\\GXDBProjects\\Eagle Ford\\GXDB.db', 'D:\\Samples\\GXDBRegression\\GXDBRegression\\EagleFord\\Results\\WELL_ZONE_INTRVL_VALUE\\WellZoneIntrvlValue.sql']
2015-05-29 12:40:12  command => ['C:\\Program Files (x86)\\GeoGraphix\\SQL Anywhere 12\\BIN32\\dbisql.com', '-q', '-c', 'UID=dba;PWD=sql;DBF=D:\\GXDBProjects\\Eagle Ford\\GXDB.db', 'D:\\Samples\\GXDBRegression\\GXDBRegression\\EagleFord\\Results\\WELL_ZONE_INTERVAL\\WellZoneInterval.sql']
2015-05-29 12:40:12  command => ['C:\\Program Files (x86)\\GeoGraphix\\SQL Anywhere 12\\BIN32\\dbisql.com', '-q', '-c', 'UID=dba;PWD=sql;DBF=D:\\GXDBProjects\\Eagle Ford\\GXDB.db', 'D:\\Samples\\GXDBRegression\\GXDBRegression\\EagleFord\\Results\\WELL_ZONE_INTRVL_VALUE\\WellZoneIntrvValueWithDepthsOuterJoin2.sql']
2015-05-29 12:40:12  command => ['C:\\Program Files (x86)\\GeoGraphix\\SQL Anywhere 12\\BIN32\\dbisql.com', '-q', '-c', 'UID=dba;PWD=sql;DBF=D:\\GXDBProjects\\Eagle Ford\\GXDB.db', 'D:\\Samples\\GXDBRegression\\GXDBRegression\\EagleFord\\Results\\WELL_TREATMENT\\WellDataPresent.sql']
2015-05-29 12:40:15  GGX_MICROSEISMIC_MSEVENT\MicroseismicEvents.sql                                  [Finished]
2015-05-29 12:40:19  FORMATION\FormationLookup.sql                                                    [Finished]
2015-05-29 12:40:21  GX_PDEN_VOL_SUM_BY_MONTH\AllocatedMonthlyProductionTest.sql                      [Finished]
2015-05-29 12:40:23  GX_PDEN_VOL_SUM_BY_MONTH\AllocatedMonthlyProduction.sql                          [Finished]
2015-05-29 12:40:24  GX_PDEN_VOL_SUM_BY_MONTH\WellMonthlyCumProduction.sql                            [Finished]
2015-05-29 12:40:25  GX_PDEN_VOL_SUM_BY_MONTH\WellMonthlyProductionByZoneAli.sql                      [Finished]
2015-05-29 12:40:26  GX_PDEN_VOL_SUM_BY_MONTH\WellProduction.sql                                      [Finished]
2015-05-29 12:40:28  GX_PDEN_VOL_SUM_BY_MONTH\WellMonthlyProduction.sql                               [Finished]
2015-05-29 12:40:29  GX_PDEN_VOL_SUM_BY_MONTH\WellMonthlyYTDProduction.sql                            [Finished]
2015-05-29 12:40:31  GX_PDEN_VOL_SUM_BY_MONTH\WellCumulativeProduction.sql                            [Finished]
2015-05-29 12:40:32  FORMATION\DistinctFormationAli.sql                                               [Finished]
2015-05-29 12:40:32  GX_WELL_SYNTHETIC\VelocitySurveysWithSynthetics.sql                              [Finished]
2015-05-29 12:40:32  FORMATION\DistinctFormations.sql                                                 [Finished]
2015-05-29 12:40:32  GGX_MICROSEISMIC_PRESSURE\MicroseismicPressures.sql                              [Finished]
2015-05-29 12:40:32  FORMATION\DistinctFormationsWithActive.sql                                       [Finished]
2015-05-29 12:40:33  GX_ZONE\GXZone.sql                                                               [Finished]
2015-05-29 12:40:33  GX_WELL_SYNTHETIC\WellSynthetic.sql                                              [Finished]
2015-05-29 12:40:33  GX_ZONE_ZATTRIBUTE\GXZoneZAttribute.sql                                          [Finished]
2015-05-29 12:40:33  GX_ZATTRIBUTE\GXZAttribute.sql                                                   [Finished]
2015-05-29 12:40:34  R_SOURCE\DistinctSources.sql                                                     [Finished]
2015-05-29 12:40:34  FORMATION\FormationSources.sql                                                   [Finished]
2015-05-29 12:40:34  R_SOURCE\FaultsSources.sql                                                       [Finished]
2015-05-29 12:40:35  STRATIGRAPHIC_COLUMN\STRATIGRAPHIC_COLUMN.sql                                    [Finished]
2015-05-29 12:40:35  R_SOURCE\FormationSources.sql                                                    [Finished]
2015-05-29 12:40:38  Well\WellStatuses.sql                                                            [Finished]
2015-05-29 12:40:39  TUBING\WellTubing.sql                                                            [Finished]
2015-05-29 12:40:43  Well\LocationGeodatic.sql                                                        [Finished]
2015-05-29 12:40:48  GX_PRODUCTION_TEST\WellProductionTest.sql                                        [Finished]
2015-05-29 12:40:48  Well\WellSurveyBH.sql                                                            [Finished]
2015-05-29 12:40:49  WELL_CHECKSHOT_DETAIL\WellCheckshotDetail.sql                                    [Finished]
2015-05-29 12:40:58  CASING\WellCasing.sql                                                            [Finished]
2015-05-29 12:41:05  Well\WorkoversCAP.sql                                                            [Finished]
2015-05-29 12:41:09  Well\WellSurveyPicks.sql                                                         [Finished]
2015-05-29 12:41:30  WELL_CHECKSHOT_DETAIL\WellVelocities.sql                                         [Finished]
2015-05-29 12:41:34  WELL_CHECKSHOT_SURVEY\VelocitySurveysWithSynthetics.sql                          [Finished]
2015-05-29 12:41:35  WELL_CHECKSHOT_SURVEY\WellCheckshotSurvey.sql                                    [Finished]
2015-05-29 12:41:51  Well\WellHeaderAndBlob.sql                                                       [Finished]
2015-05-29 12:41:53  WELL_DIR_PROPOSED_SRVY_STATION\ProposedSurveyStations.sql                        [Finished]
2015-05-29 12:41:54  WELL_DIR_PROPOSED_SRVY\WellProposedSurveyDir.sql                                 [Finished]
2015-05-29 12:42:21  Well\WellHeader.sql                                                              [Finished]
2015-05-29 12:42:45  WELL_CORE\WellCoreDesc.sql                                                       [Finished]
2015-05-29 12:42:50  Well\Workovers.sql                                                               [Finished]
2015-05-29 12:43:03  R_SOURCE\FormationsOrderedBySource.sql                                           [Finished]
2015-05-29 12:43:07  WELL_CORE_SAMPLE_ANAL\WellCoreAnalysis.sql                                       [Finished]
2015-05-29 12:43:09  Well_Dir_Srvy\WorkoversCAP.sql                                                   [Finished]
2015-05-29 12:43:09  Well_Dir_Srvy\DSS_Well.sql                                                       [Finished]
2015-05-29 12:43:13  Well_Dir_Srvy\Workovers12.sql                                                    [Finished]
2015-05-29 12:43:18  Well_Dir_Srvy\WellSurveyDir.sql                                                  [Finished]
2015-05-29 12:43:21  Well\WellHeaderAndLocation.sql                                                   [Finished]
2015-05-29 12:43:42  WELL_FAULT\Faults.sql                                                            [Finished]
2015-05-29 12:44:12  WELL_TEST\DSTChamberTest.sql                                                     [Finished]
2015-05-29 12:45:03  Well\WellDataPresent.sql                                                         [Finished]
2015-05-29 12:45:04  Well_Dir_Srvy\WellDataPresent.sql                                                [Finished]
2015-05-29 12:45:10  WELL_TEST\DSTPipesTest.sql                                                       [Finished]
2015-05-29 12:45:10  WELL_TEST\DSTsTest.sql                                                           [Finished]
2015-05-29 12:45:16  WELL_TEST\DSTHeader.sql                                                          [Finished]
2015-05-29 12:45:48  WELL_TEST\DSTPressureTest.sql                                                    [Finished]
2015-05-29 12:45:49  Well_Dir_Srvy\Workovers.sql                                                      [Finished]
2015-05-29 12:45:50  WELL_TEST_ANALYSIS\DistinctFluidType.sql                                         [Finished]
2015-05-29 12:46:01  WELL_TEST\DSTFluidPropertiesTest.sql                                             [Finished]
2015-05-29 12:46:03  WELL_TEST\DSTSurfacesTest.sql                                                    [Finished]
2015-05-29 12:46:12  Well_Dir_Srvy_Station\WellDataPresent.sql                                        [Finished]
2015-05-29 12:46:14  WELL_TEST_ANALYSIS\DSTFluidProperties.sql                                        [Finished]
2015-05-29 12:46:17  WELL_TEST_FLOW\DSTSurfaces.sql                                                   [Finished]
2015-05-29 12:46:17  WELL_TEST_FORMATION\DistinctTestedFormations.sql                                 [Finished]
2015-05-29 12:46:21  WELL_TEST_FLOW\DSTSurfacesTest.sql                                               [Finished]
2015-05-29 12:46:35  WELL_TEST_FORMATION\DSTFluidPropertiesTest.sql                                   [Finished]
2015-05-29 12:46:36  WELL_TEST_ANALYSIS\DSTFluidPropertiesTest.sql                                    [Finished]
2015-05-29 12:46:37  WELL_TEST_FORMATION\WellTestFormations.sql                                       [Finished]
2015-05-29 12:46:37  WELL_TEST_FORMATION\DSTChamberTest.sql                                           [Finished]
2015-05-29 12:46:52  WELL_TEST_FORMATION\DSTHeader.sql                                                [Finished]
2015-05-29 12:46:54  WELL_TEST_RECOVERY\DSTChamber.sql                                                [Finished]
2015-05-29 12:46:55  WELL_TEST_MUD\DSTMud.sql                                                         [Finished]
2015-05-29 12:47:06  WELL_TEST_RECOVERY\DSTPipes.sql                                                  [Finished]
2015-05-29 12:47:10  WELL_TEST_RECOVERY\DSTChamberTest.sql                                            [Finished]
2015-05-29 12:47:15  WELL_TEST_FORMATION\DSTPipesTest.sql                                             [Finished]
2015-05-29 12:48:16  WELL_TEST_FORMATION\DSTPressureTest.sql                                          [Finished]
2015-05-29 12:48:39  WELL_TEST_PRESSURE\DSTPressureTest.sql                                           [Finished]
2015-05-29 12:48:41  WELL_TREATMENT\WellTreatment.sql                                                 [Finished]
2015-05-29 12:48:48  WELL_TEST_PRESSURE\DSTPressures.sql                                              [Finished]
2015-05-29 12:48:52  WELL_TEST_FORMATION\DSTSurfacesTest.sql                                          [Finished]
2015-05-29 12:48:57  WELL_TEST_RECOVERY\DSTPipesTest.sql                                              [Finished]
2015-05-29 12:52:44  WELL_TEST\InitialPotentials.sql                                                  [Finished]
2015-05-29 12:55:13  Well_Dir_Srvy_Station\DSS_SurveyStations.sql                                     [Finished]
2015-05-29 12:55:13  Well_Dir_Srvy_Station\SurveyStations.sql                                         [Finished]
2015-05-29 12:55:24  WELL_TREATMENT\WellDataPresent.sql                                               [Finished]
2015-05-29 12:56:13  WELL_ZONE_INTRVL_VALUE\WellZoneIntrvlValue.sql                                   [Finished]
2015-05-29 12:56:28  Well\WellHederWithRemarks.sql                                                    [Finished]
2015-05-29 12:58:38  Well_Dir_Srvy\WellSurveys.sql                                                    [Finished]
2015-05-29 12:58:42  WELL_ZONE_INTERVAL\WellZoneInterval.sql                                          [Finished]
2015-05-29 13:06:12  GX_ZONE\WellZoneAttributeValues.sql                                              [Finished]
2015-05-29 13:07:02  FORMATION\OrderedFormations.sql                                                  [Finished]
2015-05-29 13:07:21  WELL_ZONE_INTRVL_VALUE\WellZoneIntrvValueWithDepthsOuterJoin2.sql                [Finished]
2015-05-29 13:07:21  ====================================================================================================
2015-05-29 13:07:21  Results
2015-05-29 13:07:21  ====================================================================================================
2015-05-29 13:07:21  Comparing => GGX_MICROSEISMIC_MSEVENT\MicroseismicEvents.sql_1.xml
2015-05-29 13:07:21  Comparing => FORMATION\FormationLookup.sql_1.xml
2015-05-29 13:07:21  Comparing => GX_PDEN_VOL_SUM_BY_MONTH\AllocatedMonthlyProductionTest.sql_1.xml
2015-05-29 13:07:21  Comparing => GX_PDEN_VOL_SUM_BY_MONTH\AllocatedMonthlyProduction.sql_1.xml
2015-05-29 13:07:21  Comparing => GX_PDEN_VOL_SUM_BY_MONTH\WellMonthlyCumProduction.sql_1.xml
2015-05-29 13:07:21  Comparing => GX_PDEN_VOL_SUM_BY_MONTH\WellMonthlyProductionByZoneAli.sql_1.xml
2015-05-29 13:07:21  Comparing => GX_PDEN_VOL_SUM_BY_MONTH\WellProduction.sql_1.xml
2015-05-29 13:07:21  Comparing => GX_PDEN_VOL_SUM_BY_MONTH\WellMonthlyProduction.sql_1.xml
2015-05-29 13:07:21  Comparing => GX_PDEN_VOL_SUM_BY_MONTH\WellMonthlyYTDProduction.sql_1.xml
2015-05-29 13:07:21  Comparing => GX_PDEN_VOL_SUM_BY_MONTH\WellCumulativeProduction.sql_1.xml
2015-05-29 13:07:21  Comparing => GX_WELL_SYNTHETIC\VelocitySurveysWithSynthetics.sql_1.xml
2015-05-29 13:07:21  Comparing => FORMATION\DistinctFormations.sql_1.xml
2015-05-29 13:07:21  Comparing => GGX_MICROSEISMIC_PRESSURE\MicroseismicPressures.sql_1.xml
2015-05-29 13:07:21  Comparing => FORMATION\DistinctFormationsWithActive.sql_1.xml
2015-05-29 13:07:21  Comparing => GX_ZONE\GXZone.sql_1.xml
2015-05-29 13:07:21  Comparing => GX_WELL_SYNTHETIC\WellSynthetic.sql_1.xml
2015-05-29 13:07:21  Comparing => GX_ZONE_ZATTRIBUTE\GXZoneZAttribute.sql_1.xml
2015-05-29 13:07:21  Comparing => GX_ZATTRIBUTE\GXZAttribute.sql_1.xml
2015-05-29 13:07:21  Comparing => R_SOURCE\DistinctSources.sql_1.xml
2015-05-29 13:07:21  Comparing => FORMATION\FormationSources.sql_1.xml
2015-05-29 13:07:21  Comparing => R_SOURCE\FaultsSources.sql_1.xml
2015-05-29 13:07:21  Comparing => STRATIGRAPHIC_COLUMN\STRATIGRAPHIC_COLUMN.sql_1.xml
2015-05-29 13:07:21  Comparing => R_SOURCE\FormationSources.sql_1.xml
2015-05-29 13:07:21  Comparing => Well\WellStatuses.sql_1.xml
2015-05-29 13:07:21  Comparing => TUBING\WellTubing.sql_1.xml
2015-05-29 13:07:21  Comparing => Well\LocationGeodatic.sql_1.xml
2015-05-29 13:07:21  Comparing => GX_PRODUCTION_TEST\WellProductionTest.sql_1.xml
2015-05-29 13:07:21  Comparing => Well\WellSurveyBH.sql_1.xml
2015-05-29 13:07:21  Comparing => WELL_CHECKSHOT_DETAIL\WellCheckshotDetail.sql_1.xml
2015-05-29 13:07:21  Comparing => CASING\WellCasing.sql_1.xml
2015-05-29 13:07:21  Comparing => Well\WorkoversCAP.sql_1.xml
2015-05-29 13:07:21  Comparing => Well\WellSurveyPicks.sql_1.xml
2015-05-29 13:07:21  Comparing => WELL_CHECKSHOT_DETAIL\WellVelocities.sql_1.xml
2015-05-29 13:07:21  Comparing => WELL_CHECKSHOT_SURVEY\VelocitySurveysWithSynthetics.sql_1.xml
2015-05-29 13:07:21  Comparing => WELL_CHECKSHOT_SURVEY\WellCheckshotSurvey.sql_1.xml
2015-05-29 13:07:21  Comparing => Well\WellHeaderAndBlob.sql_1.xml
2015-05-29 13:07:21  Comparing => WELL_DIR_PROPOSED_SRVY_STATION\ProposedSurveyStations.sql_1.xml
2015-05-29 13:07:21  Comparing => WELL_DIR_PROPOSED_SRVY\WellProposedSurveyDir.sql_1.xml
2015-05-29 13:07:21  Comparing => Well\WellHeader.sql_1.xml
2015-05-29 13:07:21  Comparing => WELL_CORE\WellCoreDesc.sql_1.xml
2015-05-29 13:07:21  Comparing => Well\Workovers.sql_1.xml
2015-05-29 13:07:21  Comparing => R_SOURCE\FormationsOrderedBySource.sql_1.xml
2015-05-29 13:07:21  Comparing => WELL_CORE_SAMPLE_ANAL\WellCoreAnalysis.sql_1.xml
2015-05-29 13:07:21  Comparing => Well_Dir_Srvy\WorkoversCAP.sql_1.xml
2015-05-29 13:07:21  Comparing => Well_Dir_Srvy\DSS_Well.sql_1.xml
2015-05-29 13:07:21  Comparing => Well_Dir_Srvy\Workovers12.sql_1.xml
2015-05-29 13:07:21  Comparing => Well_Dir_Srvy\WellSurveyDir.sql_1.xml
2015-05-29 13:07:21  Comparing => Well\WellHeaderAndLocation.sql_1.xml
2015-05-29 13:07:21  Comparing => WELL_FAULT\Faults.sql_1.xml
2015-05-29 13:07:21  Comparing => WELL_TEST\DSTChamberTest.sql_1.xml
2015-05-29 13:07:21  Comparing => Well\WellDataPresent.sql_1.xml
2015-05-29 13:07:21  Comparing => Well_Dir_Srvy\WellDataPresent.sql_1.xml
2015-05-29 13:07:21  Comparing => WELL_TEST\DSTPipesTest.sql_1.xml
2015-05-29 13:07:21  Comparing => WELL_TEST\DSTsTest.sql_1.xml
2015-05-29 13:07:21  Comparing => WELL_TEST\DSTHeader.sql_1.xml
2015-05-29 13:07:21  Comparing => WELL_TEST\DSTPressureTest.sql_1.xml
2015-05-29 13:07:21  Comparing => Well_Dir_Srvy\Workovers.sql_1.xml
2015-05-29 13:07:21  Comparing => WELL_TEST_ANALYSIS\DistinctFluidType.sql_1.xml
2015-05-29 13:07:21  Comparing => WELL_TEST\DSTFluidPropertiesTest.sql_1.xml
2015-05-29 13:07:21  Comparing => WELL_TEST\DSTSurfacesTest.sql_1.xml
2015-05-29 13:07:21  Comparing => Well_Dir_Srvy_Station\WellDataPresent.sql_1.xml
2015-05-29 13:07:21  Comparing => WELL_TEST_ANALYSIS\DSTFluidProperties.sql_1.xml
2015-05-29 13:07:21  Comparing => WELL_TEST_FLOW\DSTSurfaces.sql_1.xml
2015-05-29 13:07:21  Comparing => WELL_TEST_FORMATION\DistinctTestedFormations.sql_1.xml
2015-05-29 13:07:21  Comparing => WELL_TEST_FLOW\DSTSurfacesTest.sql_1.xml
2015-05-29 13:07:21  Comparing => WELL_TEST_FORMATION\DSTFluidPropertiesTest.sql_1.xml
2015-05-29 13:07:21  Comparing => WELL_TEST_ANALYSIS\DSTFluidPropertiesTest.sql_1.xml
2015-05-29 13:07:21  Comparing => WELL_TEST_FORMATION\WellTestFormations.sql_1.xml
2015-05-29 13:07:21  Comparing => WELL_TEST_FORMATION\DSTChamberTest.sql_1.xml
2015-05-29 13:07:21  Comparing => WELL_TEST_FORMATION\DSTHeader.sql_1.xml
2015-05-29 13:07:21  Comparing => WELL_TEST_RECOVERY\DSTChamber.sql_1.xml
2015-05-29 13:07:21  Comparing => WELL_TEST_MUD\DSTMud.sql_1.xml
2015-05-29 13:07:21  Comparing => WELL_TEST_RECOVERY\DSTPipes.sql_1.xml
2015-05-29 13:07:21  Comparing => WELL_TEST_RECOVERY\DSTChamberTest.sql_1.xml
2015-05-29 13:07:21  Comparing => WELL_TEST_FORMATION\DSTPipesTest.sql_1.xml
2015-05-29 13:07:21  Comparing => WELL_TEST_FORMATION\DSTPressureTest.sql_1.xml
2015-05-29 13:07:21  Comparing => WELL_TEST_PRESSURE\DSTPressureTest.sql_1.xml
2015-05-29 13:07:21  Comparing => WELL_TREATMENT\WellTreatment.sql_1.xml
2015-05-29 13:07:21  Comparing => WELL_TEST_PRESSURE\DSTPressures.sql_1.xml
2015-05-29 13:07:21  Comparing => WELL_TEST_FORMATION\DSTSurfacesTest.sql_1.xml
2015-05-29 13:07:21  Comparing => WELL_TEST_RECOVERY\DSTPipesTest.sql_1.xml
2015-05-29 13:07:21  Comparing => WELL_TEST\InitialPotentials.sql_1.xml
2015-05-29 13:07:21  Comparing => Well_Dir_Srvy_Station\DSS_SurveyStations.sql_1.xml
2015-05-29 13:07:21  Comparing => Well_Dir_Srvy_Station\SurveyStations.sql_1.xml
2015-05-29 13:07:21  Comparing => WELL_TREATMENT\WellDataPresent.sql_1.xml
2015-05-29 13:07:21  Comparing => WELL_ZONE_INTRVL_VALUE\WellZoneIntrvlValue.sql_1.xml
2015-05-29 13:07:21  Comparing => Well\WellHederWithRemarks.sql_1.xml
2015-05-29 13:07:21  Comparing => Well_Dir_Srvy\WellSurveys.sql_1.xml
2015-05-29 13:07:21  Comparing => WELL_ZONE_INTERVAL\WellZoneInterval.sql_1.xml
2015-05-29 13:07:21  Comparing => GX_ZONE\WellZoneAttributeValues.sql_1.xml
2015-05-29 13:07:21  Comparing => FORMATION\OrderedFormations.sql_1.xml
2015-05-29 13:07:21  Comparing => WELL_ZONE_INTRVL_VALUE\WellZoneIntrvValueWithDepthsOuterJoin2.sql_1.xml
2015-05-29 13:07:21  GGX_MICROSEISMIC_MSEVENT\MicroseismicEvents.sql_1.xml                            [Pass]
2015-05-29 13:07:21  GX_PDEN_VOL_SUM_BY_MONTH\WellMonthlyCumProduction.sql_1.xml                      [Pass]
2015-05-29 13:07:21  GX_PDEN_VOL_SUM_BY_MONTH\WellMonthlyYTDProduction.sql_1.xml                      [Pass]
2015-05-29 13:07:21  GX_WELL_SYNTHETIC\VelocitySurveysWithSynthetics.sql_1.xml                        [Pass]
2015-05-29 13:07:21  GGX_MICROSEISMIC_PRESSURE\MicroseismicPressures.sql_1.xml                        [Pass]
2015-05-29 13:07:22  FORMATION\DistinctFormations.sql_1.xml                                           [Pass]
2015-05-29 13:07:22  GX_ZONE\GXZone.sql_1.xml                                                         [Pass]
2015-05-29 13:07:23  GX_WELL_SYNTHETIC\WellSynthetic.sql_1.xml                                        [Pass]
2015-05-29 13:07:23  FORMATION\DistinctFormationsWithActive.sql_1.xml                                 [Pass]
2015-05-29 13:07:24  GX_ZONE_ZATTRIBUTE\GXZoneZAttribute.sql_1.xml                                    [Pass]
2015-05-29 13:07:24  R_SOURCE\DistinctSources.sql_1.xml                                               [Pass]
2015-05-29 13:07:25  GX_ZATTRIBUTE\GXZAttribute.sql_1.xml                                             [Pass]
2015-05-29 13:07:26  FORMATION\FormationLookup.sql_1.xml                                              [Pass]
2015-05-29 13:07:26  STRATIGRAPHIC_COLUMN\STRATIGRAPHIC_COLUMN.sql_1.xml                              [Pass]
2015-05-29 13:07:32  GX_PDEN_VOL_SUM_BY_MONTH\WellProduction.sql_1.xml                                [Pass]
2015-05-29 13:07:32  R_SOURCE\FaultsSources.sql_1.xml                                                 [Pass]
2015-05-29 13:07:32  Well\WellStatuses.sql_1.xml                                                      [Pass]
2015-05-29 13:07:35  GX_PDEN_VOL_SUM_BY_MONTH\WellCumulativeProduction.sql_1.xml                      [Pass]
2015-05-29 13:07:52  GX_PDEN_VOL_SUM_BY_MONTH\WellMonthlyProductionByZoneAli.sql_1.xml                [Pass]
2015-05-29 13:07:57  GX_PDEN_VOL_SUM_BY_MONTH\AllocatedMonthlyProductionTest.sql_1.xml                [Pass]
2015-05-29 13:07:57  WELL_CHECKSHOT_DETAIL\WellCheckshotDetail.sql_1.xml                              [Pass]
2015-05-29 13:08:06  FORMATION\FormationSources.sql_1.xml                                             [Pass]
2015-05-29 13:08:07  Well\WorkoversCAP.sql_1.xml                                                      [Pass]
2015-05-29 13:08:08  R_SOURCE\FormationSources.sql_1.xml                                              [Pass]
2015-05-29 13:08:08  WELL_CHECKSHOT_DETAIL\WellVelocities.sql_1.xml                                   [Pass]
2015-05-29 13:08:08  WELL_CHECKSHOT_SURVEY\VelocitySurveysWithSynthetics.sql_1.xml                    [Pass]
2015-05-29 13:08:08  WELL_CHECKSHOT_SURVEY\WellCheckshotSurvey.sql_1.xml                              [Pass]
2015-05-29 13:08:16  GX_PDEN_VOL_SUM_BY_MONTH\WellMonthlyProduction.sql_1.xml                         [Pass]
2015-05-29 13:08:16  WELL_DIR_PROPOSED_SRVY_STATION\ProposedSurveyStations.sql_1.xml                  [Pass]
2015-05-29 13:08:17  WELL_DIR_PROPOSED_SRVY\WellProposedSurveyDir.sql_1.xml                           [Pass]
2015-05-29 13:08:17  GX_PDEN_VOL_SUM_BY_MONTH\AllocatedMonthlyProduction.sql_1.xml                    [Pass]
2015-05-29 13:08:41  Well\LocationGeodatic.sql_1.xml                                                  [Pass]
2015-05-29 13:08:51  TUBING\WellTubing.sql_1.xml                                                      [Pass]
2015-05-29 13:08:54  Well\Workovers.sql_1.xml                                                         [Pass]
2015-05-29 13:08:56  WELL_CORE_SAMPLE_ANAL\WellCoreAnalysis.sql_1.xml                                 [Pass]
2015-05-29 13:08:56  Well_Dir_Srvy\WorkoversCAP.sql_1.xml                                             [Pass]
2015-05-29 13:13:28  Well\WellSurveyBH.sql_1.xml                                                      [Pass]
2015-05-29 13:13:28  Well_Dir_Srvy\Workovers12.sql_1.xml                                              [Pass]
2015-05-29 13:18:30  GX_PRODUCTION_TEST\WellProductionTest.sql_1.xml                                  [Pass]
2015-05-29 13:18:40  Well_Dir_Srvy\DSS_Well.sql_1.xml                                                 [Pass]
2015-05-29 13:18:40  WELL_FAULT\Faults.sql_1.xml                                                      [Pass]
2015-05-29 13:18:41  WELL_TEST\DSTChamberTest.sql_1.xml                                               [Pass]
2015-05-29 13:19:42  Well\WellDataPresent.sql_1.xml                                                   [Pass]
2015-05-29 13:20:01  WELL_CORE\WellCoreDesc.sql_1.xml                                                 [Pass]
2015-05-29 13:20:40  Well_Dir_Srvy\WellDataPresent.sql_1.xml                                          [Pass]
2015-05-29 13:21:44  WELL_TEST\DSTPipesTest.sql_1.xml                                                 [Pass]
2015-05-29 13:22:50  WELL_TEST\DSTsTest.sql_1.xml                                                     [Pass]
2015-05-29 13:23:57  WELL_TEST\DSTHeader.sql_1.xml                                                    [Pass]
2015-05-29 13:24:09  Well_Dir_Srvy\WellSurveyDir.sql_1.xml                                            [Pass]
2015-05-29 13:24:10  WELL_TEST_ANALYSIS\DistinctFluidType.sql_1.xml                                   [Pass]
2015-05-29 13:24:16  Well_Dir_Srvy\Workovers.sql_1.xml                                                [Pass]
2015-05-29 13:24:37  WELL_TEST\DSTSurfacesTest.sql_1.xml                                              [Pass]
2015-05-29 13:25:23  Well\WellSurveyPicks.sql_1.xml                                                   [Pass]
2015-05-29 13:25:31  Well_Dir_Srvy_Station\WellDataPresent.sql_1.xml                                  [Pass]
2015-05-29 13:25:51  WELL_TEST_FLOW\DSTSurfaces.sql_1.xml                                             [Pass]
2015-05-29 13:25:51  WELL_TEST_FORMATION\DistinctTestedFormations.sql_1.xml                           [Pass]
2015-05-29 13:26:13  WELL_TEST_FLOW\DSTSurfacesTest.sql_1.xml                                         [Pass]
2015-05-29 13:26:24  WELL_TEST\DSTFluidPropertiesTest.sql_1.xml                                       [Pass]
2015-05-29 13:26:59  WELL_TEST_ANALYSIS\DSTFluidProperties.sql_1.xml                                  [Pass]
2015-05-29 13:27:00  WELL_TEST_FORMATION\WellTestFormations.sql_1.xml                                 [Pass]
2015-05-29 13:27:00  WELL_TEST_FORMATION\DSTChamberTest.sql_1.xml                                     [Pass]
2015-05-29 13:27:59  WELL_TEST_FORMATION\DSTFluidPropertiesTest.sql_1.xml                             [Pass]
2015-05-29 13:28:00  WELL_TEST_RECOVERY\DSTChamber.sql_1.xml                                          [Pass]
2015-05-29 13:28:00  WELL_TEST_MUD\DSTMud.sql_1.xml                                                   [Pass]
2015-05-29 13:28:27  WELL_TEST_ANALYSIS\DSTFluidPropertiesTest.sql_1.xml                              [Pass]
2015-05-29 13:28:27  WELL_TEST_RECOVERY\DSTChamberTest.sql_1.xml                                      [Pass]
2015-05-29 13:29:19  WELL_TEST_FORMATION\DSTHeader.sql_1.xml                                          [Pass]
2015-05-29 13:29:22  WELL_TEST_RECOVERY\DSTPipes.sql_1.xml                                            [Pass]
2015-05-29 13:29:36  CASING\WellCasing.sql_1.xml                                                      [Pass]
2015-05-29 13:29:36  WELL_TREATMENT\WellTreatment.sql_1.xml                                           [Pass]
2015-05-29 13:29:54  WELL_TEST\DSTPressureTest.sql_1.xml                                              [Pass]
2015-05-29 13:30:20  WELL_TEST_FORMATION\DSTPipesTest.sql_1.xml                                       [Pass]
2015-05-29 13:30:25  WELL_TEST_FORMATION\DSTSurfacesTest.sql_1.xml                                    [Pass]
2015-05-29 13:32:11  WELL_TEST_RECOVERY\DSTPipesTest.sql_1.xml                                        [Pass]
2015-05-29 13:34:09  WELL_TEST_PRESSURE\DSTPressures.sql_1.xml                                        [Pass]
2015-05-29 13:35:27  WELL_TEST_PRESSURE\DSTPressureTest.sql_1.xml                                     [Pass]
2015-05-29 13:35:52  WELL_TEST_FORMATION\DSTPressureTest.sql_1.xml                                    [Pass]
2015-05-29 13:36:31  WELL_TREATMENT\WellDataPresent.sql_1.xml                                         [Pass]
2015-05-29 13:37:15  Well\WellHeaderAndBlob.sql_1.xml                                                 [Pass]
2015-05-29 13:37:48  Well\WellHeader.sql_1.xml                                                        [Pass]
2015-05-29 13:49:00  WELL_TEST\InitialPotentials.sql_1.xml                                            [Pass]
2015-05-29 13:57:20  Well\WellHeaderAndLocation.sql_1.xml                                             [Pass]
2015-05-29 13:58:13  R_SOURCE\FormationsOrderedBySource.sql_1.xml                                     [Pass]
2015-05-29 14:01:27  Well\WellHederWithRemarks.sql_1.xml                                              [Pass]
2015-05-29 14:09:09  WELL_ZONE_INTRVL_VALUE\WellZoneIntrvlValue.sql_1.xml                             [Pass]
2015-05-29 14:28:36  Well_Dir_Srvy_Station\SurveyStations.sql_1.xml                                   [Pass]
2015-05-29 14:28:59  Well_Dir_Srvy_Station\DSS_SurveyStations.sql_1.xml                               [Pass]
2015-05-29 14:31:50  WELL_ZONE_INTERVAL\WellZoneInterval.sql_1.xml                                    [Pass]
2015-05-29 15:08:33  Well_Dir_Srvy\WellSurveys.sql_1.xml                                              [Pass]
2015-05-29 15:42:56  WELL_ZONE_INTRVL_VALUE\WellZoneIntrvValueWithDepthsOuterJoin2.sql_1.xml          [Pass]
2015-05-29 15:50:46  GX_ZONE\WellZoneAttributeValues.sql_1.xml                                        [Pass]
2015-05-29 16:01:26  FORMATION\OrderedFormations.sql_1.xml                                            [Pass]
2015-05-29 16:01:26  ====================================================================================================
2015-05-29 16:01:26  92 passed out of 92
2015-05-29 16:01:26  Total elapsed time(secs) 12078.87
2015-05-29 16:01:26  ====================================================================================================
