2015-05-26 08:10:38  ====================================================================================================
2015-05-26 08:10:38  Regression started
2015-05-26 08:10:38  ====================================================================================================
2015-05-26 08:10:38  CASING\WellCasing.sql                                                            [Started]
2015-05-26 08:10:38  FORMATION\DistinctFormationAli.sql                                               [Started]
2015-05-26 08:10:38  FORMATION\DistinctFormations.sql                                                 [Started]
2015-05-26 08:10:38  FORMATION\DistinctFormationsWithActive.sql                                       [Started]
2015-05-26 08:10:38  FORMATION\FormationLookup.sql                                                    [Started]
2015-05-26 08:10:38  command => ['C:\\Program Files (x86)\\GeoGraphix\\SQL Anywhere 12\\BIN32\\dbisql.com', '-q', '-c', 'UID=dba;PWD=sql;DBF=D:\\GXDBProjects\\Eagle Ford\\GXDB.db', 'D:\\Samples\\GXDBRegression\\GXDBRegression\\EagleFord\\Results\\FORMATION\\DistinctFormationAli.sql']
2015-05-26 08:10:38  FORMATION\FormationSources.sql                                                   [Started]
2015-05-26 08:10:38  command => ['C:\\Program Files (x86)\\GeoGraphix\\SQL Anywhere 12\\BIN32\\dbisql.com', '-q', '-c', 'UID=dba;PWD=sql;DBF=D:\\GXDBProjects\\Eagle Ford\\GXDB.db', 'D:\\Samples\\GXDBRegression\\GXDBRegression\\EagleFord\\Results\\FORMATION\\DistinctFormations.sql']
2015-05-26 08:10:38  command => ['C:\\Program Files (x86)\\GeoGraphix\\SQL Anywhere 12\\BIN32\\dbisql.com', '-q', '-c', 'UID=dba;PWD=sql;DBF=D:\\GXDBProjects\\Eagle Ford\\GXDB.db', 'D:\\Samples\\GXDBRegression\\GXDBRegression\\EagleFord\\Results\\FORMATION\\DistinctFormationsWithActive.sql']
2015-05-26 08:10:38  FORMATION\OrderedFormations.sql                                                  [Started]
2015-05-26 08:10:39  command => ['C:\\Program Files (x86)\\GeoGraphix\\SQL Anywhere 12\\BIN32\\dbisql.com', '-q', '-c', 'UID=dba;PWD=sql;DBF=D:\\GXDBProjects\\Eagle Ford\\GXDB.db', 'D:\\Samples\\GXDBRegression\\GXDBRegression\\EagleFord\\Results\\FORMATION\\FormationSources.sql']
2015-05-26 08:10:39  command => ['C:\\Program Files (x86)\\GeoGraphix\\SQL Anywhere 12\\BIN32\\dbisql.com', '-q', '-c', 'UID=dba;PWD=sql;DBF=D:\\GXDBProjects\\Eagle Ford\\GXDB.db', 'D:\\Samples\\GXDBRegression\\GXDBRegression\\EagleFord\\Results\\FORMATION\\FormationLookup.sql']
2015-05-26 08:10:39  command => ['C:\\Program Files (x86)\\GeoGraphix\\SQL Anywhere 12\\BIN32\\dbisql.com', '-q', '-c', 'UID=dba;PWD=sql;DBF=D:\\GXDBProjects\\Eagle Ford\\GXDB.db', 'D:\\Samples\\GXDBRegression\\GXDBRegression\\EagleFord\\Results\\CASING\\WellCasing.sql']
2015-05-26 08:10:39  GGX_MICROSEISMIC_MSEVENT\MicroseismicEvents.sql                                  [Started]
2015-05-26 08:10:39  command => ['C:\\Program Files (x86)\\GeoGraphix\\SQL Anywhere 12\\BIN32\\dbisql.com', '-q', '-c', 'UID=dba;PWD=sql;DBF=D:\\GXDBProjects\\Eagle Ford\\GXDB.db', 'D:\\Samples\\GXDBRegression\\GXDBRegression\\EagleFord\\Results\\GGX_MICROSEISMIC_MSEVENT\\MicroseismicEvents.sql']
2015-05-26 08:10:39  GGX_MICROSEISMIC_PRESSURE\MicroseismicPressures.sql                              [Started]
2015-05-26 08:10:39  GX_PDEN_VOL_SUM_BY_MONTH\AllocatedMonthlyProduction.sql                          [Started]
2015-05-26 08:10:39  GX_PDEN_VOL_SUM_BY_MONTH\AllocatedMonthlyProductionTest.sql                      [Started]
2015-05-26 08:10:39  command => ['C:\\Program Files (x86)\\GeoGraphix\\SQL Anywhere 12\\BIN32\\dbisql.com', '-q', '-c', 'UID=dba;PWD=sql;DBF=D:\\GXDBProjects\\Eagle Ford\\GXDB.db', 'D:\\Samples\\GXDBRegression\\GXDBRegression\\EagleFord\\Results\\FORMATION\\OrderedFormations.sql']
2015-05-26 08:10:39  command => ['C:\\Program Files (x86)\\GeoGraphix\\SQL Anywhere 12\\BIN32\\dbisql.com', '-q', '-c', 'UID=dba;PWD=sql;DBF=D:\\GXDBProjects\\Eagle Ford\\GXDB.db', 'D:\\Samples\\GXDBRegression\\GXDBRegression\\EagleFord\\Results\\GGX_MICROSEISMIC_PRESSURE\\MicroseismicPressures.sql']
2015-05-26 08:10:39  GX_PDEN_VOL_SUM_BY_MONTH\WellCumulativeProduction.sql                            [Started]
2015-05-26 08:10:39  GX_PDEN_VOL_SUM_BY_MONTH\WellMonthlyCumProduction.sql                            [Started]
2015-05-26 08:10:39  GX_PDEN_VOL_SUM_BY_MONTH\WellMonthlyProduction.sql                               [Started]
2015-05-26 08:10:39  GX_PDEN_VOL_SUM_BY_MONTH\WellMonthlyProductionByZoneAli.sql                      [Started]
2015-05-26 08:10:39  GX_PDEN_VOL_SUM_BY_MONTH\WellMonthlyYTDProduction.sql                            [Started]
2015-05-26 08:10:39  command => ['C:\\Program Files (x86)\\GeoGraphix\\SQL Anywhere 12\\BIN32\\dbisql.com', '-q', '-c', 'UID=dba;PWD=sql;DBF=D:\\GXDBProjects\\Eagle Ford\\GXDB.db', 'D:\\Samples\\GXDBRegression\\GXDBRegression\\EagleFord\\Results\\GX_PDEN_VOL_SUM_BY_MONTH\\AllocatedMonthlyProduction.sql']
2015-05-26 08:10:39  GX_PDEN_VOL_SUM_BY_MONTH\WellProduction.sql                                      [Started]
2015-05-26 08:10:39  GX_WELL_SYNTHETIC\WellSynthetic.sql                                              [Started]
2015-05-26 08:10:39  GX_WELL_SYNTHETIC\VelocitySurveysWithSynthetics.sql                              [Started]
2015-05-26 08:10:39  command => ['C:\\Program Files (x86)\\GeoGraphix\\SQL Anywhere 12\\BIN32\\dbisql.com', '-q', '-c', 'UID=dba;PWD=sql;DBF=D:\\GXDBProjects\\Eagle Ford\\GXDB.db', 'D:\\Samples\\GXDBRegression\\GXDBRegression\\EagleFord\\Results\\GX_PDEN_VOL_SUM_BY_MONTH\\AllocatedMonthlyProductionTest.sql']
2015-05-26 08:10:39  GX_PRODUCTION_TEST\WellProductionTest.sql                                        [Started]
2015-05-26 08:10:39  GX_ZATTRIBUTE\GXZAttribute.sql                                                   [Started]
2015-05-26 08:10:39  command => ['C:\\Program Files (x86)\\GeoGraphix\\SQL Anywhere 12\\BIN32\\dbisql.com', '-q', '-c', 'UID=dba;PWD=sql;DBF=D:\\GXDBProjects\\Eagle Ford\\GXDB.db', 'D:\\Samples\\GXDBRegression\\GXDBRegression\\EagleFord\\Results\\GX_WELL_SYNTHETIC\\WellSynthetic.sql']
2015-05-26 08:10:39  command => ['C:\\Program Files (x86)\\GeoGraphix\\SQL Anywhere 12\\BIN32\\dbisql.com', '-q', '-c', 'UID=dba;PWD=sql;DBF=D:\\GXDBProjects\\Eagle Ford\\GXDB.db', 'D:\\Samples\\GXDBRegression\\GXDBRegression\\EagleFord\\Results\\GX_WELL_SYNTHETIC\\VelocitySurveysWithSynthetics.sql']
2015-05-26 08:10:39  GX_ZONE\GXZone.sql                                                               [Started]
2015-05-26 08:10:40  GX_ZONE\WellZoneAttributeValues.sql                                              [Started]
2015-05-26 08:10:40  command => ['C:\\Program Files (x86)\\GeoGraphix\\SQL Anywhere 12\\BIN32\\dbisql.com', '-q', '-c', 'UID=dba;PWD=sql;DBF=D:\\GXDBProjects\\Eagle Ford\\GXDB.db', 'D:\\Samples\\GXDBRegression\\GXDBRegression\\EagleFord\\Results\\GX_PDEN_VOL_SUM_BY_MONTH\\WellMonthlyCumProduction.sql']
2015-05-26 08:10:40  command => ['C:\\Program Files (x86)\\GeoGraphix\\SQL Anywhere 12\\BIN32\\dbisql.com', '-q', '-c', 'UID=dba;PWD=sql;DBF=D:\\GXDBProjects\\Eagle Ford\\GXDB.db', 'D:\\Samples\\GXDBRegression\\GXDBRegression\\EagleFord\\Results\\GX_PDEN_VOL_SUM_BY_MONTH\\WellMonthlyProductionByZoneAli.sql']
2015-05-26 08:10:40  GX_ZONE\WellZoneIntrvValueWithDepthsOuterJoin2.sql                               [Started]
2015-05-26 08:10:40  command => ['C:\\Program Files (x86)\\GeoGraphix\\SQL Anywhere 12\\BIN32\\dbisql.com', '-q', '-c', 'UID=dba;PWD=sql;DBF=D:\\GXDBProjects\\Eagle Ford\\GXDB.db', 'D:\\Samples\\GXDBRegression\\GXDBRegression\\EagleFord\\Results\\GX_PDEN_VOL_SUM_BY_MONTH\\WellProduction.sql']
2015-05-26 08:10:40  command => ['C:\\Program Files (x86)\\GeoGraphix\\SQL Anywhere 12\\BIN32\\dbisql.com', '-q', '-c', 'UID=dba;PWD=sql;DBF=D:\\GXDBProjects\\Eagle Ford\\GXDB.db', 'D:\\Samples\\GXDBRegression\\GXDBRegression\\EagleFord\\Results\\GX_PDEN_VOL_SUM_BY_MONTH\\WellCumulativeProduction.sql']
2015-05-26 08:10:40  command => ['C:\\Program Files (x86)\\GeoGraphix\\SQL Anywhere 12\\BIN32\\dbisql.com', '-q', '-c', 'UID=dba;PWD=sql;DBF=D:\\GXDBProjects\\Eagle Ford\\GXDB.db', 'D:\\Samples\\GXDBRegression\\GXDBRegression\\EagleFord\\Results\\GX_PDEN_VOL_SUM_BY_MONTH\\WellMonthlyProduction.sql']
2015-05-26 08:10:40  command => ['C:\\Program Files (x86)\\GeoGraphix\\SQL Anywhere 12\\BIN32\\dbisql.com', '-q', '-c', 'UID=dba;PWD=sql;DBF=D:\\GXDBProjects\\Eagle Ford\\GXDB.db', 'D:\\Samples\\GXDBRegression\\GXDBRegression\\EagleFord\\Results\\GX_ZONE\\GXZone.sql']
2015-05-26 08:10:40  command => ['C:\\Program Files (x86)\\GeoGraphix\\SQL Anywhere 12\\BIN32\\dbisql.com', '-q', '-c', 'UID=dba;PWD=sql;DBF=D:\\GXDBProjects\\Eagle Ford\\GXDB.db', 'D:\\Samples\\GXDBRegression\\GXDBRegression\\EagleFord\\Results\\GX_PDEN_VOL_SUM_BY_MONTH\\WellMonthlyYTDProduction.sql']
2015-05-26 08:10:40  command => ['C:\\Program Files (x86)\\GeoGraphix\\SQL Anywhere 12\\BIN32\\dbisql.com', '-q', '-c', 'UID=dba;PWD=sql;DBF=D:\\GXDBProjects\\Eagle Ford\\GXDB.db', 'D:\\Samples\\GXDBRegression\\GXDBRegression\\EagleFord\\Results\\GX_ZATTRIBUTE\\GXZAttribute.sql']
2015-05-26 08:10:40  command => ['C:\\Program Files (x86)\\GeoGraphix\\SQL Anywhere 12\\BIN32\\dbisql.com', '-q', '-c', 'UID=dba;PWD=sql;DBF=D:\\GXDBProjects\\Eagle Ford\\GXDB.db', 'D:\\Samples\\GXDBRegression\\GXDBRegression\\EagleFord\\Results\\GX_ZONE\\WellZoneAttributeValues.sql']
2015-05-26 08:10:40  command => ['C:\\Program Files (x86)\\GeoGraphix\\SQL Anywhere 12\\BIN32\\dbisql.com', '-q', '-c', 'UID=dba;PWD=sql;DBF=D:\\GXDBProjects\\Eagle Ford\\GXDB.db', 'D:\\Samples\\GXDBRegression\\GXDBRegression\\EagleFord\\Results\\GX_PRODUCTION_TEST\\WellProductionTest.sql']
2015-05-26 08:10:40  GX_ZONE_ZATTRIBUTE\GXZoneZAttribute.sql                                          [Started]
2015-05-26 08:10:40  R_SOURCE\DistinctSources.sql                                                     [Started]
2015-05-26 08:10:40  R_SOURCE\FaultsSources.sql                                                       [Started]
2015-05-26 08:10:40  command => ['C:\\Program Files (x86)\\GeoGraphix\\SQL Anywhere 12\\BIN32\\dbisql.com', '-q', '-c', 'UID=dba;PWD=sql;DBF=D:\\GXDBProjects\\Eagle Ford\\GXDB.db', 'D:\\Samples\\GXDBRegression\\GXDBRegression\\EagleFord\\Results\\GX_ZONE\\WellZoneIntrvValueWithDepthsOuterJoin2.sql']
2015-05-26 08:10:40  R_SOURCE\FormationsOrderedBySource.sql                                           [Started]
2015-05-26 08:10:40  R_SOURCE\FormationSources.sql                                                    [Started]
2015-05-26 08:10:40  command => ['C:\\Program Files (x86)\\GeoGraphix\\SQL Anywhere 12\\BIN32\\dbisql.com', '-q', '-c', 'UID=dba;PWD=sql;DBF=D:\\GXDBProjects\\Eagle Ford\\GXDB.db', 'D:\\Samples\\GXDBRegression\\GXDBRegression\\EagleFord\\Results\\R_SOURCE\\DistinctSources.sql']
2015-05-26 08:10:40  command => ['C:\\Program Files (x86)\\GeoGraphix\\SQL Anywhere 12\\BIN32\\dbisql.com', '-q', '-c', 'UID=dba;PWD=sql;DBF=D:\\GXDBProjects\\Eagle Ford\\GXDB.db', 'D:\\Samples\\GXDBRegression\\GXDBRegression\\EagleFord\\Results\\GX_ZONE_ZATTRIBUTE\\GXZoneZAttribute.sql']
2015-05-26 08:10:40  STRATIGRAPHIC_COLUMN\STRATIGRAPHIC_COLUMN.sql                                    [Started]
2015-05-26 08:10:40  TUBING\WellTubing.sql                                                            [Started]
2015-05-26 08:10:40  command => ['C:\\Program Files (x86)\\GeoGraphix\\SQL Anywhere 12\\BIN32\\dbisql.com', '-q', '-c', 'UID=dba;PWD=sql;DBF=D:\\GXDBProjects\\Eagle Ford\\GXDB.db', 'D:\\Samples\\GXDBRegression\\GXDBRegression\\EagleFord\\Results\\STRATIGRAPHIC_COLUMN\\STRATIGRAPHIC_COLUMN.sql']
2015-05-26 08:10:40  WELL\DSS_Well.sql                                                                [Started]
2015-05-26 08:10:40  WELL\LocationGeodatic.sql                                                        [Started]
2015-05-26 08:10:40  WELL\WellDataPresent.sql                                                         [Started]
2015-05-26 08:10:40  command => ['C:\\Program Files (x86)\\GeoGraphix\\SQL Anywhere 12\\BIN32\\dbisql.com', '-q', '-c', 'UID=dba;PWD=sql;DBF=D:\\GXDBProjects\\Eagle Ford\\GXDB.db', 'D:\\Samples\\GXDBRegression\\GXDBRegression\\EagleFord\\Results\\TUBING\\WellTubing.sql']
2015-05-26 08:10:40  WELL\WellHeader.sql                                                              [Started]
2015-05-26 08:10:40  WELL\WellHeaderAndBlob.sql                                                       [Started]
2015-05-26 08:10:40  command => ['C:\\Program Files (x86)\\GeoGraphix\\SQL Anywhere 12\\BIN32\\dbisql.com', '-q', '-c', 'UID=dba;PWD=sql;DBF=D:\\GXDBProjects\\Eagle Ford\\GXDB.db', 'D:\\Samples\\GXDBRegression\\GXDBRegression\\EagleFord\\Results\\R_SOURCE\\FaultsSources.sql']
2015-05-26 08:10:40  command => ['C:\\Program Files (x86)\\GeoGraphix\\SQL Anywhere 12\\BIN32\\dbisql.com', '-q', '-c', 'UID=dba;PWD=sql;DBF=D:\\GXDBProjects\\Eagle Ford\\GXDB.db', 'D:\\Samples\\GXDBRegression\\GXDBRegression\\EagleFord\\Results\\R_SOURCE\\FormationSources.sql']
2015-05-26 08:10:40  WELL\WellHeaderAndLocation.sql                                                   [Started]
2015-05-26 08:10:40  command => ['C:\\Program Files (x86)\\GeoGraphix\\SQL Anywhere 12\\BIN32\\dbisql.com', '-q', '-c', 'UID=dba;PWD=sql;DBF=D:\\GXDBProjects\\Eagle Ford\\GXDB.db', 'D:\\Samples\\GXDBRegression\\GXDBRegression\\EagleFord\\Results\\WELL\\DSS_Well.sql']
2015-05-26 08:10:40  command => ['C:\\Program Files (x86)\\GeoGraphix\\SQL Anywhere 12\\BIN32\\dbisql.com', '-q', '-c', 'UID=dba;PWD=sql;DBF=D:\\GXDBProjects\\Eagle Ford\\GXDB.db', 'D:\\Samples\\GXDBRegression\\GXDBRegression\\EagleFord\\Results\\R_SOURCE\\FormationsOrderedBySource.sql']
2015-05-26 08:10:40  command => ['C:\\Program Files (x86)\\GeoGraphix\\SQL Anywhere 12\\BIN32\\dbisql.com', '-q', '-c', 'UID=dba;PWD=sql;DBF=D:\\GXDBProjects\\Eagle Ford\\GXDB.db', 'D:\\Samples\\GXDBRegression\\GXDBRegression\\EagleFord\\Results\\WELL\\LocationGeodatic.sql']
2015-05-26 08:10:40  WELL\WellHederWithRemarks.sql                                                    [Started]
2015-05-26 08:10:40  WELL\WellStatuses.sql                                                            [Started]
2015-05-26 08:10:40  WELL\WellSurveyBH.sql                                                            [Started]
2015-05-26 08:10:40  WELL\WellSurveyPicks.sql                                                         [Started]
2015-05-26 08:10:40  command => ['C:\\Program Files (x86)\\GeoGraphix\\SQL Anywhere 12\\BIN32\\dbisql.com', '-q', '-c', 'UID=dba;PWD=sql;DBF=D:\\GXDBProjects\\Eagle Ford\\GXDB.db', 'D:\\Samples\\GXDBRegression\\GXDBRegression\\EagleFord\\Results\\WELL\\WellHeader.sql']
2015-05-26 08:10:40  WELL\WellZoneAttributeValues.sql                                                 [Started]
2015-05-26 08:10:40  WELL\WellZoneIntrvValueWithDepthsOuterJoin2.sql                                  [Started]
2015-05-26 08:10:40  WELL\Workovers.sql                                                               [Started]
2015-05-26 08:10:40  WELL\WorkoversCAP.sql                                                            [Started]
2015-05-26 08:10:40  command => ['C:\\Program Files (x86)\\GeoGraphix\\SQL Anywhere 12\\BIN32\\dbisql.com', '-q', '-c', 'UID=dba;PWD=sql;DBF=D:\\GXDBProjects\\Eagle Ford\\GXDB.db', 'D:\\Samples\\GXDBRegression\\GXDBRegression\\EagleFord\\Results\\WELL\\WellStatuses.sql']
2015-05-26 08:10:40  command => ['C:\\Program Files (x86)\\GeoGraphix\\SQL Anywhere 12\\BIN32\\dbisql.com', '-q', '-c', 'UID=dba;PWD=sql;DBF=D:\\GXDBProjects\\Eagle Ford\\GXDB.db', 'D:\\Samples\\GXDBRegression\\GXDBRegression\\EagleFord\\Results\\WELL\\WellSurveyPicks.sql']
2015-05-26 08:10:40  WELL_CHECKSHOT_DETAIL\WellCheckshotDetail.sql                                    [Started]
2015-05-26 08:10:40  command => ['C:\\Program Files (x86)\\GeoGraphix\\SQL Anywhere 12\\BIN32\\dbisql.com', '-q', '-c', 'UID=dba;PWD=sql;DBF=D:\\GXDBProjects\\Eagle Ford\\GXDB.db', 'D:\\Samples\\GXDBRegression\\GXDBRegression\\EagleFord\\Results\\WELL\\WellZoneIntrvValueWithDepthsOuterJoin2.sql']
2015-05-26 08:10:40  command => ['C:\\Program Files (x86)\\GeoGraphix\\SQL Anywhere 12\\BIN32\\dbisql.com', '-q', '-c', 'UID=dba;PWD=sql;DBF=D:\\GXDBProjects\\Eagle Ford\\GXDB.db', 'D:\\Samples\\GXDBRegression\\GXDBRegression\\EagleFord\\Results\\WELL\\WellHederWithRemarks.sql']
2015-05-26 08:10:40  command => ['C:\\Program Files (x86)\\GeoGraphix\\SQL Anywhere 12\\BIN32\\dbisql.com', '-q', '-c', 'UID=dba;PWD=sql;DBF=D:\\GXDBProjects\\Eagle Ford\\GXDB.db', 'D:\\Samples\\GXDBRegression\\GXDBRegression\\EagleFord\\Results\\WELL\\WellSurveyBH.sql']
2015-05-26 08:10:41  command => ['C:\\Program Files (x86)\\GeoGraphix\\SQL Anywhere 12\\BIN32\\dbisql.com', '-q', '-c', 'UID=dba;PWD=sql;DBF=D:\\GXDBProjects\\Eagle Ford\\GXDB.db', 'D:\\Samples\\GXDBRegression\\GXDBRegression\\EagleFord\\Results\\WELL\\WellZoneAttributeValues.sql']
2015-05-26 08:10:40  command => ['C:\\Program Files (x86)\\GeoGraphix\\SQL Anywhere 12\\BIN32\\dbisql.com', '-q', '-c', 'UID=dba;PWD=sql;DBF=D:\\GXDBProjects\\Eagle Ford\\GXDB.db', 'D:\\Samples\\GXDBRegression\\GXDBRegression\\EagleFord\\Results\\WELL\\WellHeaderAndBlob.sql']
2015-05-26 08:10:41  WELL_CHECKSHOT_DETAIL\WellVelocities.sql                                         [Started]
2015-05-26 08:10:41  WELL_CHECKSHOT_SURVEY\VelocitySurveysWithSynthetics.sql                          [Started]
2015-05-26 08:10:41  WELL_CHECKSHOT_SURVEY\WellCheckshotSurvey.sql                                    [Started]
2015-05-26 08:10:41  command => ['C:\\Program Files (x86)\\GeoGraphix\\SQL Anywhere 12\\BIN32\\dbisql.com', '-q', '-c', 'UID=dba;PWD=sql;DBF=D:\\GXDBProjects\\Eagle Ford\\GXDB.db', 'D:\\Samples\\GXDBRegression\\GXDBRegression\\EagleFord\\Results\\WELL\\WellHeaderAndLocation.sql']
2015-05-26 08:10:41  command => ['C:\\Program Files (x86)\\GeoGraphix\\SQL Anywhere 12\\BIN32\\dbisql.com', '-q', '-c', 'UID=dba;PWD=sql;DBF=D:\\GXDBProjects\\Eagle Ford\\GXDB.db', 'D:\\Samples\\GXDBRegression\\GXDBRegression\\EagleFord\\Results\\WELL\\WorkoversCAP.sql']
2015-05-26 08:10:41  WELL_CORE\WellCoreDesc.sql                                                       [Started]
2015-05-26 08:10:41  command => ['C:\\Program Files (x86)\\GeoGraphix\\SQL Anywhere 12\\BIN32\\dbisql.com', '-q', '-c', 'UID=dba;PWD=sql;DBF=D:\\GXDBProjects\\Eagle Ford\\GXDB.db', 'D:\\Samples\\GXDBRegression\\GXDBRegression\\EagleFord\\Results\\WELL\\Workovers.sql']
2015-05-26 08:10:41  command => ['C:\\Program Files (x86)\\GeoGraphix\\SQL Anywhere 12\\BIN32\\dbisql.com', '-q', '-c', 'UID=dba;PWD=sql;DBF=D:\\GXDBProjects\\Eagle Ford\\GXDB.db', 'D:\\Samples\\GXDBRegression\\GXDBRegression\\EagleFord\\Results\\WELL_CHECKSHOT_DETAIL\\WellCheckshotDetail.sql']
2015-05-26 08:10:41  WELL_CORE_SAMPLE_ANAL\WellCoreAnalysis.sql                                       [Started]
2015-05-26 08:10:41  command => ['C:\\Program Files (x86)\\GeoGraphix\\SQL Anywhere 12\\BIN32\\dbisql.com', '-q', '-c', 'UID=dba;PWD=sql;DBF=D:\\GXDBProjects\\Eagle Ford\\GXDB.db', 'D:\\Samples\\GXDBRegression\\GXDBRegression\\EagleFord\\Results\\WELL_CHECKSHOT_SURVEY\\VelocitySurveysWithSynthetics.sql']
2015-05-26 08:10:41  command => ['C:\\Program Files (x86)\\GeoGraphix\\SQL Anywhere 12\\BIN32\\dbisql.com', '-q', '-c', 'UID=dba;PWD=sql;DBF=D:\\GXDBProjects\\Eagle Ford\\GXDB.db', 'D:\\Samples\\GXDBRegression\\GXDBRegression\\EagleFord\\Results\\WELL_CHECKSHOT_SURVEY\\WellCheckshotSurvey.sql']
2015-05-26 08:10:41  command => ['C:\\Program Files (x86)\\GeoGraphix\\SQL Anywhere 12\\BIN32\\dbisql.com', '-q', '-c', 'UID=dba;PWD=sql;DBF=D:\\GXDBProjects\\Eagle Ford\\GXDB.db', 'D:\\Samples\\GXDBRegression\\GXDBRegression\\EagleFord\\Results\\WELL_CHECKSHOT_DETAIL\\WellVelocities.sql']
2015-05-26 08:10:41  command => ['C:\\Program Files (x86)\\GeoGraphix\\SQL Anywhere 12\\BIN32\\dbisql.com', '-q', '-c', 'UID=dba;PWD=sql;DBF=D:\\GXDBProjects\\Eagle Ford\\GXDB.db', 'D:\\Samples\\GXDBRegression\\GXDBRegression\\EagleFord\\Results\\WELL\\WellDataPresent.sql']
2015-05-26 08:10:41  command => ['C:\\Program Files (x86)\\GeoGraphix\\SQL Anywhere 12\\BIN32\\dbisql.com', '-q', '-c', 'UID=dba;PWD=sql;DBF=D:\\GXDBProjects\\Eagle Ford\\GXDB.db', 'D:\\Samples\\GXDBRegression\\GXDBRegression\\EagleFord\\Results\\WELL_CORE\\WellCoreDesc.sql']
2015-05-26 08:10:41  WELL_DIR_PROPOSED_SRVY\WellProposedSurveyDir.sql                                 [Started]
2015-05-26 08:10:41  WELL_DIR_PROPOSED_SRVY_STATION\ProposedSurveyStations.sql                        [Started]
2015-05-26 08:10:41  WELL_DIR_SRVY\DSS_Well.sql                                                       [Started]
2015-05-26 08:10:41  WELL_DIR_SRVY\WellDataPresent.sql                                                [Started]
2015-05-26 08:10:41  command => ['C:\\Program Files (x86)\\GeoGraphix\\SQL Anywhere 12\\BIN32\\dbisql.com', '-q', '-c', 'UID=dba;PWD=sql;DBF=D:\\GXDBProjects\\Eagle Ford\\GXDB.db', 'D:\\Samples\\GXDBRegression\\GXDBRegression\\EagleFord\\Results\\WELL_DIR_PROPOSED_SRVY\\WellProposedSurveyDir.sql']
2015-05-26 08:10:41  command => ['C:\\Program Files (x86)\\GeoGraphix\\SQL Anywhere 12\\BIN32\\dbisql.com', '-q', '-c', 'UID=dba;PWD=sql;DBF=D:\\GXDBProjects\\Eagle Ford\\GXDB.db', 'D:\\Samples\\GXDBRegression\\GXDBRegression\\EagleFord\\Results\\WELL_DIR_PROPOSED_SRVY_STATION\\ProposedSurveyStations.sql']
2015-05-26 08:10:41  WELL_DIR_SRVY\WellSurveyDir.sql                                                  [Started]
2015-05-26 08:10:41  command => ['C:\\Program Files (x86)\\GeoGraphix\\SQL Anywhere 12\\BIN32\\dbisql.com', '-q', '-c', 'UID=dba;PWD=sql;DBF=D:\\GXDBProjects\\Eagle Ford\\GXDB.db', 'D:\\Samples\\GXDBRegression\\GXDBRegression\\EagleFord\\Results\\WELL_CORE_SAMPLE_ANAL\\WellCoreAnalysis.sql']
2015-05-26 08:10:41  WELL_DIR_SRVY\WellSurveys.sql                                                    [Started]
2015-05-26 08:10:41  WELL_DIR_SRVY\Workovers.sql                                                      [Started]
2015-05-26 08:10:41  WELL_DIR_SRVY\Workovers12.sql                                                    [Started]
2015-05-26 08:10:41  command => ['C:\\Program Files (x86)\\GeoGraphix\\SQL Anywhere 12\\BIN32\\dbisql.com', '-q', '-c', 'UID=dba;PWD=sql;DBF=D:\\GXDBProjects\\Eagle Ford\\GXDB.db', 'D:\\Samples\\GXDBRegression\\GXDBRegression\\EagleFord\\Results\\WELL_DIR_SRVY\\DSS_Well.sql']
2015-05-26 08:10:41  WELL_DIR_SRVY\WorkoversCAP.sql                                                   [Started]
2015-05-26 08:10:41  WELL_DIR_SRVY_STATION\DSS_SurveyStations.sql                                     [Started]
2015-05-26 08:10:41  command => ['C:\\Program Files (x86)\\GeoGraphix\\SQL Anywhere 12\\BIN32\\dbisql.com', '-q', '-c', 'UID=dba;PWD=sql;DBF=D:\\GXDBProjects\\Eagle Ford\\GXDB.db', 'D:\\Samples\\GXDBRegression\\GXDBRegression\\EagleFord\\Results\\WELL_DIR_SRVY\\WellSurveyDir.sql']
2015-05-26 08:10:41  WELL_DIR_SRVY_STATION\SurveyStations.sql                                         [Started]
2015-05-26 08:10:41  command => ['C:\\Program Files (x86)\\GeoGraphix\\SQL Anywhere 12\\BIN32\\dbisql.com', '-q', '-c', 'UID=dba;PWD=sql;DBF=D:\\GXDBProjects\\Eagle Ford\\GXDB.db', 'D:\\Samples\\GXDBRegression\\GXDBRegression\\EagleFord\\Results\\WELL_DIR_SRVY\\WellSurveys.sql']
2015-05-26 08:10:41  WELL_DIR_SRVY_STATION\WellDataPresent.sql                                        [Started]
2015-05-26 08:10:42  WELL_DIR_SRVY_STATION\WellSurveys.sql                                            [Started]
2015-05-26 08:10:42  command => ['C:\\Program Files (x86)\\GeoGraphix\\SQL Anywhere 12\\BIN32\\dbisql.com', '-q', '-c', 'UID=dba;PWD=sql;DBF=D:\\GXDBProjects\\Eagle Ford\\GXDB.db', 'D:\\Samples\\GXDBRegression\\GXDBRegression\\EagleFord\\Results\\WELL_DIR_SRVY\\Workovers12.sql']
2015-05-26 08:10:42  command => ['C:\\Program Files (x86)\\GeoGraphix\\SQL Anywhere 12\\BIN32\\dbisql.com', '-q', '-c', 'UID=dba;PWD=sql;DBF=D:\\GXDBProjects\\Eagle Ford\\GXDB.db', 'D:\\Samples\\GXDBRegression\\GXDBRegression\\EagleFord\\Results\\WELL_DIR_SRVY\\Workovers.sql']
2015-05-26 08:10:42  command => ['C:\\Program Files (x86)\\GeoGraphix\\SQL Anywhere 12\\BIN32\\dbisql.com', '-q', '-c', 'UID=dba;PWD=sql;DBF=D:\\GXDBProjects\\Eagle Ford\\GXDB.db', 'D:\\Samples\\GXDBRegression\\GXDBRegression\\EagleFord\\Results\\WELL_DIR_SRVY\\WorkoversCAP.sql']
2015-05-26 08:10:42  WELL_FAULT\Faults.sql                                                            [Started]
2015-05-26 08:10:42  command => ['C:\\Program Files (x86)\\GeoGraphix\\SQL Anywhere 12\\BIN32\\dbisql.com', '-q', '-c', 'UID=dba;PWD=sql;DBF=D:\\GXDBProjects\\Eagle Ford\\GXDB.db', 'D:\\Samples\\GXDBRegression\\GXDBRegression\\EagleFord\\Results\\WELL_DIR_SRVY_STATION\\SurveyStations.sql']
2015-05-26 08:10:42  command => ['C:\\Program Files (x86)\\GeoGraphix\\SQL Anywhere 12\\BIN32\\dbisql.com', '-q', '-c', 'UID=dba;PWD=sql;DBF=D:\\GXDBProjects\\Eagle Ford\\GXDB.db', 'D:\\Samples\\GXDBRegression\\GXDBRegression\\EagleFord\\Results\\WELL_DIR_SRVY_STATION\\DSS_SurveyStations.sql']
2015-05-26 08:10:42  WELL_TEST\DSTChamberTest.sql                                                     [Started]
2015-05-26 08:10:42  WELL_TEST\DSTFluidPropertiesTest.sql                                             [Started]
2015-05-26 08:10:42  WELL_TEST\DSTHeader.sql                                                          [Started]
2015-05-26 08:10:42  WELL_TEST\DSTPipesTest.sql                                                       [Started]
2015-05-26 08:10:42  WELL_TEST\DSTPressureTest.sql                                                    [Started]
2015-05-26 08:10:42  command => ['C:\\Program Files (x86)\\GeoGraphix\\SQL Anywhere 12\\BIN32\\dbisql.com', '-q', '-c', 'UID=dba;PWD=sql;DBF=D:\\GXDBProjects\\Eagle Ford\\GXDB.db', 'D:\\Samples\\GXDBRegression\\GXDBRegression\\EagleFord\\Results\\WELL_DIR_SRVY_STATION\\WellSurveys.sql']
2015-05-26 08:10:42  WELL_TEST\DSTsTest.sql                                                           [Started]
2015-05-26 08:10:42  WELL_TEST\DSTSurfacesTest.sql                                                    [Started]
2015-05-26 08:10:42  WELL_TEST\InitialPotentials.sql                                                  [Started]
2015-05-26 08:10:42  command => ['C:\\Program Files (x86)\\GeoGraphix\\SQL Anywhere 12\\BIN32\\dbisql.com', '-q', '-c', 'UID=dba;PWD=sql;DBF=D:\\GXDBProjects\\Eagle Ford\\GXDB.db', 'D:\\Samples\\GXDBRegression\\GXDBRegression\\EagleFord\\Results\\WELL_DIR_SRVY\\WellDataPresent.sql']
2015-05-26 08:10:42  command => ['C:\\Program Files (x86)\\GeoGraphix\\SQL Anywhere 12\\BIN32\\dbisql.com', '-q', '-c', 'UID=dba;PWD=sql;DBF=D:\\GXDBProjects\\Eagle Ford\\GXDB.db', 'D:\\Samples\\GXDBRegression\\GXDBRegression\\EagleFord\\Results\\WELL_FAULT\\Faults.sql']
2015-05-26 08:10:42  command => ['C:\\Program Files (x86)\\GeoGraphix\\SQL Anywhere 12\\BIN32\\dbisql.com', '-q', '-c', 'UID=dba;PWD=sql;DBF=D:\\GXDBProjects\\Eagle Ford\\GXDB.db', 'D:\\Samples\\GXDBRegression\\GXDBRegression\\EagleFord\\Results\\WELL_TEST\\DSTChamberTest.sql']
2015-05-26 08:10:42  command => ['C:\\Program Files (x86)\\GeoGraphix\\SQL Anywhere 12\\BIN32\\dbisql.com', '-q', '-c', 'UID=dba;PWD=sql;DBF=D:\\GXDBProjects\\Eagle Ford\\GXDB.db', 'D:\\Samples\\GXDBRegression\\GXDBRegression\\EagleFord\\Results\\WELL_TEST\\DSTsTest.sql']
2015-05-26 08:10:42  command => ['C:\\Program Files (x86)\\GeoGraphix\\SQL Anywhere 12\\BIN32\\dbisql.com', '-q', '-c', 'UID=dba;PWD=sql;DBF=D:\\GXDBProjects\\Eagle Ford\\GXDB.db', 'D:\\Samples\\GXDBRegression\\GXDBRegression\\EagleFord\\Results\\WELL_TEST\\DSTFluidPropertiesTest.sql']
2015-05-26 08:10:42  WELL_TEST_ANALYSIS\DistinctFluidType.sql                                         [Started]
2015-05-26 08:10:42  WELL_TEST_ANALYSIS\DSTFluidProperties.sql                                        [Started]
2015-05-26 08:10:42  command => ['C:\\Program Files (x86)\\GeoGraphix\\SQL Anywhere 12\\BIN32\\dbisql.com', '-q', '-c', 'UID=dba;PWD=sql;DBF=D:\\GXDBProjects\\Eagle Ford\\GXDB.db', 'D:\\Samples\\GXDBRegression\\GXDBRegression\\EagleFord\\Results\\WELL_TEST\\DSTHeader.sql']
2015-05-26 08:10:42  command => ['C:\\Program Files (x86)\\GeoGraphix\\SQL Anywhere 12\\BIN32\\dbisql.com', '-q', '-c', 'UID=dba;PWD=sql;DBF=D:\\GXDBProjects\\Eagle Ford\\GXDB.db', 'D:\\Samples\\GXDBRegression\\GXDBRegression\\EagleFord\\Results\\WELL_TEST\\DSTPressureTest.sql']
2015-05-26 08:10:42  command => ['C:\\Program Files (x86)\\GeoGraphix\\SQL Anywhere 12\\BIN32\\dbisql.com', '-q', '-c', 'UID=dba;PWD=sql;DBF=D:\\GXDBProjects\\Eagle Ford\\GXDB.db', 'D:\\Samples\\GXDBRegression\\GXDBRegression\\EagleFord\\Results\\WELL_TEST\\DSTPipesTest.sql']
2015-05-26 08:10:42  command => ['C:\\Program Files (x86)\\GeoGraphix\\SQL Anywhere 12\\BIN32\\dbisql.com', '-q', '-c', 'UID=dba;PWD=sql;DBF=D:\\GXDBProjects\\Eagle Ford\\GXDB.db', 'D:\\Samples\\GXDBRegression\\GXDBRegression\\EagleFord\\Results\\WELL_TEST\\DSTSurfacesTest.sql']
2015-05-26 08:10:42  WELL_TEST_ANALYSIS\DSTFluidPropertiesTest.sql                                    [Started]
2015-05-26 08:10:42  command => ['C:\\Program Files (x86)\\GeoGraphix\\SQL Anywhere 12\\BIN32\\dbisql.com', '-q', '-c', 'UID=dba;PWD=sql;DBF=D:\\GXDBProjects\\Eagle Ford\\GXDB.db', 'D:\\Samples\\GXDBRegression\\GXDBRegression\\EagleFord\\Results\\WELL_TEST\\InitialPotentials.sql']
2015-05-26 08:10:42  WELL_TEST_FLOW\DSTSurfaces.sql                                                   [Started]
2015-05-26 08:10:42  command => ['C:\\Program Files (x86)\\GeoGraphix\\SQL Anywhere 12\\BIN32\\dbisql.com', '-q', '-c', 'UID=dba;PWD=sql;DBF=D:\\GXDBProjects\\Eagle Ford\\GXDB.db', 'D:\\Samples\\GXDBRegression\\GXDBRegression\\EagleFord\\Results\\WELL_TEST_ANALYSIS\\DistinctFluidType.sql']
2015-05-26 08:10:42  WELL_TEST_FLOW\DSTSurfacesTest.sql                                               [Started]
2015-05-26 08:10:42  command => ['C:\\Program Files (x86)\\GeoGraphix\\SQL Anywhere 12\\BIN32\\dbisql.com', '-q', '-c', 'UID=dba;PWD=sql;DBF=D:\\GXDBProjects\\Eagle Ford\\GXDB.db', 'D:\\Samples\\GXDBRegression\\GXDBRegression\\EagleFord\\Results\\WELL_TEST_ANALYSIS\\DSTFluidProperties.sql']
2015-05-26 08:10:42  WELL_TEST_FORMATION\DistinctTestedFormations.sql                                 [Started]
2015-05-26 08:10:43  command => ['C:\\Program Files (x86)\\GeoGraphix\\SQL Anywhere 12\\BIN32\\dbisql.com', '-q', '-c', 'UID=dba;PWD=sql;DBF=D:\\GXDBProjects\\Eagle Ford\\GXDB.db', 'D:\\Samples\\GXDBRegression\\GXDBRegression\\EagleFord\\Results\\WELL_TEST_FLOW\\DSTSurfaces.sql']
2015-05-26 08:10:43  command => ['C:\\Program Files (x86)\\GeoGraphix\\SQL Anywhere 12\\BIN32\\dbisql.com', '-q', '-c', 'UID=dba;PWD=sql;DBF=D:\\GXDBProjects\\Eagle Ford\\GXDB.db', 'D:\\Samples\\GXDBRegression\\GXDBRegression\\EagleFord\\Results\\WELL_TEST_FORMATION\\DistinctTestedFormations.sql']
2015-05-26 08:10:43  WELL_TEST_FORMATION\DSTChamberTest.sql                                           [Started]
2015-05-26 08:10:43  command => ['C:\\Program Files (x86)\\GeoGraphix\\SQL Anywhere 12\\BIN32\\dbisql.com', '-q', '-c', 'UID=dba;PWD=sql;DBF=D:\\GXDBProjects\\Eagle Ford\\GXDB.db', 'D:\\Samples\\GXDBRegression\\GXDBRegression\\EagleFord\\Results\\WELL_TEST_ANALYSIS\\DSTFluidPropertiesTest.sql']
2015-05-26 08:10:43  WELL_TEST_FORMATION\DSTFluidPropertiesTest.sql                                   [Started]
2015-05-26 08:10:43  WELL_TEST_FORMATION\DSTHeader.sql                                                [Started]
2015-05-26 08:10:43  command => ['C:\\Program Files (x86)\\GeoGraphix\\SQL Anywhere 12\\BIN32\\dbisql.com', '-q', '-c', 'UID=dba;PWD=sql;DBF=D:\\GXDBProjects\\Eagle Ford\\GXDB.db', 'D:\\Samples\\GXDBRegression\\GXDBRegression\\EagleFord\\Results\\WELL_DIR_SRVY_STATION\\WellDataPresent.sql']
2015-05-26 08:10:43  command => ['C:\\Program Files (x86)\\GeoGraphix\\SQL Anywhere 12\\BIN32\\dbisql.com', '-q', '-c', 'UID=dba;PWD=sql;DBF=D:\\GXDBProjects\\Eagle Ford\\GXDB.db', 'D:\\Samples\\GXDBRegression\\GXDBRegression\\EagleFord\\Results\\WELL_TEST_FLOW\\DSTSurfacesTest.sql']
2015-05-26 08:10:43  WELL_TEST_FORMATION\DSTPipesTest.sql                                             [Started]
2015-05-26 08:10:43  WELL_TEST_FORMATION\DSTPressureTest.sql                                          [Started]
2015-05-26 08:10:43  WELL_TEST_FORMATION\DSTSurfacesTest.sql                                          [Started]
2015-05-26 08:10:43  WELL_TEST_FORMATION\WellTestFormations.sql                                       [Started]
2015-05-26 08:10:43  WELL_TEST_MUD\DSTMud.sql                                                         [Started]
2015-05-26 08:10:43  WELL_TEST_PRESSURE\DSTPressures.sql                                              [Started]
2015-05-26 08:10:43  WELL_TEST_PRESSURE\DSTPressureTest.sql                                           [Started]
2015-05-26 08:10:43  WELL_TEST_RECOVERY\DSTChamber.sql                                                [Started]
2015-05-26 08:10:43  command => ['C:\\Program Files (x86)\\GeoGraphix\\SQL Anywhere 12\\BIN32\\dbisql.com', '-q', '-c', 'UID=dba;PWD=sql;DBF=D:\\GXDBProjects\\Eagle Ford\\GXDB.db', 'D:\\Samples\\GXDBRegression\\GXDBRegression\\EagleFord\\Results\\WELL_TEST_PRESSURE\\DSTPressures.sql']
2015-05-26 08:10:43  command => ['C:\\Program Files (x86)\\GeoGraphix\\SQL Anywhere 12\\BIN32\\dbisql.com', '-q', '-c', 'UID=dba;PWD=sql;DBF=D:\\GXDBProjects\\Eagle Ford\\GXDB.db', 'D:\\Samples\\GXDBRegression\\GXDBRegression\\EagleFord\\Results\\WELL_TEST_MUD\\DSTMud.sql']
2015-05-26 08:10:43  command => ['C:\\Program Files (x86)\\GeoGraphix\\SQL Anywhere 12\\BIN32\\dbisql.com', '-q', '-c', 'UID=dba;PWD=sql;DBF=D:\\GXDBProjects\\Eagle Ford\\GXDB.db', 'D:\\Samples\\GXDBRegression\\GXDBRegression\\EagleFord\\Results\\WELL_TEST_PRESSURE\\DSTPressureTest.sql']
2015-05-26 08:10:43  command => ['C:\\Program Files (x86)\\GeoGraphix\\SQL Anywhere 12\\BIN32\\dbisql.com', '-q', '-c', 'UID=dba;PWD=sql;DBF=D:\\GXDBProjects\\Eagle Ford\\GXDB.db', 'D:\\Samples\\GXDBRegression\\GXDBRegression\\EagleFord\\Results\\WELL_TEST_FORMATION\\DSTChamberTest.sql']
2015-05-26 08:10:43  command => ['C:\\Program Files (x86)\\GeoGraphix\\SQL Anywhere 12\\BIN32\\dbisql.com', '-q', '-c', 'UID=dba;PWD=sql;DBF=D:\\GXDBProjects\\Eagle Ford\\GXDB.db', 'D:\\Samples\\GXDBRegression\\GXDBRegression\\EagleFord\\Results\\WELL_TEST_FORMATION\\WellTestFormations.sql']
2015-05-26 08:10:43  command => ['C:\\Program Files (x86)\\GeoGraphix\\SQL Anywhere 12\\BIN32\\dbisql.com', '-q', '-c', 'UID=dba;PWD=sql;DBF=D:\\GXDBProjects\\Eagle Ford\\GXDB.db', 'D:\\Samples\\GXDBRegression\\GXDBRegression\\EagleFord\\Results\\WELL_TEST_FORMATION\\DSTHeader.sql']
2015-05-26 08:10:43  WELL_TEST_RECOVERY\DSTChamberTest.sql                                            [Started]
2015-05-26 08:10:43  command => ['C:\\Program Files (x86)\\GeoGraphix\\SQL Anywhere 12\\BIN32\\dbisql.com', '-q', '-c', 'UID=dba;PWD=sql;DBF=D:\\GXDBProjects\\Eagle Ford\\GXDB.db', 'D:\\Samples\\GXDBRegression\\GXDBRegression\\EagleFord\\Results\\WELL_TEST_FORMATION\\DSTPipesTest.sql']
2015-05-26 08:10:43  command => ['C:\\Program Files (x86)\\GeoGraphix\\SQL Anywhere 12\\BIN32\\dbisql.com', '-q', '-c', 'UID=dba;PWD=sql;DBF=D:\\GXDBProjects\\Eagle Ford\\GXDB.db', 'D:\\Samples\\GXDBRegression\\GXDBRegression\\EagleFord\\Results\\WELL_TEST_FORMATION\\DSTPressureTest.sql']
2015-05-26 08:10:43  WELL_TEST_RECOVERY\DSTPipes.sql                                                  [Started]
2015-05-26 08:10:43  command => ['C:\\Program Files (x86)\\GeoGraphix\\SQL Anywhere 12\\BIN32\\dbisql.com', '-q', '-c', 'UID=dba;PWD=sql;DBF=D:\\GXDBProjects\\Eagle Ford\\GXDB.db', 'D:\\Samples\\GXDBRegression\\GXDBRegression\\EagleFord\\Results\\WELL_TEST_RECOVERY\\DSTChamber.sql']
2015-05-26 08:10:43  command => ['C:\\Program Files (x86)\\GeoGraphix\\SQL Anywhere 12\\BIN32\\dbisql.com', '-q', '-c', 'UID=dba;PWD=sql;DBF=D:\\GXDBProjects\\Eagle Ford\\GXDB.db', 'D:\\Samples\\GXDBRegression\\GXDBRegression\\EagleFord\\Results\\WELL_TEST_FORMATION\\DSTFluidPropertiesTest.sql']
2015-05-26 08:10:43  WELL_TEST_RECOVERY\DSTPipesTest.sql                                              [Started]
2015-05-26 08:10:43  command => ['C:\\Program Files (x86)\\GeoGraphix\\SQL Anywhere 12\\BIN32\\dbisql.com', '-q', '-c', 'UID=dba;PWD=sql;DBF=D:\\GXDBProjects\\Eagle Ford\\GXDB.db', 'D:\\Samples\\GXDBRegression\\GXDBRegression\\EagleFord\\Results\\WELL_TEST_FORMATION\\DSTSurfacesTest.sql']
2015-05-26 08:10:43  WELL_TREATMENT\WellDataPresent.sql                                               [Started]
2015-05-26 08:10:43  WELL_TREATMENT\WellTreatment.sql                                                 [Started]
2015-05-26 08:10:43  WELL_ZONE_INTERVAL\WellZoneAttributeValues.sql                                   [Started]
2015-05-26 08:10:43  WELL_ZONE_INTERVAL\WellZoneInterval.sql                                          [Started]
2015-05-26 08:10:43  command => ['C:\\Program Files (x86)\\GeoGraphix\\SQL Anywhere 12\\BIN32\\dbisql.com', '-q', '-c', 'UID=dba;PWD=sql;DBF=D:\\GXDBProjects\\Eagle Ford\\GXDB.db', 'D:\\Samples\\GXDBRegression\\GXDBRegression\\EagleFord\\Results\\WELL_TEST_RECOVERY\\DSTChamberTest.sql']
2015-05-26 08:10:43  WELL_ZONE_INTERVAL\WellZoneIntrvValueWithDepthsOuterJoin2.sql                    [Started]
2015-05-26 08:10:43  command => ['C:\\Program Files (x86)\\GeoGraphix\\SQL Anywhere 12\\BIN32\\dbisql.com', '-q', '-c', 'UID=dba;PWD=sql;DBF=D:\\GXDBProjects\\Eagle Ford\\GXDB.db', 'D:\\Samples\\GXDBRegression\\GXDBRegression\\EagleFord\\Results\\WELL_TEST_RECOVERY\\DSTPipes.sql']
2015-05-26 08:10:43  command => ['C:\\Program Files (x86)\\GeoGraphix\\SQL Anywhere 12\\BIN32\\dbisql.com', '-q', '-c', 'UID=dba;PWD=sql;DBF=D:\\GXDBProjects\\Eagle Ford\\GXDB.db', 'D:\\Samples\\GXDBRegression\\GXDBRegression\\EagleFord\\Results\\WELL_TEST_RECOVERY\\DSTPipesTest.sql']
2015-05-26 08:10:43  WELL_ZONE_INTRVL_VALUE\WellZoneIntrvlValue.sql                                   [Started]
2015-05-26 08:10:43  WELL_ZONE_INTRVL_VALUE\WellZoneIntrvValueWithDepthsOuterJoin2.sql                [Started]
2015-05-26 08:10:43  command => ['C:\\Program Files (x86)\\GeoGraphix\\SQL Anywhere 12\\BIN32\\dbisql.com', '-q', '-c', 'UID=dba;PWD=sql;DBF=D:\\GXDBProjects\\Eagle Ford\\GXDB.db', 'D:\\Samples\\GXDBRegression\\GXDBRegression\\EagleFord\\Results\\WELL_ZONE_INTERVAL\\WellZoneInterval.sql']
2015-05-26 08:10:43  command => ['C:\\Program Files (x86)\\GeoGraphix\\SQL Anywhere 12\\BIN32\\dbisql.com', '-q', '-c', 'UID=dba;PWD=sql;DBF=D:\\GXDBProjects\\Eagle Ford\\GXDB.db', 'D:\\Samples\\GXDBRegression\\GXDBRegression\\EagleFord\\Results\\WELL_ZONE_INTERVAL\\WellZoneAttributeValues.sql']
2015-05-26 08:10:43  command => ['C:\\Program Files (x86)\\GeoGraphix\\SQL Anywhere 12\\BIN32\\dbisql.com', '-q', '-c', 'UID=dba;PWD=sql;DBF=D:\\GXDBProjects\\Eagle Ford\\GXDB.db', 'D:\\Samples\\GXDBRegression\\GXDBRegression\\EagleFord\\Results\\WELL_TREATMENT\\WellTreatment.sql']
2015-05-26 08:10:43  command => ['C:\\Program Files (x86)\\GeoGraphix\\SQL Anywhere 12\\BIN32\\dbisql.com', '-q', '-c', 'UID=dba;PWD=sql;DBF=D:\\GXDBProjects\\Eagle Ford\\GXDB.db', 'D:\\Samples\\GXDBRegression\\GXDBRegression\\EagleFord\\Results\\WELL_ZONE_INTERVAL\\WellZoneIntrvValueWithDepthsOuterJoin2.sql']
2015-05-26 08:10:43  command => ['C:\\Program Files (x86)\\GeoGraphix\\SQL Anywhere 12\\BIN32\\dbisql.com', '-q', '-c', 'UID=dba;PWD=sql;DBF=D:\\GXDBProjects\\Eagle Ford\\GXDB.db', 'D:\\Samples\\GXDBRegression\\GXDBRegression\\EagleFord\\Results\\WELL_ZONE_INTRVL_VALUE\\WellZoneIntrvlValue.sql']
2015-05-26 08:10:43  command => ['C:\\Program Files (x86)\\GeoGraphix\\SQL Anywhere 12\\BIN32\\dbisql.com', '-q', '-c', 'UID=dba;PWD=sql;DBF=D:\\GXDBProjects\\Eagle Ford\\GXDB.db', 'D:\\Samples\\GXDBRegression\\GXDBRegression\\EagleFord\\Results\\WELL_ZONE_INTRVL_VALUE\\WellZoneIntrvValueWithDepthsOuterJoin2.sql']
2015-05-26 08:10:44  command => ['C:\\Program Files (x86)\\GeoGraphix\\SQL Anywhere 12\\BIN32\\dbisql.com', '-q', '-c', 'UID=dba;PWD=sql;DBF=D:\\GXDBProjects\\Eagle Ford\\GXDB.db', 'D:\\Samples\\GXDBRegression\\GXDBRegression\\EagleFord\\Results\\WELL_TREATMENT\\WellDataPresent.sql']
2015-05-26 08:11:02  FORMATION\DistinctFormationAli.sql                                               [Finished]
2015-05-26 08:11:03  FORMATION\DistinctFormations.sql                                                 [Finished]
2015-05-26 08:11:03  GGX_MICROSEISMIC_PRESSURE\MicroseismicPressures.sql                              [Finished]
2015-05-26 08:11:03  FORMATION\FormationLookup.sql                                                    [Finished]
2015-05-26 08:11:03  GGX_MICROSEISMIC_MSEVENT\MicroseismicEvents.sql                                  [Finished]
2015-05-26 08:11:03  FORMATION\DistinctFormationsWithActive.sql                                       [Finished]
2015-05-26 08:11:04  GX_WELL_SYNTHETIC\WellSynthetic.sql                                              [Finished]
2015-05-26 08:11:04  GX_PDEN_VOL_SUM_BY_MONTH\WellMonthlyCumProduction.sql                            [Finished]
2015-05-26 08:11:04  GX_WELL_SYNTHETIC\VelocitySurveysWithSynthetics.sql                              [Finished]
2015-05-26 08:11:05  FORMATION\FormationSources.sql                                                   [Finished]
2015-05-26 08:11:06  GX_PDEN_VOL_SUM_BY_MONTH\WellProduction.sql                                      [Finished]
2015-05-26 08:11:06  GX_ZONE\GXZone.sql                                                               [Finished]
2015-05-26 08:11:06  GX_PDEN_VOL_SUM_BY_MONTH\WellMonthlyProductionByZoneAli.sql                      [Finished]
2015-05-26 08:11:06  GX_PDEN_VOL_SUM_BY_MONTH\WellMonthlyYTDProduction.sql                            [Finished]
2015-05-26 08:11:07  GX_PDEN_VOL_SUM_BY_MONTH\AllocatedMonthlyProduction.sql                          [Finished]
2015-05-26 08:11:07  GX_ZATTRIBUTE\GXZAttribute.sql                                                   [Finished]
2015-05-26 08:11:07  GX_PDEN_VOL_SUM_BY_MONTH\AllocatedMonthlyProductionTest.sql                      [Finished]
2015-05-26 08:11:09  GX_ZONE_ZATTRIBUTE\GXZoneZAttribute.sql                                          [Finished]
2015-05-26 08:11:09  R_SOURCE\DistinctSources.sql                                                     [Finished]
2015-05-26 08:11:09  GX_PDEN_VOL_SUM_BY_MONTH\WellMonthlyProduction.sql                               [Finished]
2015-05-26 08:11:11  STRATIGRAPHIC_COLUMN\STRATIGRAPHIC_COLUMN.sql                                    [Finished]
2015-05-26 08:11:12  R_SOURCE\FaultsSources.sql                                                       [Finished]
2015-05-26 08:11:15  R_SOURCE\FormationSources.sql                                                    [Finished]
2015-05-26 08:11:18  TUBING\WellTubing.sql                                                            [Finished]
2015-05-26 08:11:23  GX_PDEN_VOL_SUM_BY_MONTH\WellCumulativeProduction.sql                            [Finished]
2015-05-26 08:11:28  GX_PRODUCTION_TEST\WellProductionTest.sql                                        [Finished]
2015-05-26 08:11:35  CASING\WellCasing.sql                                                            [Finished]
2015-05-26 08:11:36  WELL\DSS_Well.sql                                                                [Finished]
2015-05-26 08:12:16  WELL\WellStatuses.sql                                                            [Finished]
2015-05-26 08:12:19  WELL\LocationGeodatic.sql                                                        [Finished]
2015-05-26 08:12:48  WELL\WellHeader.sql                                                              [Finished]
2015-05-26 08:13:23  WELL\WellSurveyBH.sql                                                            [Finished]
2015-05-26 08:13:41  WELL\WellSurveyPicks.sql                                                         [Finished]
2015-05-26 08:22:22  WELL\WellHeaderAndLocation.sql                                                   [Finished]
2015-05-26 08:22:45  R_SOURCE\FormationsOrderedBySource.sql                                           [Finished]
2015-05-26 08:23:03  WELL\WorkoversCAP.sql                                                            [Finished]
2015-05-26 08:23:06  WELL_CHECKSHOT_DETAIL\WellCheckshotDetail.sql                                    [Finished]
2015-05-26 08:23:08  WELL_CHECKSHOT_SURVEY\VelocitySurveysWithSynthetics.sql                          [Finished]
2015-05-26 08:23:09  WELL_CHECKSHOT_SURVEY\WellCheckshotSurvey.sql                                    [Finished]
2015-05-26 08:23:11  WELL_CHECKSHOT_DETAIL\WellVelocities.sql                                         [Finished]
2015-05-26 08:23:59  WELL\Workovers.sql                                                               [Finished]
2015-05-26 08:24:44  WELL_CORE\WellCoreDesc.sql                                                       [Finished]
2015-05-26 08:24:50  WELL_DIR_PROPOSED_SRVY\WellProposedSurveyDir.sql                                 [Finished]
2015-05-26 08:24:52  WELL_DIR_PROPOSED_SRVY_STATION\ProposedSurveyStations.sql                        [Finished]
2015-05-26 08:24:55  WELL\WellHeaderAndBlob.sql                                                       [Finished]
2015-05-26 08:24:55  WELL_CORE_SAMPLE_ANAL\WellCoreAnalysis.sql                                       [Finished]
2015-05-26 08:26:32  WELL_DIR_SRVY\WellSurveyDir.sql                                                  [Finished]
2015-05-26 08:27:14  WELL_DIR_SRVY\DSS_Well.sql                                                       [Finished]
2015-05-26 08:27:22  WELL_DIR_SRVY\Workovers12.sql                                                    [Finished]
2015-05-26 08:28:18  WELL_DIR_SRVY\Workovers.sql                                                      [Finished]
2015-05-26 08:28:22  WELL_DIR_SRVY\WorkoversCAP.sql                                                   [Finished]
2015-05-26 08:30:57  WELL\WellDataPresent.sql                                                         [Finished]
2015-05-26 08:32:26  WELL\WellHederWithRemarks.sql                                                    [Finished]
2015-05-26 08:33:44  FORMATION\OrderedFormations.sql                                                  [Finished]
2015-05-26 08:36:01  WELL_DIR_SRVY\WellDataPresent.sql                                                [Finished]
2015-05-26 08:38:33  WELL_FAULT\Faults.sql                                                            [Finished]
2015-05-26 08:41:09  WELL_TEST\DSTChamberTest.sql                                                     [Finished]
2015-05-26 08:43:49  WELL_DIR_SRVY_STATION\SurveyStations.sql                                         [Finished]
2015-05-26 08:44:01  WELL_TEST\DSTsTest.sql                                                           [Finished]
2015-05-26 08:45:57  WELL_DIR_SRVY_STATION\DSS_SurveyStations.sql                                     [Finished]
2015-05-26 08:46:12  WELL_TEST\DSTHeader.sql                                                          [Finished]
2015-05-26 08:46:47  WELL_TEST\DSTFluidPropertiesTest.sql                                             [Finished]
2015-05-26 08:48:46  WELL_TEST\DSTSurfacesTest.sql                                                    [Finished]
2015-05-26 08:48:46  WELL_TEST\DSTPipesTest.sql                                                       [Finished]
2015-05-26 08:48:54  WELL_TEST\DSTPressureTest.sql                                                    [Finished]
2015-05-26 08:51:12  WELL_TEST_ANALYSIS\DistinctFluidType.sql                                         [Finished]
2015-05-26 08:51:12  WELL_TEST_ANALYSIS\DSTFluidProperties.sql                                        [Finished]
2015-05-26 08:51:47  WELL_TEST\InitialPotentials.sql                                                  [Finished]
2015-05-26 08:52:28  WELL_DIR_SRVY_STATION\WellSurveys.sql                                            [Finished]
2015-05-26 08:52:48  WELL_DIR_SRVY\WellSurveys.sql                                                    [Finished]
2015-05-26 08:53:20  WELL_TEST_FORMATION\DistinctTestedFormations.sql                                 [Finished]
2015-05-26 08:53:21  WELL_TEST_FLOW\DSTSurfaces.sql                                                   [Finished]
2015-05-26 08:53:22  WELL_TEST_FLOW\DSTSurfacesTest.sql                                               [Finished]
2015-05-26 08:53:24  WELL_TEST_MUD\DSTMud.sql                                                         [Finished]
2015-05-26 08:53:25  WELL_TEST_FORMATION\DSTChamberTest.sql                                           [Finished]
2015-05-26 08:53:26  WELL_TEST_ANALYSIS\DSTFluidPropertiesTest.sql                                    [Finished]
2015-05-26 08:53:26  WELL_TEST_FORMATION\WellTestFormations.sql                                       [Finished]
2015-05-26 08:53:32  WELL_DIR_SRVY_STATION\WellDataPresent.sql                                        [Finished]
2015-05-26 08:53:41  WELL_TEST_FORMATION\DSTPipesTest.sql                                             [Finished]
2015-05-26 08:53:42  WELL_TEST_FORMATION\DSTHeader.sql                                                [Finished]
2015-05-26 08:53:43  WELL_TEST_RECOVERY\DSTChamber.sql                                                [Finished]
2015-05-26 08:53:47  WELL_TEST_FORMATION\DSTSurfacesTest.sql                                          [Finished]
2015-05-26 08:53:48  WELL_TEST_RECOVERY\DSTChamberTest.sql                                            [Finished]
2015-05-26 08:53:51  WELL_TEST_PRESSURE\DSTPressures.sql                                              [Finished]
2015-05-26 08:53:53  WELL_TEST_FORMATION\DSTFluidPropertiesTest.sql                                   [Finished]
2015-05-26 08:53:54  WELL_TEST_PRESSURE\DSTPressureTest.sql                                           [Finished]
2015-05-26 08:53:57  WELL_TEST_RECOVERY\DSTPipes.sql                                                  [Finished]
2015-05-26 08:53:59  WELL_TREATMENT\WellTreatment.sql                                                 [Finished]
2015-05-26 08:54:01  WELL_TEST_RECOVERY\DSTPipesTest.sql                                              [Finished]
2015-05-26 08:54:02  WELL_TEST_FORMATION\DSTPressureTest.sql                                          [Finished]
2015-05-26 08:54:43  GX_ZONE\WellZoneIntrvValueWithDepthsOuterJoin2.sql                               [Finished]
2015-05-26 08:54:52  WELL_TREATMENT\WellDataPresent.sql                                               [Finished]
2015-05-26 08:55:21  WELL\WellZoneIntrvValueWithDepthsOuterJoin2.sql                                  [Finished]
2015-05-26 08:57:42  WELL\WellZoneAttributeValues.sql                                                 [Finished]
2015-05-26 09:00:43  WELL_ZONE_INTRVL_VALUE\WellZoneIntrvlValue.sql                                   [Finished]
2015-05-26 09:01:19  WELL_ZONE_INTERVAL\WellZoneInterval.sql                                          [Finished]
2015-05-26 09:04:52  GX_ZONE\WellZoneAttributeValues.sql                                              [Finished]
2015-05-26 09:13:13  WELL_ZONE_INTRVL_VALUE\WellZoneIntrvValueWithDepthsOuterJoin2.sql                [Finished]
2015-05-26 09:13:14  WELL_ZONE_INTERVAL\WellZoneIntrvValueWithDepthsOuterJoin2.sql                    [Finished]
2015-05-26 09:13:17  WELL_ZONE_INTERVAL\WellZoneAttributeValues.sql                                   [Finished]
2015-05-26 09:13:17  ====================================================================================================
2015-05-26 09:13:17  Results
2015-05-26 09:13:17  ====================================================================================================
2015-05-26 09:13:17  Comparing => FORMATION\DistinctFormations.sql_1.xml
2015-05-26 09:13:17  Comparing => GGX_MICROSEISMIC_PRESSURE\MicroseismicPressures.sql_1.xml
2015-05-26 09:13:17  Comparing => FORMATION\FormationLookup.sql_1.xml
2015-05-26 09:13:17  Comparing => GGX_MICROSEISMIC_MSEVENT\MicroseismicEvents.sql_1.xml
2015-05-26 09:13:17  Comparing => FORMATION\DistinctFormationsWithActive.sql_1.xml
2015-05-26 09:13:17  Comparing => GX_WELL_SYNTHETIC\WellSynthetic.sql_1.xml
2015-05-26 09:13:17  Comparing => GX_PDEN_VOL_SUM_BY_MONTH\WellMonthlyCumProduction.sql_1.xml
2015-05-26 09:13:17  Comparing => GX_WELL_SYNTHETIC\VelocitySurveysWithSynthetics.sql_1.xml
2015-05-26 09:13:17  Comparing => FORMATION\FormationSources.sql_1.xml
2015-05-26 09:13:17  Comparing => GX_PDEN_VOL_SUM_BY_MONTH\WellProduction.sql_1.xml
2015-05-26 09:13:17  Comparing => GX_ZONE\GXZone.sql_1.xml
2015-05-26 09:13:17  Comparing => GX_PDEN_VOL_SUM_BY_MONTH\WellMonthlyProductionByZoneAli.sql_1.xml
2015-05-26 09:13:17  Comparing => GX_PDEN_VOL_SUM_BY_MONTH\WellMonthlyYTDProduction.sql_1.xml
2015-05-26 09:13:17  Comparing => GX_PDEN_VOL_SUM_BY_MONTH\AllocatedMonthlyProduction.sql_1.xml
2015-05-26 09:13:17  Comparing => GX_ZATTRIBUTE\GXZAttribute.sql_1.xml
2015-05-26 09:13:17  Comparing => GX_PDEN_VOL_SUM_BY_MONTH\AllocatedMonthlyProductionTest.sql_1.xml
2015-05-26 09:13:17  Comparing => GX_ZONE_ZATTRIBUTE\GXZoneZAttribute.sql_1.xml
2015-05-26 09:13:17  Comparing => R_SOURCE\DistinctSources.sql_1.xml
2015-05-26 09:13:17  Comparing => GX_PDEN_VOL_SUM_BY_MONTH\WellMonthlyProduction.sql_1.xml
2015-05-26 09:13:17  Comparing => STRATIGRAPHIC_COLUMN\STRATIGRAPHIC_COLUMN.sql_1.xml
2015-05-26 09:13:17  Comparing => R_SOURCE\FaultsSources.sql_1.xml
2015-05-26 09:13:17  Comparing => R_SOURCE\FormationSources.sql_1.xml
2015-05-26 09:13:17  Comparing => TUBING\WellTubing.sql_1.xml
2015-05-26 09:13:17  Comparing => GX_PDEN_VOL_SUM_BY_MONTH\WellCumulativeProduction.sql_1.xml
2015-05-26 09:13:17  Comparing => GX_PRODUCTION_TEST\WellProductionTest.sql_1.xml
2015-05-26 09:13:17  Comparing => CASING\WellCasing.sql_1.xml
2015-05-26 09:13:17  Comparing => WELL\DSS_Well.sql_1.xml
2015-05-26 09:13:17  Comparing => WELL\WellStatuses.sql_1.xml
2015-05-26 09:13:17  Comparing => WELL\LocationGeodatic.sql_1.xml
2015-05-26 09:13:17  Comparing => WELL\WellHeader.sql_1.xml
2015-05-26 09:13:17  Comparing => WELL\WellSurveyBH.sql_1.xml
2015-05-26 09:13:17  Comparing => WELL\WellSurveyPicks.sql_1.xml
2015-05-26 09:13:17  Comparing => WELL\WellHeaderAndLocation.sql_1.xml
2015-05-26 09:13:17  Comparing => R_SOURCE\FormationsOrderedBySource.sql_1.xml
2015-05-26 09:13:17  Comparing => WELL\WorkoversCAP.sql_1.xml
2015-05-26 09:13:17  Comparing => WELL_CHECKSHOT_DETAIL\WellCheckshotDetail.sql_1.xml
2015-05-26 09:13:17  Comparing => WELL_CHECKSHOT_SURVEY\VelocitySurveysWithSynthetics.sql_1.xml
2015-05-26 09:13:17  Comparing => WELL_CHECKSHOT_SURVEY\WellCheckshotSurvey.sql_1.xml
2015-05-26 09:13:17  Comparing => WELL_CHECKSHOT_DETAIL\WellVelocities.sql_1.xml
2015-05-26 09:13:17  Comparing => WELL\Workovers.sql_1.xml
2015-05-26 09:13:17  Comparing => WELL_CORE\WellCoreDesc.sql_1.xml
2015-05-26 09:13:17  Comparing => WELL_DIR_PROPOSED_SRVY\WellProposedSurveyDir.sql_1.xml
2015-05-26 09:13:17  Comparing => WELL_DIR_PROPOSED_SRVY_STATION\ProposedSurveyStations.sql_1.xml
2015-05-26 09:13:17  Comparing => WELL\WellHeaderAndBlob.sql_1.xml
2015-05-26 09:13:17  Comparing => WELL_CORE_SAMPLE_ANAL\WellCoreAnalysis.sql_1.xml
2015-05-26 09:13:17  Comparing => WELL_DIR_SRVY\WellSurveyDir.sql_1.xml
2015-05-26 09:13:17  Comparing => WELL_DIR_SRVY\DSS_Well.sql_1.xml
2015-05-26 09:13:17  Comparing => WELL_DIR_SRVY\Workovers12.sql_1.xml
2015-05-26 09:13:17  Comparing => WELL_DIR_SRVY\Workovers.sql_1.xml
2015-05-26 09:13:17  Comparing => WELL_DIR_SRVY\WorkoversCAP.sql_1.xml
2015-05-26 09:13:17  Comparing => WELL\WellDataPresent.sql_1.xml
2015-05-26 09:13:17  Comparing => WELL\WellHederWithRemarks.sql_1.xml
2015-05-26 09:13:17  Comparing => FORMATION\OrderedFormations.sql_1.xml
2015-05-26 09:13:17  Comparing => WELL_DIR_SRVY\WellDataPresent.sql_1.xml
2015-05-26 09:13:17  Comparing => WELL_FAULT\Faults.sql_1.xml
2015-05-26 09:13:17  Comparing => WELL_TEST\DSTChamberTest.sql_1.xml
2015-05-26 09:13:17  Comparing => WELL_DIR_SRVY_STATION\SurveyStations.sql_1.xml
2015-05-26 09:13:17  Comparing => WELL_TEST\DSTsTest.sql_1.xml
2015-05-26 09:13:17  Comparing => WELL_DIR_SRVY_STATION\DSS_SurveyStations.sql_1.xml
2015-05-26 09:13:17  Comparing => WELL_TEST\DSTHeader.sql_1.xml
2015-05-26 09:13:17  Comparing => WELL_TEST\DSTFluidPropertiesTest.sql_1.xml
2015-05-26 09:13:17  Comparing => WELL_TEST\DSTSurfacesTest.sql_1.xml
2015-05-26 09:13:17  Comparing => WELL_TEST\DSTPipesTest.sql_1.xml
2015-05-26 09:13:17  Comparing => WELL_TEST\DSTPressureTest.sql_1.xml
2015-05-26 09:13:17  Comparing => WELL_TEST_ANALYSIS\DistinctFluidType.sql_1.xml
2015-05-26 09:13:17  Comparing => WELL_TEST_ANALYSIS\DSTFluidProperties.sql_1.xml
2015-05-26 09:13:17  Comparing => WELL_TEST\InitialPotentials.sql_1.xml
2015-05-26 09:13:17  Comparing => WELL_DIR_SRVY_STATION\WellSurveys.sql_1.xml
2015-05-26 09:13:17  Comparing => WELL_DIR_SRVY\WellSurveys.sql_1.xml
2015-05-26 09:13:17  Comparing => WELL_TEST_FORMATION\DistinctTestedFormations.sql_1.xml
2015-05-26 09:13:17  Comparing => WELL_TEST_FLOW\DSTSurfaces.sql_1.xml
2015-05-26 09:13:17  Comparing => WELL_TEST_FLOW\DSTSurfacesTest.sql_1.xml
2015-05-26 09:13:17  Comparing => WELL_TEST_MUD\DSTMud.sql_1.xml
2015-05-26 09:13:17  Comparing => WELL_TEST_FORMATION\DSTChamberTest.sql_1.xml
2015-05-26 09:13:17  Comparing => WELL_TEST_ANALYSIS\DSTFluidPropertiesTest.sql_1.xml
2015-05-26 09:13:17  Comparing => WELL_TEST_FORMATION\WellTestFormations.sql_1.xml
2015-05-26 09:13:17  Comparing => WELL_DIR_SRVY_STATION\WellDataPresent.sql_1.xml
2015-05-26 09:13:17  Comparing => WELL_TEST_FORMATION\DSTPipesTest.sql_1.xml
2015-05-26 09:13:17  Comparing => WELL_TEST_FORMATION\DSTHeader.sql_1.xml
2015-05-26 09:13:17  Comparing => WELL_TEST_RECOVERY\DSTChamber.sql_1.xml
2015-05-26 09:13:17  Comparing => WELL_TEST_FORMATION\DSTSurfacesTest.sql_1.xml
2015-05-26 09:13:17  Comparing => WELL_TEST_RECOVERY\DSTChamberTest.sql_1.xml
2015-05-26 09:13:17  Comparing => WELL_TEST_PRESSURE\DSTPressures.sql_1.xml
2015-05-26 09:13:17  Comparing => WELL_TEST_FORMATION\DSTFluidPropertiesTest.sql_1.xml
2015-05-26 09:13:17  Comparing => WELL_TEST_PRESSURE\DSTPressureTest.sql_1.xml
2015-05-26 09:13:17  Comparing => WELL_TEST_RECOVERY\DSTPipes.sql_1.xml
2015-05-26 09:13:17  Comparing => WELL_TREATMENT\WellTreatment.sql_1.xml
2015-05-26 09:13:17  Comparing => WELL_TEST_RECOVERY\DSTPipesTest.sql_1.xml
2015-05-26 09:13:17  Comparing => WELL_TEST_FORMATION\DSTPressureTest.sql_1.xml
2015-05-26 09:13:17  Comparing => GX_ZONE\WellZoneIntrvValueWithDepthsOuterJoin2.sql_1.xml
2015-05-26 09:13:17  Comparing => WELL_TREATMENT\WellDataPresent.sql_1.xml
2015-05-26 09:13:17  Comparing => WELL\WellZoneIntrvValueWithDepthsOuterJoin2.sql_1.xml
2015-05-26 09:13:17  Comparing => WELL\WellZoneAttributeValues.sql_1.xml
2015-05-26 09:13:17  Comparing => WELL_ZONE_INTRVL_VALUE\WellZoneIntrvlValue.sql_1.xml
2015-05-26 09:13:17  Comparing => WELL_ZONE_INTERVAL\WellZoneInterval.sql_1.xml
2015-05-26 09:13:17  Comparing => GX_ZONE\WellZoneAttributeValues.sql_1.xml
2015-05-26 09:13:17  Comparing => WELL_ZONE_INTRVL_VALUE\WellZoneIntrvValueWithDepthsOuterJoin2.sql_1.xml
2015-05-26 09:13:17  Comparing => WELL_ZONE_INTERVAL\WellZoneIntrvValueWithDepthsOuterJoin2.sql_1.xml
2015-05-26 09:13:17  Comparing => WELL_ZONE_INTERVAL\WellZoneAttributeValues.sql_1.xml
2015-05-26 09:13:17  GGX_MICROSEISMIC_MSEVENT\MicroseismicEvents.sql_1.xml                            [Pass]
2015-05-26 09:13:17  GX_WELL_SYNTHETIC\VelocitySurveysWithSynthetics.sql_1.xml                        [Pass]
2015-05-26 09:13:17  GGX_MICROSEISMIC_PRESSURE\MicroseismicPressures.sql_1.xml                        [Pass]
2015-05-26 09:13:17  GX_WELL_SYNTHETIC\WellSynthetic.sql_1.xml                                        [Pass]
2015-05-26 09:13:17  GX_PDEN_VOL_SUM_BY_MONTH\WellMonthlyCumProduction.sql_1.xml                      [Pass]
2015-05-26 09:13:18  GX_PDEN_VOL_SUM_BY_MONTH\WellMonthlyYTDProduction.sql_1.xml                      [Pass]
2015-05-26 09:13:18  FORMATION\DistinctFormations.sql_1.xml                                           [Pass]
2015-05-26 09:13:18  GX_ZONE\GXZone.sql_1.xml                                                         [Pass]
2015-05-26 09:13:18  FORMATION\DistinctFormationsWithActive.sql_1.xml                                 [Pass]
2015-05-26 09:13:19  GX_ZONE_ZATTRIBUTE\GXZoneZAttribute.sql_1.xml                                    [Pass]
2015-05-26 09:13:19  R_SOURCE\DistinctSources.sql_1.xml                                               [Pass]
2015-05-26 09:13:19  STRATIGRAPHIC_COLUMN\STRATIGRAPHIC_COLUMN.sql_1.xml                              [Pass]
2015-05-26 09:13:20  GX_ZATTRIBUTE\GXZAttribute.sql_1.xml                                             [Pass]
2015-05-26 09:13:21  FORMATION\FormationLookup.sql_1.xml                                              [Pass]
2015-05-26 09:13:27  R_SOURCE\FaultsSources.sql_1.xml                                                 [Pass]
2015-05-26 09:13:28  GX_PDEN_VOL_SUM_BY_MONTH\WellProduction.sql_1.xml                                [Pass]
2015-05-26 09:13:55  GX_PDEN_VOL_SUM_BY_MONTH\WellMonthlyProductionByZoneAli.sql_1.xml                [Pass]
2015-05-26 09:14:02  GX_PDEN_VOL_SUM_BY_MONTH\WellCumulativeProduction.sql_1.xml                      [Pass]
2015-05-26 09:14:02  GX_PDEN_VOL_SUM_BY_MONTH\AllocatedMonthlyProductionTest.sql_1.xml                [Pass]
2015-05-26 09:14:03  WELL\WellStatuses.sql_1.xml                                                      [Pass]
2015-05-26 09:14:10  FORMATION\FormationSources.sql_1.xml                                             [Pass]
2015-05-26 09:14:16  R_SOURCE\FormationSources.sql_1.xml                                              [Pass]
2015-05-26 09:14:22  GX_PDEN_VOL_SUM_BY_MONTH\WellMonthlyProduction.sql_1.xml                         [Pass]
2015-05-26 09:14:33  GX_PDEN_VOL_SUM_BY_MONTH\AllocatedMonthlyProduction.sql_1.xml                    [Pass]
2015-05-26 09:15:53  WELL\LocationGeodatic.sql_1.xml                                                  [Pass]
2015-05-26 09:16:15  TUBING\WellTubing.sql_1.xml                                                      [Pass]
2015-05-26 09:16:15  WELL\WorkoversCAP.sql_1.xml                                                      [Pass]
2015-05-26 09:16:16  WELL_CHECKSHOT_DETAIL\WellCheckshotDetail.sql_1.xml                              [Pass]
2015-05-26 09:16:16  WELL_CHECKSHOT_SURVEY\VelocitySurveysWithSynthetics.sql_1.xml                    [Pass]
2015-05-26 09:16:16  WELL_CHECKSHOT_SURVEY\WellCheckshotSurvey.sql_1.xml                              [Pass]
2015-05-26 09:16:17  WELL_CHECKSHOT_DETAIL\WellVelocities.sql_1.xml                                   [Pass]
2015-05-26 09:16:38  WELL\Workovers.sql_1.xml                                                         [Pass]
2015-05-26 09:20:14  WELL\WellSurveyBH.sql_1.xml                                                      [Pass]
2015-05-26 09:20:14  WELL_DIR_PROPOSED_SRVY\WellProposedSurveyDir.sql_1.xml                           [Pass]
2015-05-26 09:20:15  WELL_DIR_PROPOSED_SRVY_STATION\ProposedSurveyStations.sql_1.xml                  [Pass]
2015-05-26 09:23:34  WELL\DSS_Well.sql_1.xml                                                          [Pass]
2015-05-26 09:23:36  WELL_CORE_SAMPLE_ANAL\WellCoreAnalysis.sql_1.xml                                 [Pass]
2015-05-26 09:25:29  GX_PRODUCTION_TEST\WellProductionTest.sql_1.xml                                  [Pass]
2015-05-26 09:26:24  WELL_CORE\WellCoreDesc.sql_1.xml                                                 [Pass]
2015-05-26 09:26:24  WELL_DIR_SRVY\Workovers12.sql_1.xml                                              [Pass]
2015-05-26 09:26:52  WELL_DIR_SRVY\Workovers.sql_1.xml                                                [Pass]
2015-05-26 09:26:52  WELL_DIR_SRVY\WorkoversCAP.sql_1.xml                                             [Pass]
2015-05-26 09:27:23  WELL\WellSurveyPicks.sql_1.xml                                                   [Pass]
2015-05-26 09:27:49  WELL\WellDataPresent.sql_1.xml                                                   [Pass]
2015-05-26 09:35:25  CASING\WellCasing.sql_1.xml                                                      [Pass]
2015-05-26 09:35:41  WELL_DIR_SRVY\DSS_Well.sql_1.xml                                                 [Pass]
2015-05-26 09:35:42  WELL_FAULT\Faults.sql_1.xml                                                      [Pass]
2015-05-26 09:35:42  WELL_TEST\DSTChamberTest.sql_1.xml                                               [Pass]
2015-05-26 09:36:05  WELL_DIR_SRVY\WellSurveyDir.sql_1.xml                                            [Pass]
2015-05-26 09:36:32  WELL_DIR_SRVY\WellDataPresent.sql_1.xml                                          [Pass]
2015-05-26 09:38:22  WELL_TEST\DSTsTest.sql_1.xml                                                     [Pass]
2015-05-26 09:41:05  WELL_TEST\DSTHeader.sql_1.xml                                                    [Pass]
2015-05-26 09:43:08  WELL_TEST\DSTFluidPropertiesTest.sql_1.xml                                       [Pass]
2015-05-26 09:43:36  WELL_TEST\DSTSurfacesTest.sql_1.xml                                              [Pass]
2015-05-26 09:45:23  WELL_TEST\DSTPipesTest.sql_1.xml                                                 [Pass]
2015-05-26 09:47:21  WELL\WellHeaderAndLocation.sql_1.xml                                             [Pass]
2015-05-26 09:47:22  WELL_TEST_ANALYSIS\DistinctFluidType.sql_1.xml                                   [Pass]
2015-05-26 09:47:51  WELL\WellHeader.sql_1.xml                                                        [Pass]
2015-05-26 09:49:04  WELL_TEST_ANALYSIS\DSTFluidProperties.sql_1.xml                                  [Pass]
2015-05-26 09:49:12  WELL\WellHeaderAndBlob.sql_1.xml                                                 [Pass]
2015-05-26 09:51:11  WELL_TEST\DSTPressureTest.sql_1.xml                                              [Pass]
2015-05-26 09:51:11  WELL_TEST_FORMATION\DistinctTestedFormations.sql_1.xml                           [Pass]
2015-05-26 09:51:30  WELL_TEST_FLOW\DSTSurfaces.sql_1.xml                                             [Pass]
2015-05-26 09:51:54  WELL_TEST_FLOW\DSTSurfacesTest.sql_1.xml                                         [Pass]
2015-05-26 09:51:54  WELL_TEST_MUD\DSTMud.sql_1.xml                                                   [Pass]
2015-05-26 09:51:54  WELL_TEST_FORMATION\DSTChamberTest.sql_1.xml                                     [Pass]
2015-05-26 09:53:42  WELL\WellHederWithRemarks.sql_1.xml                                              [Pass]
2015-05-26 09:53:42  WELL_TEST_FORMATION\WellTestFormations.sql_1.xml                                 [Pass]
2015-05-26 09:53:51  WELL_TEST_ANALYSIS\DSTFluidPropertiesTest.sql_1.xml                              [Pass]
2015-05-26 09:54:47  WELL_DIR_SRVY_STATION\WellDataPresent.sql_1.xml                                  [Pass]
2015-05-26 09:56:09  WELL_TEST_FORMATION\DSTPipesTest.sql_1.xml                                       [Pass]
2015-05-26 09:56:09  WELL_TEST_RECOVERY\DSTChamber.sql_1.xml                                          [Pass]
2015-05-26 09:56:37  WELL_TEST_FORMATION\DSTSurfacesTest.sql_1.xml                                    [Pass]
2015-05-26 09:56:37  WELL_TEST_RECOVERY\DSTChamberTest.sql_1.xml                                      [Pass]
2015-05-26 09:57:12  WELL_TEST_FORMATION\DSTHeader.sql_1.xml                                          [Pass]
2015-05-26 09:59:11  WELL_TEST_FORMATION\DSTFluidPropertiesTest.sql_1.xml                             [Pass]
2015-05-26 10:01:11  WELL_TEST_PRESSURE\DSTPressures.sql_1.xml                                        [Pass]
2015-05-26 10:03:01  WELL_TEST_RECOVERY\DSTPipes.sql_1.xml                                            [Pass]
2015-05-26 10:03:01  WELL_TREATMENT\WellTreatment.sql_1.xml                                           [Pass]
2015-05-26 10:04:47  WELL_TEST_RECOVERY\DSTPipesTest.sql_1.xml                                        [Pass]
2015-05-26 10:05:28  WELL_TEST_PRESSURE\DSTPressureTest.sql_1.xml                                     [Pass]
2015-05-26 10:07:29  WELL_TEST\InitialPotentials.sql_1.xml                                            [Pass]
2015-05-26 10:08:28  WELL_TREATMENT\WellDataPresent.sql_1.xml                                         [Pass]
2015-05-26 10:11:18  WELL_TEST_FORMATION\DSTPressureTest.sql_1.xml                                    [Pass]
2015-05-26 10:15:41  R_SOURCE\FormationsOrderedBySource.sql_1.xml                                     [Pass]
2015-05-26 10:34:02  WELL_DIR_SRVY_STATION\DSS_SurveyStations.sql_1.xml                               [Pass]
2015-05-26 10:41:08  WELL_DIR_SRVY_STATION\SurveyStations.sql_1.xml                                   [Pass]
2015-05-26 10:54:43  WELL_ZONE_INTRVL_VALUE\WellZoneIntrvlValue.sql_1.xml                             [Pass]
2015-05-26 11:38:01  WELL_ZONE_INTERVAL\WellZoneInterval.sql_1.xml                                    [Pass]
2015-05-26 12:15:19  WELL_DIR_SRVY\WellSurveys.sql_1.xml                                              [Pass]
2015-05-26 12:18:45  WELL_DIR_SRVY_STATION\WellSurveys.sql_1.xml                                      [Pass]
2015-05-26 13:37:39  Exception occured in XML compare 
2015-05-26 13:37:39  WELL_ZONE_INTERVAL\WellZoneAttributeValues.sql_1.xml                             [Fail]
2015-05-26 13:37:43  Exception occured in XML compare 
2015-05-26 13:37:44  GX_ZONE\WellZoneIntrvValueWithDepthsOuterJoin2.sql_1.xml                         [Fail]
2015-05-26 13:39:18  Exception occured in XML compare 
2015-05-26 13:39:19  WELL\WellZoneAttributeValues.sql_1.xml                                           [Fail]
2015-05-26 13:43:45  Exception occured in XML compare 
2015-05-26 13:43:46  WELL\WellZoneIntrvValueWithDepthsOuterJoin2.sql_1.xml                            [Fail]
2015-05-26 13:58:40  Exception occured in XML compare 
2015-05-26 13:58:40  WELL_ZONE_INTERVAL\WellZoneIntrvValueWithDepthsOuterJoin2.sql_1.xml              [Fail]
2015-05-26 14:02:58  Exception occured in XML compare 
2015-05-26 14:02:59  GX_ZONE\WellZoneAttributeValues.sql_1.xml                                        [Fail]
2015-05-26 14:10:38  Exception occured in XML compare 
2015-05-26 14:10:39  WELL_ZONE_INTRVL_VALUE\WellZoneIntrvValueWithDepthsOuterJoin2.sql_1.xml          [Fail]
2015-05-26 14:21:03  FORMATION\OrderedFormations.sql_1.xml                                            [Pass]
2015-05-26 14:21:03  ====================================================================================================
2015-05-26 14:21:03  92 passed out of 99
2015-05-26 14:21:03  Total elapsed time(secs) 22224.81
2015-05-26 14:21:03  ====================================================================================================
