2015-05-27 15:33:29  ====================================================================================================
2015-05-27 15:33:29  Regression started
2015-05-27 15:33:29  ====================================================================================================
2015-05-27 15:33:29  CASING\WellCasing.sql                                                            [Started]
2015-05-27 15:33:29  FORMATION\DistinctFormationAli.sql                                               [Started]
2015-05-27 15:33:29  FORMATION\DistinctFormations.sql                                                 [Started]
2015-05-27 15:33:29  FORMATION\DistinctFormationsWithActive.sql                                       [Started]
2015-05-27 15:33:29  command => ['C:\\Program Files (x86)\\GeoGraphix\\SQL Anywhere 12\\BIN32\\dbisql.com', '-q', '-c', 'UID=dba;PWD=sql;DBF=D:\\GXDBProjects\\Eagle Ford\\GXDB.db', 'D:\\Samples\\GXDBRegression\\GXDBRegression\\EagleFord\\Results\\FORMATION\\DistinctFormationAli.sql']
2015-05-27 15:33:29  FORMATION\FormationLookup.sql                                                    [Started]
2015-05-27 15:33:29  command => ['C:\\Program Files (x86)\\GeoGraphix\\SQL Anywhere 12\\BIN32\\dbisql.com', '-q', '-c', 'UID=dba;PWD=sql;DBF=D:\\GXDBProjects\\Eagle Ford\\GXDB.db', 'D:\\Samples\\GXDBRegression\\GXDBRegression\\EagleFord\\Results\\FORMATION\\DistinctFormationsWithActive.sql']
2015-05-27 15:33:29  FORMATION\FormationSources.sql                                                   [Started]
2015-05-27 15:33:29  command => ['C:\\Program Files (x86)\\GeoGraphix\\SQL Anywhere 12\\BIN32\\dbisql.com', '-q', '-c', 'UID=dba;PWD=sql;DBF=D:\\GXDBProjects\\Eagle Ford\\GXDB.db', 'D:\\Samples\\GXDBRegression\\GXDBRegression\\EagleFord\\Results\\FORMATION\\DistinctFormations.sql']
2015-05-27 15:33:29  FORMATION\OrderedFormations.sql                                                  [Started]
2015-05-27 15:33:29  command => ['C:\\Program Files (x86)\\GeoGraphix\\SQL Anywhere 12\\BIN32\\dbisql.com', '-q', '-c', 'UID=dba;PWD=sql;DBF=D:\\GXDBProjects\\Eagle Ford\\GXDB.db', 'D:\\Samples\\GXDBRegression\\GXDBRegression\\EagleFord\\Results\\CASING\\WellCasing.sql']
2015-05-27 15:33:29  command => ['C:\\Program Files (x86)\\GeoGraphix\\SQL Anywhere 12\\BIN32\\dbisql.com', '-q', '-c', 'UID=dba;PWD=sql;DBF=D:\\GXDBProjects\\Eagle Ford\\GXDB.db', 'D:\\Samples\\GXDBRegression\\GXDBRegression\\EagleFord\\Results\\FORMATION\\FormationSources.sql']
2015-05-27 15:33:29  command => ['C:\\Program Files (x86)\\GeoGraphix\\SQL Anywhere 12\\BIN32\\dbisql.com', '-q', '-c', 'UID=dba;PWD=sql;DBF=D:\\GXDBProjects\\Eagle Ford\\GXDB.db', 'D:\\Samples\\GXDBRegression\\GXDBRegression\\EagleFord\\Results\\FORMATION\\FormationLookup.sql']
2015-05-27 15:33:29  GGX_MICROSEISMIC_MSEVENT\MicroseismicEvents.sql                                  [Started]
2015-05-27 15:33:29  GGX_MICROSEISMIC_PRESSURE\MicroseismicPressures.sql                              [Started]
2015-05-27 15:33:30  GX_PDEN_VOL_SUM_BY_MONTH\AllocatedMonthlyProduction.sql                          [Started]
2015-05-27 15:33:30  GX_PDEN_VOL_SUM_BY_MONTH\AllocatedMonthlyProductionTest.sql                      [Started]
2015-05-27 15:33:30  GX_PDEN_VOL_SUM_BY_MONTH\WellCumulativeProduction.sql                            [Started]
2015-05-27 15:33:30  GX_PDEN_VOL_SUM_BY_MONTH\WellMonthlyCumProduction.sql                            [Started]
2015-05-27 15:33:30  command => ['C:\\Program Files (x86)\\GeoGraphix\\SQL Anywhere 12\\BIN32\\dbisql.com', '-q', '-c', 'UID=dba;PWD=sql;DBF=D:\\GXDBProjects\\Eagle Ford\\GXDB.db', 'D:\\Samples\\GXDBRegression\\GXDBRegression\\EagleFord\\Results\\GGX_MICROSEISMIC_MSEVENT\\MicroseismicEvents.sql']
2015-05-27 15:33:30  command => ['C:\\Program Files (x86)\\GeoGraphix\\SQL Anywhere 12\\BIN32\\dbisql.com', '-q', '-c', 'UID=dba;PWD=sql;DBF=D:\\GXDBProjects\\Eagle Ford\\GXDB.db', 'D:\\Samples\\GXDBRegression\\GXDBRegression\\EagleFord\\Results\\GGX_MICROSEISMIC_PRESSURE\\MicroseismicPressures.sql']
2015-05-27 15:33:30  GX_PDEN_VOL_SUM_BY_MONTH\WellMonthlyProduction.sql                               [Started]
2015-05-27 15:33:30  GX_PDEN_VOL_SUM_BY_MONTH\WellMonthlyProductionByZoneAli.sql                      [Started]
2015-05-27 15:33:30  command => ['C:\\Program Files (x86)\\GeoGraphix\\SQL Anywhere 12\\BIN32\\dbisql.com', '-q', '-c', 'UID=dba;PWD=sql;DBF=D:\\GXDBProjects\\Eagle Ford\\GXDB.db', 'D:\\Samples\\GXDBRegression\\GXDBRegression\\EagleFord\\Results\\FORMATION\\OrderedFormations.sql']
2015-05-27 15:33:30  GX_PDEN_VOL_SUM_BY_MONTH\WellProduction.sql                                      [Started]
2015-05-27 15:33:30  command => ['C:\\Program Files (x86)\\GeoGraphix\\SQL Anywhere 12\\BIN32\\dbisql.com', '-q', '-c', 'UID=dba;PWD=sql;DBF=D:\\GXDBProjects\\Eagle Ford\\GXDB.db', 'D:\\Samples\\GXDBRegression\\GXDBRegression\\EagleFord\\Results\\GX_PDEN_VOL_SUM_BY_MONTH\\AllocatedMonthlyProduction.sql']
2015-05-27 15:33:30  GX_PDEN_VOL_SUM_BY_MONTH\WellMonthlyYTDProduction.sql                            [Started]
2015-05-27 15:33:30  command => ['C:\\Program Files (x86)\\GeoGraphix\\SQL Anywhere 12\\BIN32\\dbisql.com', '-q', '-c', 'UID=dba;PWD=sql;DBF=D:\\GXDBProjects\\Eagle Ford\\GXDB.db', 'D:\\Samples\\GXDBRegression\\GXDBRegression\\EagleFord\\Results\\GX_PDEN_VOL_SUM_BY_MONTH\\WellCumulativeProduction.sql']
2015-05-27 15:33:30  command => ['C:\\Program Files (x86)\\GeoGraphix\\SQL Anywhere 12\\BIN32\\dbisql.com', '-q', '-c', 'UID=dba;PWD=sql;DBF=D:\\GXDBProjects\\Eagle Ford\\GXDB.db', 'D:\\Samples\\GXDBRegression\\GXDBRegression\\EagleFord\\Results\\GX_PDEN_VOL_SUM_BY_MONTH\\AllocatedMonthlyProductionTest.sql']
2015-05-27 15:33:30  command => ['C:\\Program Files (x86)\\GeoGraphix\\SQL Anywhere 12\\BIN32\\dbisql.com', '-q', '-c', 'UID=dba;PWD=sql;DBF=D:\\GXDBProjects\\Eagle Ford\\GXDB.db', 'D:\\Samples\\GXDBRegression\\GXDBRegression\\EagleFord\\Results\\GX_PDEN_VOL_SUM_BY_MONTH\\WellMonthlyProduction.sql']
2015-05-27 15:33:30  command => ['C:\\Program Files (x86)\\GeoGraphix\\SQL Anywhere 12\\BIN32\\dbisql.com', '-q', '-c', 'UID=dba;PWD=sql;DBF=D:\\GXDBProjects\\Eagle Ford\\GXDB.db', 'D:\\Samples\\GXDBRegression\\GXDBRegression\\EagleFord\\Results\\GX_PDEN_VOL_SUM_BY_MONTH\\WellMonthlyCumProduction.sql']
2015-05-27 15:33:30  command => ['C:\\Program Files (x86)\\GeoGraphix\\SQL Anywhere 12\\BIN32\\dbisql.com', '-q', '-c', 'UID=dba;PWD=sql;DBF=D:\\GXDBProjects\\Eagle Ford\\GXDB.db', 'D:\\Samples\\GXDBRegression\\GXDBRegression\\EagleFord\\Results\\GX_PDEN_VOL_SUM_BY_MONTH\\WellProduction.sql']
2015-05-27 15:33:30  GX_PRODUCTION_TEST\WellProductionTest.sql                                        [Started]
2015-05-27 15:33:30  command => ['C:\\Program Files (x86)\\GeoGraphix\\SQL Anywhere 12\\BIN32\\dbisql.com', '-q', '-c', 'UID=dba;PWD=sql;DBF=D:\\GXDBProjects\\Eagle Ford\\GXDB.db', 'D:\\Samples\\GXDBRegression\\GXDBRegression\\EagleFord\\Results\\GX_PDEN_VOL_SUM_BY_MONTH\\WellMonthlyProductionByZoneAli.sql']
2015-05-27 15:33:30  GX_WELL_SYNTHETIC\VelocitySurveysWithSynthetics.sql                              [Started]
2015-05-27 15:33:30  GX_WELL_SYNTHETIC\WellSynthetic.sql                                              [Started]
2015-05-27 15:33:30  command => ['C:\\Program Files (x86)\\GeoGraphix\\SQL Anywhere 12\\BIN32\\dbisql.com', '-q', '-c', 'UID=dba;PWD=sql;DBF=D:\\GXDBProjects\\Eagle Ford\\GXDB.db', 'D:\\Samples\\GXDBRegression\\GXDBRegression\\EagleFord\\Results\\GX_PDEN_VOL_SUM_BY_MONTH\\WellMonthlyYTDProduction.sql']
2015-05-27 15:33:31  GX_ZATTRIBUTE\GXZAttribute.sql                                                   [Started]
2015-05-27 15:33:31  GX_ZONE\GXZone.sql                                                               [Started]
2015-05-27 15:33:31  command => ['C:\\Program Files (x86)\\GeoGraphix\\SQL Anywhere 12\\BIN32\\dbisql.com', '-q', '-c', 'UID=dba;PWD=sql;DBF=D:\\GXDBProjects\\Eagle Ford\\GXDB.db', 'D:\\Samples\\GXDBRegression\\GXDBRegression\\EagleFord\\Results\\GX_PRODUCTION_TEST\\WellProductionTest.sql']
2015-05-27 15:33:31  GX_ZONE\WellZoneAttributeValues.sql                                              [Started]
2015-05-27 15:33:31  command => ['C:\\Program Files (x86)\\GeoGraphix\\SQL Anywhere 12\\BIN32\\dbisql.com', '-q', '-c', 'UID=dba;PWD=sql;DBF=D:\\GXDBProjects\\Eagle Ford\\GXDB.db', 'D:\\Samples\\GXDBRegression\\GXDBRegression\\EagleFord\\Results\\GX_WELL_SYNTHETIC\\WellSynthetic.sql']
2015-05-27 15:33:31  command => ['C:\\Program Files (x86)\\GeoGraphix\\SQL Anywhere 12\\BIN32\\dbisql.com', '-q', '-c', 'UID=dba;PWD=sql;DBF=D:\\GXDBProjects\\Eagle Ford\\GXDB.db', 'D:\\Samples\\GXDBRegression\\GXDBRegression\\EagleFord\\Results\\GX_ZONE\\GXZone.sql']
2015-05-27 15:33:31  command => ['C:\\Program Files (x86)\\GeoGraphix\\SQL Anywhere 12\\BIN32\\dbisql.com', '-q', '-c', 'UID=dba;PWD=sql;DBF=D:\\GXDBProjects\\Eagle Ford\\GXDB.db', 'D:\\Samples\\GXDBRegression\\GXDBRegression\\EagleFord\\Results\\GX_ZATTRIBUTE\\GXZAttribute.sql']
2015-05-27 15:33:31  command => ['C:\\Program Files (x86)\\GeoGraphix\\SQL Anywhere 12\\BIN32\\dbisql.com', '-q', '-c', 'UID=dba;PWD=sql;DBF=D:\\GXDBProjects\\Eagle Ford\\GXDB.db', 'D:\\Samples\\GXDBRegression\\GXDBRegression\\EagleFord\\Results\\GX_WELL_SYNTHETIC\\VelocitySurveysWithSynthetics.sql']
2015-05-27 15:33:31  GX_ZONE_ZATTRIBUTE\GXZoneZAttribute.sql                                          [Started]
2015-05-27 15:33:31  R_SOURCE\DistinctSources.sql                                                     [Started]
2015-05-27 15:33:31  R_SOURCE\FaultsSources.sql                                                       [Started]
2015-05-27 15:33:31  R_SOURCE\FormationsOrderedBySource.sql                                           [Started]
2015-05-27 15:33:31  command => ['C:\\Program Files (x86)\\GeoGraphix\\SQL Anywhere 12\\BIN32\\dbisql.com', '-q', '-c', 'UID=dba;PWD=sql;DBF=D:\\GXDBProjects\\Eagle Ford\\GXDB.db', 'D:\\Samples\\GXDBRegression\\GXDBRegression\\EagleFord\\Results\\GX_ZONE\\WellZoneAttributeValues.sql']
2015-05-27 15:33:31  command => ['C:\\Program Files (x86)\\GeoGraphix\\SQL Anywhere 12\\BIN32\\dbisql.com', '-q', '-c', 'UID=dba;PWD=sql;DBF=D:\\GXDBProjects\\Eagle Ford\\GXDB.db', 'D:\\Samples\\GXDBRegression\\GXDBRegression\\EagleFord\\Results\\GX_ZONE_ZATTRIBUTE\\GXZoneZAttribute.sql']
2015-05-27 15:33:31  R_SOURCE\FormationSources.sql                                                    [Started]
2015-05-27 15:33:31  command => ['C:\\Program Files (x86)\\GeoGraphix\\SQL Anywhere 12\\BIN32\\dbisql.com', '-q', '-c', 'UID=dba;PWD=sql;DBF=D:\\GXDBProjects\\Eagle Ford\\GXDB.db', 'D:\\Samples\\GXDBRegression\\GXDBRegression\\EagleFord\\Results\\R_SOURCE\\DistinctSources.sql']
2015-05-27 15:33:31  command => ['C:\\Program Files (x86)\\GeoGraphix\\SQL Anywhere 12\\BIN32\\dbisql.com', '-q', '-c', 'UID=dba;PWD=sql;DBF=D:\\GXDBProjects\\Eagle Ford\\GXDB.db', 'D:\\Samples\\GXDBRegression\\GXDBRegression\\EagleFord\\Results\\R_SOURCE\\FaultsSources.sql']
2015-05-27 15:33:31  STRATIGRAPHIC_COLUMN\STRATIGRAPHIC_COLUMN.sql                                    [Started]
2015-05-27 15:33:31  TUBING\WellTubing.sql                                                            [Started]
2015-05-27 15:33:31  command => ['C:\\Program Files (x86)\\GeoGraphix\\SQL Anywhere 12\\BIN32\\dbisql.com', '-q', '-c', 'UID=dba;PWD=sql;DBF=D:\\GXDBProjects\\Eagle Ford\\GXDB.db', 'D:\\Samples\\GXDBRegression\\GXDBRegression\\EagleFord\\Results\\R_SOURCE\\FormationSources.sql']
2015-05-27 15:33:31  command => ['C:\\Program Files (x86)\\GeoGraphix\\SQL Anywhere 12\\BIN32\\dbisql.com', '-q', '-c', 'UID=dba;PWD=sql;DBF=D:\\GXDBProjects\\Eagle Ford\\GXDB.db', 'D:\\Samples\\GXDBRegression\\GXDBRegression\\EagleFord\\Results\\R_SOURCE\\FormationsOrderedBySource.sql']
2015-05-27 15:33:31  Well\LocationGeodatic.sql                                                        [Started]
2015-05-27 15:33:31  command => ['C:\\Program Files (x86)\\GeoGraphix\\SQL Anywhere 12\\BIN32\\dbisql.com', '-q', '-c', 'UID=dba;PWD=sql;DBF=D:\\GXDBProjects\\Eagle Ford\\GXDB.db', 'D:\\Samples\\GXDBRegression\\GXDBRegression\\EagleFord\\Results\\STRATIGRAPHIC_COLUMN\\STRATIGRAPHIC_COLUMN.sql']
2015-05-27 15:33:31  Well\WellDataPresent.sql                                                         [Started]
2015-05-27 15:33:31  Well\WellHeader.sql                                                              [Started]
2015-05-27 15:33:31  Well\WellHeaderAndBlob.sql                                                       [Started]
2015-05-27 15:33:31  command => ['C:\\Program Files (x86)\\GeoGraphix\\SQL Anywhere 12\\BIN32\\dbisql.com', '-q', '-c', 'UID=dba;PWD=sql;DBF=D:\\GXDBProjects\\Eagle Ford\\GXDB.db', 'D:\\Samples\\GXDBRegression\\GXDBRegression\\EagleFord\\Results\\TUBING\\WellTubing.sql']
2015-05-27 15:33:31  command => ['C:\\Program Files (x86)\\GeoGraphix\\SQL Anywhere 12\\BIN32\\dbisql.com', '-q', '-c', 'UID=dba;PWD=sql;DBF=D:\\GXDBProjects\\Eagle Ford\\GXDB.db', 'D:\\Samples\\GXDBRegression\\GXDBRegression\\EagleFord\\Results\\Well\\LocationGeodatic.sql']
2015-05-27 15:33:31  Well\WellHeaderAndLocation.sql                                                   [Started]
2015-05-27 15:33:31  Well\WellHederWithRemarks.sql                                                    [Started]
2015-05-27 15:33:31  Well\WellStatuses.sql                                                            [Started]
2015-05-27 15:33:31  Well\WellSurveyBH.sql                                                            [Started]
2015-05-27 15:33:31  Well\WellSurveyPicks.sql                                                         [Started]
2015-05-27 15:33:31  Well\Workovers.sql                                                               [Started]
2015-05-27 15:33:31  command => ['C:\\Program Files (x86)\\GeoGraphix\\SQL Anywhere 12\\BIN32\\dbisql.com', '-q', '-c', 'UID=dba;PWD=sql;DBF=D:\\GXDBProjects\\Eagle Ford\\GXDB.db', 'D:\\Samples\\GXDBRegression\\GXDBRegression\\EagleFord\\Results\\Well\\WellHeader.sql']
2015-05-27 15:33:31  command => ['C:\\Program Files (x86)\\GeoGraphix\\SQL Anywhere 12\\BIN32\\dbisql.com', '-q', '-c', 'UID=dba;PWD=sql;DBF=D:\\GXDBProjects\\Eagle Ford\\GXDB.db', 'D:\\Samples\\GXDBRegression\\GXDBRegression\\EagleFord\\Results\\Well\\WellHeaderAndBlob.sql']
2015-05-27 15:33:31  Well\WorkoversCAP.sql                                                            [Started]
2015-05-27 15:33:31  command => ['C:\\Program Files (x86)\\GeoGraphix\\SQL Anywhere 12\\BIN32\\dbisql.com', '-q', '-c', 'UID=dba;PWD=sql;DBF=D:\\GXDBProjects\\Eagle Ford\\GXDB.db', 'D:\\Samples\\GXDBRegression\\GXDBRegression\\EagleFord\\Results\\Well\\WellSurveyBH.sql']
2015-05-27 15:33:31  command => ['C:\\Program Files (x86)\\GeoGraphix\\SQL Anywhere 12\\BIN32\\dbisql.com', '-q', '-c', 'UID=dba;PWD=sql;DBF=D:\\GXDBProjects\\Eagle Ford\\GXDB.db', 'D:\\Samples\\GXDBRegression\\GXDBRegression\\EagleFord\\Results\\Well\\WellStatuses.sql']
2015-05-27 15:33:31  command => ['C:\\Program Files (x86)\\GeoGraphix\\SQL Anywhere 12\\BIN32\\dbisql.com', '-q', '-c', 'UID=dba;PWD=sql;DBF=D:\\GXDBProjects\\Eagle Ford\\GXDB.db', 'D:\\Samples\\GXDBRegression\\GXDBRegression\\EagleFord\\Results\\Well\\WellSurveyPicks.sql']
2015-05-27 15:33:31  WELL_CHECKSHOT_DETAIL\WellCheckshotDetail.sql                                    [Started]
2015-05-27 15:33:31  WELL_CHECKSHOT_DETAIL\WellVelocities.sql                                         [Started]
2015-05-27 15:33:31  command => ['C:\\Program Files (x86)\\GeoGraphix\\SQL Anywhere 12\\BIN32\\dbisql.com', '-q', '-c', 'UID=dba;PWD=sql;DBF=D:\\GXDBProjects\\Eagle Ford\\GXDB.db', 'D:\\Samples\\GXDBRegression\\GXDBRegression\\EagleFord\\Results\\Well\\WellHederWithRemarks.sql']
2015-05-27 15:33:32  command => ['C:\\Program Files (x86)\\GeoGraphix\\SQL Anywhere 12\\BIN32\\dbisql.com', '-q', '-c', 'UID=dba;PWD=sql;DBF=D:\\GXDBProjects\\Eagle Ford\\GXDB.db', 'D:\\Samples\\GXDBRegression\\GXDBRegression\\EagleFord\\Results\\Well\\WellHeaderAndLocation.sql']
2015-05-27 15:33:32  command => ['C:\\Program Files (x86)\\GeoGraphix\\SQL Anywhere 12\\BIN32\\dbisql.com', '-q', '-c', 'UID=dba;PWD=sql;DBF=D:\\GXDBProjects\\Eagle Ford\\GXDB.db', 'D:\\Samples\\GXDBRegression\\GXDBRegression\\EagleFord\\Results\\Well\\WorkoversCAP.sql']
2015-05-27 15:33:32  WELL_CHECKSHOT_SURVEY\VelocitySurveysWithSynthetics.sql                          [Started]
2015-05-27 15:33:32  WELL_CHECKSHOT_SURVEY\WellCheckshotSurvey.sql                                    [Started]
2015-05-27 15:33:32  command => ['C:\\Program Files (x86)\\GeoGraphix\\SQL Anywhere 12\\BIN32\\dbisql.com', '-q', '-c', 'UID=dba;PWD=sql;DBF=D:\\GXDBProjects\\Eagle Ford\\GXDB.db', 'D:\\Samples\\GXDBRegression\\GXDBRegression\\EagleFord\\Results\\WELL_CHECKSHOT_DETAIL\\WellCheckshotDetail.sql']
2015-05-27 15:33:32  WELL_CORE\WellCoreDesc.sql                                                       [Started]
2015-05-27 15:33:32  command => ['C:\\Program Files (x86)\\GeoGraphix\\SQL Anywhere 12\\BIN32\\dbisql.com', '-q', '-c', 'UID=dba;PWD=sql;DBF=D:\\GXDBProjects\\Eagle Ford\\GXDB.db', 'D:\\Samples\\GXDBRegression\\GXDBRegression\\EagleFord\\Results\\Well\\Workovers.sql']
2015-05-27 15:33:32  command => ['C:\\Program Files (x86)\\GeoGraphix\\SQL Anywhere 12\\BIN32\\dbisql.com', '-q', '-c', 'UID=dba;PWD=sql;DBF=D:\\GXDBProjects\\Eagle Ford\\GXDB.db', 'D:\\Samples\\GXDBRegression\\GXDBRegression\\EagleFord\\Results\\WELL_CHECKSHOT_DETAIL\\WellVelocities.sql']
2015-05-27 15:33:32  WELL_CORE_SAMPLE_ANAL\WellCoreAnalysis.sql                                       [Started]
2015-05-27 15:33:32  command => ['C:\\Program Files (x86)\\GeoGraphix\\SQL Anywhere 12\\BIN32\\dbisql.com', '-q', '-c', 'UID=dba;PWD=sql;DBF=D:\\GXDBProjects\\Eagle Ford\\GXDB.db', 'D:\\Samples\\GXDBRegression\\GXDBRegression\\EagleFord\\Results\\WELL_CHECKSHOT_SURVEY\\WellCheckshotSurvey.sql']
2015-05-27 15:33:32  WELL_DIR_PROPOSED_SRVY\WellProposedSurveyDir.sql                                 [Started]
2015-05-27 15:33:32  command => ['C:\\Program Files (x86)\\GeoGraphix\\SQL Anywhere 12\\BIN32\\dbisql.com', '-q', '-c', 'UID=dba;PWD=sql;DBF=D:\\GXDBProjects\\Eagle Ford\\GXDB.db', 'D:\\Samples\\GXDBRegression\\GXDBRegression\\EagleFord\\Results\\WELL_CHECKSHOT_SURVEY\\VelocitySurveysWithSynthetics.sql']
2015-05-27 15:33:32  command => ['C:\\Program Files (x86)\\GeoGraphix\\SQL Anywhere 12\\BIN32\\dbisql.com', '-q', '-c', 'UID=dba;PWD=sql;DBF=D:\\GXDBProjects\\Eagle Ford\\GXDB.db', 'D:\\Samples\\GXDBRegression\\GXDBRegression\\EagleFord\\Results\\WELL_CORE\\WellCoreDesc.sql']
2015-05-27 15:33:32  WELL_DIR_PROPOSED_SRVY_STATION\ProposedSurveyStations.sql                        [Started]
2015-05-27 15:33:32  command => ['C:\\Program Files (x86)\\GeoGraphix\\SQL Anywhere 12\\BIN32\\dbisql.com', '-q', '-c', 'UID=dba;PWD=sql;DBF=D:\\GXDBProjects\\Eagle Ford\\GXDB.db', 'D:\\Samples\\GXDBRegression\\GXDBRegression\\EagleFord\\Results\\Well\\WellDataPresent.sql']
2015-05-27 15:33:32  Well_Dir_Srvy\DSS_Well.sql                                                       [Started]
2015-05-27 15:33:32  Well_Dir_Srvy\WellDataPresent.sql                                                [Started]
2015-05-27 15:33:32  Well_Dir_Srvy\WellSurveyDir.sql                                                  [Started]
2015-05-27 15:33:32  command => ['C:\\Program Files (x86)\\GeoGraphix\\SQL Anywhere 12\\BIN32\\dbisql.com', '-q', '-c', 'UID=dba;PWD=sql;DBF=D:\\GXDBProjects\\Eagle Ford\\GXDB.db', 'D:\\Samples\\GXDBRegression\\GXDBRegression\\EagleFord\\Results\\WELL_DIR_PROPOSED_SRVY\\WellProposedSurveyDir.sql']
2015-05-27 15:33:32  Well_Dir_Srvy\WellSurveys.sql                                                    [Started]
2015-05-27 15:33:32  command => ['C:\\Program Files (x86)\\GeoGraphix\\SQL Anywhere 12\\BIN32\\dbisql.com', '-q', '-c', 'UID=dba;PWD=sql;DBF=D:\\GXDBProjects\\Eagle Ford\\GXDB.db', 'D:\\Samples\\GXDBRegression\\GXDBRegression\\EagleFord\\Results\\WELL_DIR_PROPOSED_SRVY_STATION\\ProposedSurveyStations.sql']
2015-05-27 15:33:32  Well_Dir_Srvy\Workovers.sql                                                      [Started]
2015-05-27 15:33:32  Well_Dir_Srvy\Workovers12.sql                                                    [Started]
2015-05-27 15:33:32  command => ['C:\\Program Files (x86)\\GeoGraphix\\SQL Anywhere 12\\BIN32\\dbisql.com', '-q', '-c', 'UID=dba;PWD=sql;DBF=D:\\GXDBProjects\\Eagle Ford\\GXDB.db', 'D:\\Samples\\GXDBRegression\\GXDBRegression\\EagleFord\\Results\\Well_Dir_Srvy\\DSS_Well.sql']
2015-05-27 15:33:32  Well_Dir_Srvy\WorkoversCAP.sql                                                   [Started]
2015-05-27 15:33:32  command => ['C:\\Program Files (x86)\\GeoGraphix\\SQL Anywhere 12\\BIN32\\dbisql.com', '-q', '-c', 'UID=dba;PWD=sql;DBF=D:\\GXDBProjects\\Eagle Ford\\GXDB.db', 'D:\\Samples\\GXDBRegression\\GXDBRegression\\EagleFord\\Results\\Well_Dir_Srvy\\WellSurveyDir.sql']
2015-05-27 15:33:32  command => ['C:\\Program Files (x86)\\GeoGraphix\\SQL Anywhere 12\\BIN32\\dbisql.com', '-q', '-c', 'UID=dba;PWD=sql;DBF=D:\\GXDBProjects\\Eagle Ford\\GXDB.db', 'D:\\Samples\\GXDBRegression\\GXDBRegression\\EagleFord\\Results\\WELL_CORE_SAMPLE_ANAL\\WellCoreAnalysis.sql']
2015-05-27 15:33:32  Well_Dir_Srvy_Station\DSS_SurveyStations.sql                                     [Started]
2015-05-27 15:33:32  Well_Dir_Srvy_Station\SurveyStations.sql                                         [Started]
2015-05-27 15:33:32  command => ['C:\\Program Files (x86)\\GeoGraphix\\SQL Anywhere 12\\BIN32\\dbisql.com', '-q', '-c', 'UID=dba;PWD=sql;DBF=D:\\GXDBProjects\\Eagle Ford\\GXDB.db', 'D:\\Samples\\GXDBRegression\\GXDBRegression\\EagleFord\\Results\\Well_Dir_Srvy\\WellSurveys.sql']
2015-05-27 15:33:32  Well_Dir_Srvy_Station\WellDataPresent.sql                                        [Started]
2015-05-27 15:33:32  WELL_FAULT\Faults.sql                                                            [Started]
2015-05-27 15:33:32  WELL_TEST\DSTChamberTest.sql                                                     [Started]
2015-05-27 15:33:32  command => ['C:\\Program Files (x86)\\GeoGraphix\\SQL Anywhere 12\\BIN32\\dbisql.com', '-q', '-c', 'UID=dba;PWD=sql;DBF=D:\\GXDBProjects\\Eagle Ford\\GXDB.db', 'D:\\Samples\\GXDBRegression\\GXDBRegression\\EagleFord\\Results\\Well_Dir_Srvy\\Workovers12.sql']
2015-05-27 15:33:32  WELL_TEST\DSTFluidPropertiesTest.sql                                             [Started]
2015-05-27 15:33:32  command => ['C:\\Program Files (x86)\\GeoGraphix\\SQL Anywhere 12\\BIN32\\dbisql.com', '-q', '-c', 'UID=dba;PWD=sql;DBF=D:\\GXDBProjects\\Eagle Ford\\GXDB.db', 'D:\\Samples\\GXDBRegression\\GXDBRegression\\EagleFord\\Results\\Well_Dir_Srvy\\WorkoversCAP.sql']
2015-05-27 15:33:32  command => ['C:\\Program Files (x86)\\GeoGraphix\\SQL Anywhere 12\\BIN32\\dbisql.com', '-q', '-c', 'UID=dba;PWD=sql;DBF=D:\\GXDBProjects\\Eagle Ford\\GXDB.db', 'D:\\Samples\\GXDBRegression\\GXDBRegression\\EagleFord\\Results\\Well_Dir_Srvy_Station\\DSS_SurveyStations.sql']
2015-05-27 15:33:32  command => ['C:\\Program Files (x86)\\GeoGraphix\\SQL Anywhere 12\\BIN32\\dbisql.com', '-q', '-c', 'UID=dba;PWD=sql;DBF=D:\\GXDBProjects\\Eagle Ford\\GXDB.db', 'D:\\Samples\\GXDBRegression\\GXDBRegression\\EagleFord\\Results\\Well_Dir_Srvy\\Workovers.sql']
2015-05-27 15:33:32  WELL_TEST\DSTHeader.sql                                                          [Started]
2015-05-27 15:33:33  command => ['C:\\Program Files (x86)\\GeoGraphix\\SQL Anywhere 12\\BIN32\\dbisql.com', '-q', '-c', 'UID=dba;PWD=sql;DBF=D:\\GXDBProjects\\Eagle Ford\\GXDB.db', 'D:\\Samples\\GXDBRegression\\GXDBRegression\\EagleFord\\Results\\Well_Dir_Srvy_Station\\SurveyStations.sql']
2015-05-27 15:33:32  WELL_TEST\DSTPipesTest.sql                                                       [Started]
2015-05-27 15:33:33  WELL_TEST\DSTPressureTest.sql                                                    [Started]
2015-05-27 15:33:33  command => ['C:\\Program Files (x86)\\GeoGraphix\\SQL Anywhere 12\\BIN32\\dbisql.com', '-q', '-c', 'UID=dba;PWD=sql;DBF=D:\\GXDBProjects\\Eagle Ford\\GXDB.db', 'D:\\Samples\\GXDBRegression\\GXDBRegression\\EagleFord\\Results\\WELL_FAULT\\Faults.sql']
2015-05-27 15:33:33  WELL_TEST\DSTsTest.sql                                                           [Started]
2015-05-27 15:33:33  WELL_TEST\DSTSurfacesTest.sql                                                    [Started]
2015-05-27 15:33:33  command => ['C:\\Program Files (x86)\\GeoGraphix\\SQL Anywhere 12\\BIN32\\dbisql.com', '-q', '-c', 'UID=dba;PWD=sql;DBF=D:\\GXDBProjects\\Eagle Ford\\GXDB.db', 'D:\\Samples\\GXDBRegression\\GXDBRegression\\EagleFord\\Results\\WELL_TEST\\DSTChamberTest.sql']
2015-05-27 15:33:33  WELL_TEST\InitialPotentials.sql                                                  [Started]
2015-05-27 15:33:33  WELL_TEST_ANALYSIS\DistinctFluidType.sql                                         [Started]
2015-05-27 15:33:33  WELL_TEST_ANALYSIS\DSTFluidProperties.sql                                        [Started]
2015-05-27 15:33:33  command => ['C:\\Program Files (x86)\\GeoGraphix\\SQL Anywhere 12\\BIN32\\dbisql.com', '-q', '-c', 'UID=dba;PWD=sql;DBF=D:\\GXDBProjects\\Eagle Ford\\GXDB.db', 'D:\\Samples\\GXDBRegression\\GXDBRegression\\EagleFord\\Results\\WELL_TEST\\DSTFluidPropertiesTest.sql']
2015-05-27 15:33:33  WELL_TEST_ANALYSIS\DSTFluidPropertiesTest.sql                                    [Started]
2015-05-27 15:33:33  WELL_TEST_FLOW\DSTSurfaces.sql                                                   [Started]
2015-05-27 15:33:33  WELL_TEST_FLOW\DSTSurfacesTest.sql                                               [Started]
2015-05-27 15:33:33  command => ['C:\\Program Files (x86)\\GeoGraphix\\SQL Anywhere 12\\BIN32\\dbisql.com', '-q', '-c', 'UID=dba;PWD=sql;DBF=D:\\GXDBProjects\\Eagle Ford\\GXDB.db', 'D:\\Samples\\GXDBRegression\\GXDBRegression\\EagleFord\\Results\\WELL_TEST\\DSTsTest.sql']
2015-05-27 15:33:33  WELL_TEST_FORMATION\DistinctTestedFormations.sql                                 [Started]
2015-05-27 15:33:33  WELL_TEST_FORMATION\DSTChamberTest.sql                                           [Started]
2015-05-27 15:33:33  WELL_TEST_FORMATION\DSTFluidPropertiesTest.sql                                   [Started]
2015-05-27 15:33:33  command => ['C:\\Program Files (x86)\\GeoGraphix\\SQL Anywhere 12\\BIN32\\dbisql.com', '-q', '-c', 'UID=dba;PWD=sql;DBF=D:\\GXDBProjects\\Eagle Ford\\GXDB.db', 'D:\\Samples\\GXDBRegression\\GXDBRegression\\EagleFord\\Results\\WELL_TEST\\DSTSurfacesTest.sql']
2015-05-27 15:33:33  command => ['C:\\Program Files (x86)\\GeoGraphix\\SQL Anywhere 12\\BIN32\\dbisql.com', '-q', '-c', 'UID=dba;PWD=sql;DBF=D:\\GXDBProjects\\Eagle Ford\\GXDB.db', 'D:\\Samples\\GXDBRegression\\GXDBRegression\\EagleFord\\Results\\WELL_TEST\\DSTPipesTest.sql']
2015-05-27 15:33:33  command => ['C:\\Program Files (x86)\\GeoGraphix\\SQL Anywhere 12\\BIN32\\dbisql.com', '-q', '-c', 'UID=dba;PWD=sql;DBF=D:\\GXDBProjects\\Eagle Ford\\GXDB.db', 'D:\\Samples\\GXDBRegression\\GXDBRegression\\EagleFord\\Results\\WELL_TEST\\DSTHeader.sql']
2015-05-27 15:33:33  command => ['C:\\Program Files (x86)\\GeoGraphix\\SQL Anywhere 12\\BIN32\\dbisql.com', '-q', '-c', 'UID=dba;PWD=sql;DBF=D:\\GXDBProjects\\Eagle Ford\\GXDB.db', 'D:\\Samples\\GXDBRegression\\GXDBRegression\\EagleFord\\Results\\Well_Dir_Srvy\\WellDataPresent.sql']
2015-05-27 15:33:33  WELL_TEST_FORMATION\DSTHeader.sql                                                [Started]
2015-05-27 15:33:33  command => ['C:\\Program Files (x86)\\GeoGraphix\\SQL Anywhere 12\\BIN32\\dbisql.com', '-q', '-c', 'UID=dba;PWD=sql;DBF=D:\\GXDBProjects\\Eagle Ford\\GXDB.db', 'D:\\Samples\\GXDBRegression\\GXDBRegression\\EagleFord\\Results\\WELL_TEST\\InitialPotentials.sql']
2015-05-27 15:33:33  command => ['C:\\Program Files (x86)\\GeoGraphix\\SQL Anywhere 12\\BIN32\\dbisql.com', '-q', '-c', 'UID=dba;PWD=sql;DBF=D:\\GXDBProjects\\Eagle Ford\\GXDB.db', 'D:\\Samples\\GXDBRegression\\GXDBRegression\\EagleFord\\Results\\WELL_TEST\\DSTPressureTest.sql']
2015-05-27 15:33:33  command => ['C:\\Program Files (x86)\\GeoGraphix\\SQL Anywhere 12\\BIN32\\dbisql.com', '-q', '-c', 'UID=dba;PWD=sql;DBF=D:\\GXDBProjects\\Eagle Ford\\GXDB.db', 'D:\\Samples\\GXDBRegression\\GXDBRegression\\EagleFord\\Results\\WELL_TEST_ANALYSIS\\DistinctFluidType.sql']
2015-05-27 15:33:33  WELL_TEST_FORMATION\DSTPipesTest.sql                                             [Started]
2015-05-27 15:33:33  command => ['C:\\Program Files (x86)\\GeoGraphix\\SQL Anywhere 12\\BIN32\\dbisql.com', '-q', '-c', 'UID=dba;PWD=sql;DBF=D:\\GXDBProjects\\Eagle Ford\\GXDB.db', 'D:\\Samples\\GXDBRegression\\GXDBRegression\\EagleFord\\Results\\WELL_TEST_ANALYSIS\\DSTFluidProperties.sql']
2015-05-27 15:33:33  WELL_TEST_FORMATION\DSTPressureTest.sql                                          [Started]
2015-05-27 15:33:33  WELL_TEST_FORMATION\DSTSurfacesTest.sql                                          [Started]
2015-05-27 15:33:33  WELL_TEST_FORMATION\WellTestFormations.sql                                       [Started]
2015-05-27 15:33:33  command => ['C:\\Program Files (x86)\\GeoGraphix\\SQL Anywhere 12\\BIN32\\dbisql.com', '-q', '-c', 'UID=dba;PWD=sql;DBF=D:\\GXDBProjects\\Eagle Ford\\GXDB.db', 'D:\\Samples\\GXDBRegression\\GXDBRegression\\EagleFord\\Results\\WELL_TEST_ANALYSIS\\DSTFluidPropertiesTest.sql']
2015-05-27 15:33:33  command => ['C:\\Program Files (x86)\\GeoGraphix\\SQL Anywhere 12\\BIN32\\dbisql.com', '-q', '-c', 'UID=dba;PWD=sql;DBF=D:\\GXDBProjects\\Eagle Ford\\GXDB.db', 'D:\\Samples\\GXDBRegression\\GXDBRegression\\EagleFord\\Results\\WELL_TEST_FORMATION\\DistinctTestedFormations.sql']
2015-05-27 15:33:33  command => ['C:\\Program Files (x86)\\GeoGraphix\\SQL Anywhere 12\\BIN32\\dbisql.com', '-q', '-c', 'UID=dba;PWD=sql;DBF=D:\\GXDBProjects\\Eagle Ford\\GXDB.db', 'D:\\Samples\\GXDBRegression\\GXDBRegression\\EagleFord\\Results\\WELL_TEST_FLOW\\DSTSurfacesTest.sql']
2015-05-27 15:33:33  WELL_TEST_MUD\DSTMud.sql                                                         [Started]
2015-05-27 15:33:33  command => ['C:\\Program Files (x86)\\GeoGraphix\\SQL Anywhere 12\\BIN32\\dbisql.com', '-q', '-c', 'UID=dba;PWD=sql;DBF=D:\\GXDBProjects\\Eagle Ford\\GXDB.db', 'D:\\Samples\\GXDBRegression\\GXDBRegression\\EagleFord\\Results\\WELL_TEST_FLOW\\DSTSurfaces.sql']
2015-05-27 15:33:33  WELL_TEST_PRESSURE\DSTPressures.sql                                              [Started]
2015-05-27 15:33:33  command => ['C:\\Program Files (x86)\\GeoGraphix\\SQL Anywhere 12\\BIN32\\dbisql.com', '-q', '-c', 'UID=dba;PWD=sql;DBF=D:\\GXDBProjects\\Eagle Ford\\GXDB.db', 'D:\\Samples\\GXDBRegression\\GXDBRegression\\EagleFord\\Results\\WELL_TEST_FORMATION\\DSTChamberTest.sql']
2015-05-27 15:33:33  WELL_TEST_PRESSURE\DSTPressureTest.sql                                           [Started]
2015-05-27 15:33:34  command => ['C:\\Program Files (x86)\\GeoGraphix\\SQL Anywhere 12\\BIN32\\dbisql.com', '-q', '-c', 'UID=dba;PWD=sql;DBF=D:\\GXDBProjects\\Eagle Ford\\GXDB.db', 'D:\\Samples\\GXDBRegression\\GXDBRegression\\EagleFord\\Results\\WELL_TEST_FORMATION\\DSTFluidPropertiesTest.sql']
2015-05-27 15:33:34  WELL_TEST_RECOVERY\DSTChamber.sql                                                [Started]
2015-05-27 15:33:34  command => ['C:\\Program Files (x86)\\GeoGraphix\\SQL Anywhere 12\\BIN32\\dbisql.com', '-q', '-c', 'UID=dba;PWD=sql;DBF=D:\\GXDBProjects\\Eagle Ford\\GXDB.db', 'D:\\Samples\\GXDBRegression\\GXDBRegression\\EagleFord\\Results\\Well_Dir_Srvy_Station\\WellDataPresent.sql']
2015-05-27 15:33:34  WELL_TEST_RECOVERY\DSTChamberTest.sql                                            [Started]
2015-05-27 15:33:34  WELL_TEST_RECOVERY\DSTPipes.sql                                                  [Started]
2015-05-27 15:33:34  command => ['C:\\Program Files (x86)\\GeoGraphix\\SQL Anywhere 12\\BIN32\\dbisql.com', '-q', '-c', 'UID=dba;PWD=sql;DBF=D:\\GXDBProjects\\Eagle Ford\\GXDB.db', 'D:\\Samples\\GXDBRegression\\GXDBRegression\\EagleFord\\Results\\WELL_TEST_FORMATION\\DSTHeader.sql']
2015-05-27 15:33:34  command => ['C:\\Program Files (x86)\\GeoGraphix\\SQL Anywhere 12\\BIN32\\dbisql.com', '-q', '-c', 'UID=dba;PWD=sql;DBF=D:\\GXDBProjects\\Eagle Ford\\GXDB.db', 'D:\\Samples\\GXDBRegression\\GXDBRegression\\EagleFord\\Results\\WELL_TEST_FORMATION\\WellTestFormations.sql']
2015-05-27 15:33:34  WELL_TEST_RECOVERY\DSTPipesTest.sql                                              [Started]
2015-05-27 15:33:34  command => ['C:\\Program Files (x86)\\GeoGraphix\\SQL Anywhere 12\\BIN32\\dbisql.com', '-q', '-c', 'UID=dba;PWD=sql;DBF=D:\\GXDBProjects\\Eagle Ford\\GXDB.db', 'D:\\Samples\\GXDBRegression\\GXDBRegression\\EagleFord\\Results\\WELL_TEST_MUD\\DSTMud.sql']
2015-05-27 15:33:34  WELL_TREATMENT\WellDataPresent.sql                                               [Started]
2015-05-27 15:33:34  command => ['C:\\Program Files (x86)\\GeoGraphix\\SQL Anywhere 12\\BIN32\\dbisql.com', '-q', '-c', 'UID=dba;PWD=sql;DBF=D:\\GXDBProjects\\Eagle Ford\\GXDB.db', 'D:\\Samples\\GXDBRegression\\GXDBRegression\\EagleFord\\Results\\WELL_TEST_FORMATION\\DSTSurfacesTest.sql']
2015-05-27 15:33:34  WELL_TREATMENT\WellTreatment.sql                                                 [Started]
2015-05-27 15:33:34  command => ['C:\\Program Files (x86)\\GeoGraphix\\SQL Anywhere 12\\BIN32\\dbisql.com', '-q', '-c', 'UID=dba;PWD=sql;DBF=D:\\GXDBProjects\\Eagle Ford\\GXDB.db', 'D:\\Samples\\GXDBRegression\\GXDBRegression\\EagleFord\\Results\\WELL_TEST_FORMATION\\DSTPipesTest.sql']
2015-05-27 15:33:34  command => ['C:\\Program Files (x86)\\GeoGraphix\\SQL Anywhere 12\\BIN32\\dbisql.com', '-q', '-c', 'UID=dba;PWD=sql;DBF=D:\\GXDBProjects\\Eagle Ford\\GXDB.db', 'D:\\Samples\\GXDBRegression\\GXDBRegression\\EagleFord\\Results\\WELL_TEST_FORMATION\\DSTPressureTest.sql']
2015-05-27 15:33:34  WELL_ZONE_INTERVAL\WellZoneInterval.sql                                          [Started]
2015-05-27 15:33:34  command => ['C:\\Program Files (x86)\\GeoGraphix\\SQL Anywhere 12\\BIN32\\dbisql.com', '-q', '-c', 'UID=dba;PWD=sql;DBF=D:\\GXDBProjects\\Eagle Ford\\GXDB.db', 'D:\\Samples\\GXDBRegression\\GXDBRegression\\EagleFord\\Results\\WELL_TEST_RECOVERY\\DSTChamber.sql']
2015-05-27 15:33:34  command => ['C:\\Program Files (x86)\\GeoGraphix\\SQL Anywhere 12\\BIN32\\dbisql.com', '-q', '-c', 'UID=dba;PWD=sql;DBF=D:\\GXDBProjects\\Eagle Ford\\GXDB.db', 'D:\\Samples\\GXDBRegression\\GXDBRegression\\EagleFord\\Results\\WELL_TEST_RECOVERY\\DSTChamberTest.sql']
2015-05-27 15:33:34  command => ['C:\\Program Files (x86)\\GeoGraphix\\SQL Anywhere 12\\BIN32\\dbisql.com', '-q', '-c', 'UID=dba;PWD=sql;DBF=D:\\GXDBProjects\\Eagle Ford\\GXDB.db', 'D:\\Samples\\GXDBRegression\\GXDBRegression\\EagleFord\\Results\\WELL_TEST_PRESSURE\\DSTPressures.sql']
2015-05-27 15:33:34  command => ['C:\\Program Files (x86)\\GeoGraphix\\SQL Anywhere 12\\BIN32\\dbisql.com', '-q', '-c', 'UID=dba;PWD=sql;DBF=D:\\GXDBProjects\\Eagle Ford\\GXDB.db', 'D:\\Samples\\GXDBRegression\\GXDBRegression\\EagleFord\\Results\\WELL_TEST_PRESSURE\\DSTPressureTest.sql']
2015-05-27 15:33:34  WELL_ZONE_INTRVL_VALUE\WellZoneIntrvlValue.sql                                   [Started]
2015-05-27 15:33:34  command => ['C:\\Program Files (x86)\\GeoGraphix\\SQL Anywhere 12\\BIN32\\dbisql.com', '-q', '-c', 'UID=dba;PWD=sql;DBF=D:\\GXDBProjects\\Eagle Ford\\GXDB.db', 'D:\\Samples\\GXDBRegression\\GXDBRegression\\EagleFord\\Results\\WELL_TEST_RECOVERY\\DSTPipes.sql']
2015-05-27 15:33:34  WELL_ZONE_INTRVL_VALUE\WellZoneIntrvValueWithDepthsOuterJoin2.sql                [Started]
2015-05-27 15:33:34  command => ['C:\\Program Files (x86)\\GeoGraphix\\SQL Anywhere 12\\BIN32\\dbisql.com', '-q', '-c', 'UID=dba;PWD=sql;DBF=D:\\GXDBProjects\\Eagle Ford\\GXDB.db', 'D:\\Samples\\GXDBRegression\\GXDBRegression\\EagleFord\\Results\\WELL_TEST_RECOVERY\\DSTPipesTest.sql']
2015-05-27 15:33:34  command => ['C:\\Program Files (x86)\\GeoGraphix\\SQL Anywhere 12\\BIN32\\dbisql.com', '-q', '-c', 'UID=dba;PWD=sql;DBF=D:\\GXDBProjects\\Eagle Ford\\GXDB.db', 'D:\\Samples\\GXDBRegression\\GXDBRegression\\EagleFord\\Results\\WELL_TREATMENT\\WellTreatment.sql']
2015-05-27 15:33:34  command => ['C:\\Program Files (x86)\\GeoGraphix\\SQL Anywhere 12\\BIN32\\dbisql.com', '-q', '-c', 'UID=dba;PWD=sql;DBF=D:\\GXDBProjects\\Eagle Ford\\GXDB.db', 'D:\\Samples\\GXDBRegression\\GXDBRegression\\EagleFord\\Results\\WELL_ZONE_INTERVAL\\WellZoneInterval.sql']
2015-05-27 15:33:34  command => ['C:\\Program Files (x86)\\GeoGraphix\\SQL Anywhere 12\\BIN32\\dbisql.com', '-q', '-c', 'UID=dba;PWD=sql;DBF=D:\\GXDBProjects\\Eagle Ford\\GXDB.db', 'D:\\Samples\\GXDBRegression\\GXDBRegression\\EagleFord\\Results\\WELL_ZONE_INTRVL_VALUE\\WellZoneIntrvlValue.sql']
2015-05-27 15:33:34  command => ['C:\\Program Files (x86)\\GeoGraphix\\SQL Anywhere 12\\BIN32\\dbisql.com', '-q', '-c', 'UID=dba;PWD=sql;DBF=D:\\GXDBProjects\\Eagle Ford\\GXDB.db', 'D:\\Samples\\GXDBRegression\\GXDBRegression\\EagleFord\\Results\\WELL_ZONE_INTRVL_VALUE\\WellZoneIntrvValueWithDepthsOuterJoin2.sql']
2015-05-27 15:33:34  command => ['C:\\Program Files (x86)\\GeoGraphix\\SQL Anywhere 12\\BIN32\\dbisql.com', '-q', '-c', 'UID=dba;PWD=sql;DBF=D:\\GXDBProjects\\Eagle Ford\\GXDB.db', 'D:\\Samples\\GXDBRegression\\GXDBRegression\\EagleFord\\Results\\WELL_TREATMENT\\WellDataPresent.sql']
2015-05-27 15:33:36  FORMATION\DistinctFormationAli.sql                                               [Finished]
2015-05-27 15:33:44  FORMATION\FormationLookup.sql                                                    [Finished]
2015-05-27 15:33:45  GX_PDEN_VOL_SUM_BY_MONTH\AllocatedMonthlyProduction.sql                          [Finished]
2015-05-27 15:33:48  GX_PDEN_VOL_SUM_BY_MONTH\AllocatedMonthlyProductionTest.sql                      [Finished]
2015-05-27 15:33:50  GX_PDEN_VOL_SUM_BY_MONTH\WellMonthlyProduction.sql                               [Finished]
2015-05-27 15:33:51  GX_PDEN_VOL_SUM_BY_MONTH\WellMonthlyCumProduction.sql                            [Finished]
2015-05-27 15:33:52  GX_PDEN_VOL_SUM_BY_MONTH\WellProduction.sql                                      [Finished]
2015-05-27 15:33:52  FORMATION\DistinctFormations.sql                                                 [Finished]
2015-05-27 15:33:52  FORMATION\DistinctFormationsWithActive.sql                                       [Finished]
2015-05-27 15:33:53  GGX_MICROSEISMIC_MSEVENT\MicroseismicEvents.sql                                  [Finished]
2015-05-27 15:33:53  GX_PDEN_VOL_SUM_BY_MONTH\WellMonthlyYTDProduction.sql                            [Finished]
2015-05-27 15:33:53  GX_WELL_SYNTHETIC\WellSynthetic.sql                                              [Finished]
2015-05-27 15:33:53  GGX_MICROSEISMIC_PRESSURE\MicroseismicPressures.sql                              [Finished]
2015-05-27 15:33:54  GX_WELL_SYNTHETIC\VelocitySurveysWithSynthetics.sql                              [Finished]
2015-05-27 15:33:54  GX_ZONE\GXZone.sql                                                               [Finished]
2015-05-27 15:33:55  GX_ZATTRIBUTE\GXZAttribute.sql                                                   [Finished]
2015-05-27 15:33:55  FORMATION\FormationSources.sql                                                   [Finished]
2015-05-27 15:33:55  GX_PDEN_VOL_SUM_BY_MONTH\WellMonthlyProductionByZoneAli.sql                      [Finished]
2015-05-27 15:33:55  R_SOURCE\DistinctSources.sql                                                     [Finished]
2015-05-27 15:33:56  GX_ZONE_ZATTRIBUTE\GXZoneZAttribute.sql                                          [Finished]
2015-05-27 15:33:57  R_SOURCE\FaultsSources.sql                                                       [Finished]
2015-05-27 15:33:57  STRATIGRAPHIC_COLUMN\STRATIGRAPHIC_COLUMN.sql                                    [Finished]
2015-05-27 15:33:58  R_SOURCE\FormationSources.sql                                                    [Finished]
2015-05-27 15:33:58  GX_PDEN_VOL_SUM_BY_MONTH\WellCumulativeProduction.sql                            [Finished]
2015-05-27 15:34:04  TUBING\WellTubing.sql                                                            [Finished]
2015-05-27 15:34:18  Well\LocationGeodatic.sql                                                        [Finished]
2015-05-27 15:34:21  Well\WellStatuses.sql                                                            [Finished]
2015-05-27 15:34:23  GX_PRODUCTION_TEST\WellProductionTest.sql                                        [Finished]
2015-05-27 15:34:25  Well\WellSurveyBH.sql                                                            [Finished]
2015-05-27 15:34:33  CASING\WellCasing.sql                                                            [Finished]
2015-05-27 15:34:36  Well\WorkoversCAP.sql                                                            [Finished]
2015-05-27 15:34:37  WELL_CHECKSHOT_DETAIL\WellCheckshotDetail.sql                                    [Finished]
2015-05-27 15:35:04  Well\WellHeaderAndBlob.sql                                                       [Finished]
2015-05-27 15:35:05  WELL_CHECKSHOT_DETAIL\WellVelocities.sql                                         [Finished]
2015-05-27 15:35:06  WELL_CHECKSHOT_SURVEY\WellCheckshotSurvey.sql                                    [Finished]
2015-05-27 15:35:06  Well\WellSurveyPicks.sql                                                         [Finished]
2015-05-27 15:35:07  Well\WellHeader.sql                                                              [Finished]
2015-05-27 15:35:07  WELL_CHECKSHOT_SURVEY\VelocitySurveysWithSynthetics.sql                          [Finished]
2015-05-27 15:35:08  WELL_DIR_PROPOSED_SRVY\WellProposedSurveyDir.sql                                 [Finished]
2015-05-27 15:35:09  WELL_DIR_PROPOSED_SRVY_STATION\ProposedSurveyStations.sql                        [Finished]
2015-05-27 15:35:39  R_SOURCE\FormationsOrderedBySource.sql                                           [Finished]
2015-05-27 15:35:59  Well_Dir_Srvy\DSS_Well.sql                                                       [Finished]
2015-05-27 15:36:02  WELL_CORE_SAMPLE_ANAL\WellCoreAnalysis.sql                                       [Finished]
2015-05-27 15:36:13  Well\WellHeaderAndLocation.sql                                                   [Finished]
2015-05-27 15:36:15  Well\Workovers.sql                                                               [Finished]
2015-05-27 15:36:24  Well_Dir_Srvy\WorkoversCAP.sql                                                   [Finished]
2015-05-27 15:36:24  Well_Dir_Srvy\WellSurveyDir.sql                                                  [Finished]
2015-05-27 15:36:26  Well_Dir_Srvy\Workovers12.sql                                                    [Finished]
2015-05-27 15:36:52  WELL_CORE\WellCoreDesc.sql                                                       [Finished]
2015-05-27 15:37:14  WELL_FAULT\Faults.sql                                                            [Finished]
2015-05-27 15:37:24  Well_Dir_Srvy\Workovers.sql                                                      [Finished]
2015-05-27 15:37:28  WELL_TEST\DSTChamberTest.sql                                                     [Finished]
2015-05-27 15:38:23  WELL_TEST\DSTFluidPropertiesTest.sql                                             [Finished]
2015-05-27 15:38:38  WELL_TEST\DSTsTest.sql                                                           [Finished]
2015-05-27 15:39:00  WELL_TEST\DSTSurfacesTest.sql                                                    [Finished]
2015-05-27 15:39:59  WELL_TEST\DSTHeader.sql                                                          [Finished]
2015-05-27 15:41:01  WELL_TEST\DSTPipesTest.sql                                                       [Finished]
2015-05-27 15:46:54  WELL_TEST\InitialPotentials.sql                                                  [Finished]
2015-05-27 15:46:54  Well_Dir_Srvy\WellDataPresent.sql                                                [Finished]
2015-05-27 15:47:00  Well\WellDataPresent.sql                                                         [Finished]
2015-05-27 15:49:29  WELL_TEST_ANALYSIS\DistinctFluidType.sql                                         [Finished]
2015-05-27 15:49:30  WELL_TEST_ANALYSIS\DSTFluidProperties.sql                                        [Finished]
2015-05-27 15:49:41  Well_Dir_Srvy_Station\DSS_SurveyStations.sql                                     [Finished]
2015-05-27 15:49:49  WELL_TEST\DSTPressureTest.sql                                                    [Finished]
2015-05-27 15:50:20  Well_Dir_Srvy_Station\SurveyStations.sql                                         [Finished]
2015-05-27 15:51:25  WELL_TEST_FORMATION\DistinctTestedFormations.sql                                 [Finished]
2015-05-27 15:51:25  WELL_TEST_FORMATION\DSTChamberTest.sql                                           [Finished]
2015-05-27 15:51:27  WELL_TEST_FLOW\DSTSurfaces.sql                                                   [Finished]
2015-05-27 15:51:28  WELL_TEST_FLOW\DSTSurfacesTest.sql                                               [Finished]
2015-05-27 15:51:28  WELL_TEST_FORMATION\WellTestFormations.sql                                       [Finished]
2015-05-27 15:51:30  WELL_TEST_MUD\DSTMud.sql                                                         [Finished]
2015-05-27 15:51:36  WELL_TEST_ANALYSIS\DSTFluidPropertiesTest.sql                                    [Finished]
2015-05-27 15:51:36  WELL_TEST_FORMATION\DSTSurfacesTest.sql                                          [Finished]
2015-05-27 15:51:41  WELL_TEST_FORMATION\DSTHeader.sql                                                [Finished]
2015-05-27 15:51:42  WELL_TEST_RECOVERY\DSTChamber.sql                                                [Finished]
2015-05-27 15:51:42  WELL_TEST_FORMATION\DSTFluidPropertiesTest.sql                                   [Finished]
2015-05-27 15:51:43  WELL_TEST_RECOVERY\DSTChamberTest.sql                                            [Finished]
2015-05-27 15:52:01  WELL_TEST_FORMATION\DSTPipesTest.sql                                             [Finished]
2015-05-27 15:52:08  WELL_TEST_PRESSURE\DSTPressures.sql                                              [Finished]
2015-05-27 15:52:11  WELL_TEST_RECOVERY\DSTPipes.sql                                                  [Finished]
2015-05-27 15:52:13  WELL_TREATMENT\WellTreatment.sql                                                 [Finished]
2015-05-27 15:52:21  WELL_TEST_RECOVERY\DSTPipesTest.sql                                              [Finished]
2015-05-27 15:52:22  WELL_TEST_PRESSURE\DSTPressureTest.sql                                           [Finished]
2015-05-27 15:52:26  WELL_TEST_FORMATION\DSTPressureTest.sql                                          [Finished]
2015-05-27 15:52:50  WELL_TREATMENT\WellDataPresent.sql                                               [Finished]
2015-05-27 15:53:47  Well\WellHederWithRemarks.sql                                                    [Finished]
2015-05-27 15:54:52  Well_Dir_Srvy_Station\WellDataPresent.sql                                        [Finished]
2015-05-27 15:55:23  Well_Dir_Srvy\WellSurveys.sql                                                    [Finished]
2015-05-27 15:58:03  GX_ZONE\WellZoneAttributeValues.sql                                              [Finished]
2015-05-27 15:58:21  WELL_ZONE_INTERVAL\WellZoneInterval.sql                                          [Finished]
2015-05-27 15:58:33  WELL_ZONE_INTRVL_VALUE\WellZoneIntrvlValue.sql                                   [Finished]
2015-05-27 15:58:35  FORMATION\OrderedFormations.sql                                                  [Finished]
2015-05-27 16:00:48  WELL_ZONE_INTRVL_VALUE\WellZoneIntrvValueWithDepthsOuterJoin2.sql                [Finished]
2015-05-27 16:00:48  ====================================================================================================
2015-05-27 16:00:48  Results
2015-05-27 16:00:48  ====================================================================================================
2015-05-27 16:00:48  Comparing => FORMATION\FormationLookup.sql_1.xml
2015-05-27 16:00:48  Comparing => GX_PDEN_VOL_SUM_BY_MONTH\AllocatedMonthlyProduction.sql_1.xml
2015-05-27 16:00:48  Comparing => GX_PDEN_VOL_SUM_BY_MONTH\AllocatedMonthlyProductionTest.sql_1.xml
2015-05-27 16:00:48  Comparing => GX_PDEN_VOL_SUM_BY_MONTH\WellMonthlyProduction.sql_1.xml
2015-05-27 16:00:48  Comparing => GX_PDEN_VOL_SUM_BY_MONTH\WellMonthlyCumProduction.sql_1.xml
2015-05-27 16:00:48  Comparing => GX_PDEN_VOL_SUM_BY_MONTH\WellProduction.sql_1.xml
2015-05-27 16:00:48  Comparing => FORMATION\DistinctFormations.sql_1.xml
2015-05-27 16:00:48  Comparing => FORMATION\DistinctFormationsWithActive.sql_1.xml
2015-05-27 16:00:48  Comparing => GGX_MICROSEISMIC_MSEVENT\MicroseismicEvents.sql_1.xml
2015-05-27 16:00:48  Comparing => GX_PDEN_VOL_SUM_BY_MONTH\WellMonthlyYTDProduction.sql_1.xml
2015-05-27 16:00:48  Comparing => GX_WELL_SYNTHETIC\WellSynthetic.sql_1.xml
2015-05-27 16:00:48  Comparing => GGX_MICROSEISMIC_PRESSURE\MicroseismicPressures.sql_1.xml
2015-05-27 16:00:48  Comparing => GX_WELL_SYNTHETIC\VelocitySurveysWithSynthetics.sql_1.xml
2015-05-27 16:00:48  Comparing => GX_ZONE\GXZone.sql_1.xml
2015-05-27 16:00:48  Comparing => GX_ZATTRIBUTE\GXZAttribute.sql_1.xml
2015-05-27 16:00:48  Comparing => FORMATION\FormationSources.sql_1.xml
2015-05-27 16:00:48  Comparing => GX_PDEN_VOL_SUM_BY_MONTH\WellMonthlyProductionByZoneAli.sql_1.xml
2015-05-27 16:00:48  Comparing => R_SOURCE\DistinctSources.sql_1.xml
2015-05-27 16:00:48  Comparing => GX_ZONE_ZATTRIBUTE\GXZoneZAttribute.sql_1.xml
2015-05-27 16:00:48  Comparing => R_SOURCE\FaultsSources.sql_1.xml
2015-05-27 16:00:48  Comparing => STRATIGRAPHIC_COLUMN\STRATIGRAPHIC_COLUMN.sql_1.xml
2015-05-27 16:00:48  Comparing => R_SOURCE\FormationSources.sql_1.xml
2015-05-27 16:00:48  Comparing => GX_PDEN_VOL_SUM_BY_MONTH\WellCumulativeProduction.sql_1.xml
2015-05-27 16:00:48  Comparing => TUBING\WellTubing.sql_1.xml
2015-05-27 16:00:48  Comparing => Well\LocationGeodatic.sql_1.xml
2015-05-27 16:00:48  Comparing => Well\WellStatuses.sql_1.xml
2015-05-27 16:00:48  Comparing => GX_PRODUCTION_TEST\WellProductionTest.sql_1.xml
2015-05-27 16:00:48  Comparing => Well\WellSurveyBH.sql_1.xml
2015-05-27 16:00:48  Comparing => CASING\WellCasing.sql_1.xml
2015-05-27 16:00:48  Comparing => Well\WorkoversCAP.sql_1.xml
2015-05-27 16:00:48  Comparing => WELL_CHECKSHOT_DETAIL\WellCheckshotDetail.sql_1.xml
2015-05-27 16:00:48  Comparing => Well\WellHeaderAndBlob.sql_1.xml
2015-05-27 16:00:48  Comparing => WELL_CHECKSHOT_DETAIL\WellVelocities.sql_1.xml
2015-05-27 16:00:48  Comparing => WELL_CHECKSHOT_SURVEY\WellCheckshotSurvey.sql_1.xml
2015-05-27 16:00:48  Comparing => Well\WellSurveyPicks.sql_1.xml
2015-05-27 16:00:48  Comparing => Well\WellHeader.sql_1.xml
2015-05-27 16:00:48  Comparing => WELL_CHECKSHOT_SURVEY\VelocitySurveysWithSynthetics.sql_1.xml
2015-05-27 16:00:48  Comparing => WELL_DIR_PROPOSED_SRVY\WellProposedSurveyDir.sql_1.xml
2015-05-27 16:00:48  Comparing => WELL_DIR_PROPOSED_SRVY_STATION\ProposedSurveyStations.sql_1.xml
2015-05-27 16:00:49  Comparing => R_SOURCE\FormationsOrderedBySource.sql_1.xml
2015-05-27 16:00:49  Comparing => Well_Dir_Srvy\DSS_Well.sql_1.xml
2015-05-27 16:00:49  Comparing => WELL_CORE_SAMPLE_ANAL\WellCoreAnalysis.sql_1.xml
2015-05-27 16:00:49  Comparing => Well\WellHeaderAndLocation.sql_1.xml
2015-05-27 16:00:49  Comparing => Well\Workovers.sql_1.xml
2015-05-27 16:00:49  Comparing => Well_Dir_Srvy\WorkoversCAP.sql_1.xml
2015-05-27 16:00:49  Comparing => Well_Dir_Srvy\WellSurveyDir.sql_1.xml
2015-05-27 16:00:49  Comparing => Well_Dir_Srvy\Workovers12.sql_1.xml
2015-05-27 16:00:49  Comparing => WELL_CORE\WellCoreDesc.sql_1.xml
2015-05-27 16:00:49  Comparing => WELL_FAULT\Faults.sql_1.xml
2015-05-27 16:00:49  Comparing => Well_Dir_Srvy\Workovers.sql_1.xml
2015-05-27 16:00:49  Comparing => WELL_TEST\DSTChamberTest.sql_1.xml
2015-05-27 16:00:49  Comparing => WELL_TEST\DSTFluidPropertiesTest.sql_1.xml
2015-05-27 16:00:49  Comparing => WELL_TEST\DSTsTest.sql_1.xml
2015-05-27 16:00:49  Comparing => WELL_TEST\DSTSurfacesTest.sql_1.xml
2015-05-27 16:00:49  Comparing => WELL_TEST\DSTHeader.sql_1.xml
2015-05-27 16:00:49  Comparing => WELL_TEST\DSTPipesTest.sql_1.xml
2015-05-27 16:00:49  Comparing => WELL_TEST\InitialPotentials.sql_1.xml
2015-05-27 16:00:49  Comparing => Well_Dir_Srvy\WellDataPresent.sql_1.xml
2015-05-27 16:00:49  Comparing => Well\WellDataPresent.sql_1.xml
2015-05-27 16:00:49  Comparing => WELL_TEST_ANALYSIS\DistinctFluidType.sql_1.xml
2015-05-27 16:00:49  Comparing => WELL_TEST_ANALYSIS\DSTFluidProperties.sql_1.xml
2015-05-27 16:00:49  Comparing => Well_Dir_Srvy_Station\DSS_SurveyStations.sql_1.xml
2015-05-27 16:00:49  Comparing => WELL_TEST\DSTPressureTest.sql_1.xml
2015-05-27 16:00:49  Comparing => Well_Dir_Srvy_Station\SurveyStations.sql_1.xml
2015-05-27 16:00:49  Comparing => WELL_TEST_FORMATION\DistinctTestedFormations.sql_1.xml
2015-05-27 16:00:49  Comparing => WELL_TEST_FORMATION\DSTChamberTest.sql_1.xml
2015-05-27 16:00:49  Comparing => WELL_TEST_FLOW\DSTSurfaces.sql_1.xml
2015-05-27 16:00:49  Comparing => WELL_TEST_FLOW\DSTSurfacesTest.sql_1.xml
2015-05-27 16:00:49  Comparing => WELL_TEST_FORMATION\WellTestFormations.sql_1.xml
2015-05-27 16:00:49  Comparing => WELL_TEST_MUD\DSTMud.sql_1.xml
2015-05-27 16:00:49  Comparing => WELL_TEST_ANALYSIS\DSTFluidPropertiesTest.sql_1.xml
2015-05-27 16:00:49  Comparing => WELL_TEST_FORMATION\DSTSurfacesTest.sql_1.xml
2015-05-27 16:00:49  Comparing => WELL_TEST_FORMATION\DSTHeader.sql_1.xml
2015-05-27 16:00:49  Comparing => WELL_TEST_RECOVERY\DSTChamber.sql_1.xml
2015-05-27 16:00:49  Comparing => WELL_TEST_FORMATION\DSTFluidPropertiesTest.sql_1.xml
2015-05-27 16:00:49  Comparing => WELL_TEST_RECOVERY\DSTChamberTest.sql_1.xml
2015-05-27 16:00:49  Comparing => WELL_TEST_FORMATION\DSTPipesTest.sql_1.xml
2015-05-27 16:00:49  Comparing => WELL_TEST_PRESSURE\DSTPressures.sql_1.xml
2015-05-27 16:00:49  Comparing => WELL_TEST_RECOVERY\DSTPipes.sql_1.xml
2015-05-27 16:00:49  Comparing => WELL_TREATMENT\WellTreatment.sql_1.xml
2015-05-27 16:00:49  Comparing => WELL_TEST_RECOVERY\DSTPipesTest.sql_1.xml
2015-05-27 16:00:49  Comparing => WELL_TEST_PRESSURE\DSTPressureTest.sql_1.xml
2015-05-27 16:00:49  Comparing => WELL_TEST_FORMATION\DSTPressureTest.sql_1.xml
2015-05-27 16:00:49  Comparing => WELL_TREATMENT\WellDataPresent.sql_1.xml
2015-05-27 16:00:49  Comparing => Well\WellHederWithRemarks.sql_1.xml
2015-05-27 16:00:49  Comparing => Well_Dir_Srvy_Station\WellDataPresent.sql_1.xml
2015-05-27 16:00:49  Comparing => Well_Dir_Srvy\WellSurveys.sql_1.xml
2015-05-27 16:00:49  Comparing => GX_ZONE\WellZoneAttributeValues.sql_1.xml
2015-05-27 16:00:49  Comparing => WELL_ZONE_INTERVAL\WellZoneInterval.sql_1.xml
2015-05-27 16:00:49  Comparing => WELL_ZONE_INTRVL_VALUE\WellZoneIntrvlValue.sql_1.xml
2015-05-27 16:00:49  Comparing => FORMATION\OrderedFormations.sql_1.xml
2015-05-27 16:00:49  Comparing => WELL_ZONE_INTRVL_VALUE\WellZoneIntrvValueWithDepthsOuterJoin2.sql_1.xml
2015-05-27 16:00:50  GGX_MICROSEISMIC_MSEVENT\MicroseismicEvents.sql_1.xml                            [Pass]
2015-05-27 16:00:50  GX_PDEN_VOL_SUM_BY_MONTH\WellMonthlyCumProduction.sql_1.xml                      [Pass]
2015-05-27 16:00:50  GX_WELL_SYNTHETIC\WellSynthetic.sql_1.xml                                        [Pass]
2015-05-27 16:00:50  FORMATION\DistinctFormations.sql_1.xml                                           [Pass]
2015-05-27 16:00:53  GGX_MICROSEISMIC_PRESSURE\MicroseismicPressures.sql_1.xml                        [Pass]
2015-05-27 16:00:53  GX_PDEN_VOL_SUM_BY_MONTH\WellMonthlyYTDProduction.sql_1.xml                      [Pass]
2015-05-27 16:00:53  GX_WELL_SYNTHETIC\VelocitySurveysWithSynthetics.sql_1.xml                        [Pass]
2015-05-27 16:00:53  FORMATION\DistinctFormationsWithActive.sql_1.xml                                 [Pass]
2015-05-27 16:00:54  FORMATION\FormationLookup.sql_1.xml                                              [Pass]
2015-05-27 16:00:54  GX_ZONE\GXZone.sql_1.xml                                                         [Pass]
2015-05-27 16:00:54  R_SOURCE\DistinctSources.sql_1.xml                                               [Pass]
2015-05-27 16:00:55  GX_ZATTRIBUTE\GXZAttribute.sql_1.xml                                             [Pass]
2015-05-27 16:00:56  STRATIGRAPHIC_COLUMN\STRATIGRAPHIC_COLUMN.sql_1.xml                              [Pass]
2015-05-27 16:00:56  GX_ZONE_ZATTRIBUTE\GXZoneZAttribute.sql_1.xml                                    [Pass]
2015-05-27 16:01:01  GX_PDEN_VOL_SUM_BY_MONTH\WellProduction.sql_1.xml                                [Pass]
2015-05-27 16:01:01  R_SOURCE\FaultsSources.sql_1.xml                                                 [Pass]
2015-05-27 16:01:18  GX_PDEN_VOL_SUM_BY_MONTH\WellCumulativeProduction.sql_1.xml                      [Pass]
2015-05-27 16:01:19  Well\WellStatuses.sql_1.xml                                                      [Pass]
2015-05-27 16:01:36  GX_PDEN_VOL_SUM_BY_MONTH\AllocatedMonthlyProductionTest.sql_1.xml                [Pass]
2015-05-27 16:01:37  GX_PDEN_VOL_SUM_BY_MONTH\WellMonthlyProductionByZoneAli.sql_1.xml                [Pass]
2015-05-27 16:01:44  R_SOURCE\FormationSources.sql_1.xml                                              [Pass]
2015-05-27 16:01:44  Well\WorkoversCAP.sql_1.xml                                                      [Pass]
2015-05-27 16:01:45  WELL_CHECKSHOT_DETAIL\WellCheckshotDetail.sql_1.xml                              [Pass]
2015-05-27 16:01:47  FORMATION\FormationSources.sql_1.xml                                             [Pass]
2015-05-27 16:01:48  WELL_CHECKSHOT_DETAIL\WellVelocities.sql_1.xml                                   [Pass]
2015-05-27 16:01:48  WELL_CHECKSHOT_SURVEY\WellCheckshotSurvey.sql_1.xml                              [Pass]
2015-05-27 16:01:54  GX_PDEN_VOL_SUM_BY_MONTH\WellMonthlyProduction.sql_1.xml                         [Pass]
2015-05-27 16:01:57  GX_PDEN_VOL_SUM_BY_MONTH\AllocatedMonthlyProduction.sql_1.xml                    [Pass]
2015-05-27 16:01:57  WELL_CHECKSHOT_SURVEY\VelocitySurveysWithSynthetics.sql_1.xml                    [Pass]
2015-05-27 16:01:57  WELL_DIR_PROPOSED_SRVY\WellProposedSurveyDir.sql_1.xml                           [Pass]
2015-05-27 16:01:57  WELL_DIR_PROPOSED_SRVY_STATION\ProposedSurveyStations.sql_1.xml                  [Pass]
2015-05-27 16:03:10  Well\LocationGeodatic.sql_1.xml                                                  [Pass]
2015-05-27 16:04:22  TUBING\WellTubing.sql_1.xml                                                      [Pass]
2015-05-27 16:04:24  WELL_CORE_SAMPLE_ANAL\WellCoreAnalysis.sql_1.xml                                 [Pass]
2015-05-27 16:07:25  Well\WellSurveyBH.sql_1.xml                                                      [Pass]
2015-05-27 16:07:45  Well\Workovers.sql_1.xml                                                         [Pass]
2015-05-27 16:07:46  Well_Dir_Srvy\WorkoversCAP.sql_1.xml                                             [Pass]
2015-05-27 16:13:02  Well_Dir_Srvy\DSS_Well.sql_1.xml                                                 [Pass]
2015-05-27 16:13:03  Well_Dir_Srvy\Workovers12.sql_1.xml                                              [Pass]
2015-05-27 16:13:41  GX_PRODUCTION_TEST\WellProductionTest.sql_1.xml                                  [Pass]
2015-05-27 16:13:41  WELL_FAULT\Faults.sql_1.xml                                                      [Pass]
2015-05-27 16:14:00  Well_Dir_Srvy\Workovers.sql_1.xml                                                [Pass]
2015-05-27 16:14:01  WELL_TEST\DSTChamberTest.sql_1.xml                                               [Pass]
2015-05-27 16:15:53  WELL_TEST\DSTFluidPropertiesTest.sql_1.xml                                       [Pass]
2015-05-27 16:16:32  Well\WellSurveyPicks.sql_1.xml                                                   [Pass]
2015-05-27 16:16:55  WELL_TEST\DSTSurfacesTest.sql_1.xml                                              [Pass]
2015-05-27 16:17:55  WELL_TEST\DSTsTest.sql_1.xml                                                     [Pass]
2015-05-27 16:18:33  Well_Dir_Srvy\WellSurveyDir.sql_1.xml                                            [Pass]
2015-05-27 16:19:03  WELL_TEST\DSTHeader.sql_1.xml                                                    [Pass]
2015-05-27 16:19:52  WELL_TEST\DSTPipesTest.sql_1.xml                                                 [Pass]
2015-05-27 16:20:00  Well_Dir_Srvy\WellDataPresent.sql_1.xml                                          [Pass]
2015-05-27 16:20:00  WELL_TEST_ANALYSIS\DistinctFluidType.sql_1.xml                                   [Pass]
2015-05-27 16:20:56  Well\WellDataPresent.sql_1.xml                                                   [Pass]
2015-05-27 16:21:27  WELL_TEST_ANALYSIS\DSTFluidProperties.sql_1.xml                                  [Pass]
2015-05-27 16:22:05  CASING\WellCasing.sql_1.xml                                                      [Pass]
2015-05-27 16:23:56  WELL_CORE\WellCoreDesc.sql_1.xml                                                 [Pass]
2015-05-27 16:23:56  WELL_TEST_FORMATION\DistinctTestedFormations.sql_1.xml                           [Pass]
2015-05-27 16:23:56  WELL_TEST_FORMATION\DSTChamberTest.sql_1.xml                                     [Pass]
2015-05-27 16:24:15  WELL_TEST_FLOW\DSTSurfaces.sql_1.xml                                             [Pass]
2015-05-27 16:24:39  WELL_TEST_FLOW\DSTSurfacesTest.sql_1.xml                                         [Pass]
2015-05-27 16:24:39  WELL_TEST_FORMATION\WellTestFormations.sql_1.xml                                 [Pass]
2015-05-27 16:24:39  WELL_TEST_MUD\DSTMud.sql_1.xml                                                   [Pass]
2015-05-27 16:26:30  WELL_TEST_ANALYSIS\DSTFluidPropertiesTest.sql_1.xml                              [Pass]
2015-05-27 16:26:55  WELL_TEST_FORMATION\DSTSurfacesTest.sql_1.xml                                    [Pass]
2015-05-27 16:27:10  WELL_TEST\DSTPressureTest.sql_1.xml                                              [Pass]
2015-05-27 16:27:10  WELL_TEST_RECOVERY\DSTChamber.sql_1.xml                                          [Pass]
2015-05-27 16:29:04  WELL_TEST_FORMATION\DSTHeader.sql_1.xml                                          [Pass]
2015-05-27 16:29:04  WELL_TEST_RECOVERY\DSTChamberTest.sql_1.xml                                      [Pass]
2015-05-27 16:29:12  WELL_TEST_FORMATION\DSTFluidPropertiesTest.sql_1.xml                             [Pass]
2015-05-27 16:30:33  Well\WellHeader.sql_1.xml                                                        [Pass]
2015-05-27 16:30:48  WELL_TEST_FORMATION\DSTPipesTest.sql_1.xml                                       [Pass]
2015-05-27 16:30:49  WELL_TREATMENT\WellTreatment.sql_1.xml                                           [Pass]
2015-05-27 16:31:59  WELL_TEST_RECOVERY\DSTPipes.sql_1.xml                                            [Pass]
2015-05-27 16:32:02  Exception occured in XML compare text: 3 != 1
2015-05-27 16:32:02  WELL_TEST_PRESSURE\DSTPressureTest.sql_1.xml                                     [Fail]
2015-05-27 16:32:33  WELL_TEST_RECOVERY\DSTPipesTest.sql_1.xml                                        [Pass]
2015-05-27 16:33:32  WELL_TREATMENT\WellDataPresent.sql_1.xml                                         [Pass]
2015-05-27 16:33:40  WELL_TEST_PRESSURE\DSTPressures.sql_1.xml                                        [Pass]
2015-05-27 16:34:25  Well\WellHeaderAndBlob.sql_1.xml                                                 [Pass]
2015-05-27 16:34:40  Well_Dir_Srvy_Station\WellDataPresent.sql_1.xml                                  [Pass]
2015-05-27 16:37:42  Well\WellHeaderAndLocation.sql_1.xml                                             [Pass]
2015-05-27 16:38:30  WELL_TEST_FORMATION\DSTPressureTest.sql_1.xml                                    [Pass]
2015-05-27 16:39:03  WELL_TEST\InitialPotentials.sql_1.xml                                            [Pass]
2015-05-27 16:58:10  Well\WellHederWithRemarks.sql_1.xml                                              [Pass]
2015-05-27 17:03:00  R_SOURCE\FormationsOrderedBySource.sql_1.xml                                     [Pass]
2015-05-27 17:10:38  WELL_ZONE_INTRVL_VALUE\WellZoneIntrvlValue.sql_1.xml                             [Pass]
2015-05-27 17:16:18  Well_Dir_Srvy_Station\DSS_SurveyStations.sql_1.xml                               [Pass]
2015-05-27 17:23:55  Well_Dir_Srvy_Station\SurveyStations.sql_1.xml                                   [Pass]
2015-05-27 17:29:34  WELL_ZONE_INTERVAL\WellZoneInterval.sql_1.xml                                    [Pass]
2015-05-27 18:00:27  Well_Dir_Srvy\WellSurveys.sql_1.xml                                              [Pass]
2015-05-27 18:35:37  WELL_ZONE_INTRVL_VALUE\WellZoneIntrvValueWithDepthsOuterJoin2.sql_1.xml          [Pass]
2015-05-27 18:47:27  GX_ZONE\WellZoneAttributeValues.sql_1.xml                                        [Pass]
2015-05-27 18:55:47  FORMATION\OrderedFormations.sql_1.xml                                            [Pass]
2015-05-27 18:55:47  ====================================================================================================
2015-05-27 18:55:47  91 passed out of 92
2015-05-27 18:55:47  Total elapsed time(secs) 12138.12
2015-05-27 18:55:47  ====================================================================================================
